Unity Editor version:    2021.3.29f1c1 (0b77087ad835)
Branch:                  2021.3/china_unity/release
Build type:              Release
Batch mode:              YES
macOS version:           Version 13.5.1 (Build 22G90)
Darwin version:          22.6.0
Architecture:            arm64
Running under Rosetta:   NO
Available memory:        16384 MB
Using pre-set license
Pro License: YES

COMMAND LINE ARGUMENTS:
/Applications/Unity/Hub/Editor/2021.3.29f1c1/Unity.app/Contents/MacOS/Unity
-adb2
-batchMode
-noUpm
-name
AssetImportWorker0
-projectPath
/Users/shuangsu/UnityProject/Day9
-logFile
Logs/AssetImportWorker0.log
-srvPort
54331
Successfully changed project path to: /Users/shuangsu/UnityProject/Day9
/Users/shuangsu/UnityProject/Day9
[UnityMemory] Configuration Parameters - Can be set up in boot.config
    "memorysetup-bucket-allocator-granularity=16"
    "memorysetup-bucket-allocator-bucket-count=8"
    "memorysetup-bucket-allocator-block-size=33554432"
    "memorysetup-bucket-allocator-block-count=8"
    "memorysetup-main-allocator-block-size=16777216"
    "memorysetup-thread-allocator-block-size=16777216"
    "memorysetup-gfx-main-allocator-block-size=16777216"
    "memorysetup-gfx-thread-allocator-block-size=16777216"
    "memorysetup-cache-allocator-block-size=4194304"
    "memorysetup-typetree-allocator-block-size=2097152"
    "memorysetup-profiler-bucket-allocator-granularity=16"
    "memorysetup-profiler-bucket-allocator-bucket-count=8"
    "memorysetup-profiler-bucket-allocator-block-size=33554432"
    "memorysetup-profiler-bucket-allocator-block-count=8"
    "memorysetup-profiler-allocator-block-size=16777216"
    "memorysetup-profiler-editor-allocator-block-size=1048576"
    "memorysetup-temp-allocator-size-main=16777216"
    "memorysetup-job-temp-allocator-block-size=2097152"
    "memorysetup-job-temp-allocator-block-size-background=1048576"
    "memorysetup-job-temp-allocator-reduction-small-platforms=262144"
    "memorysetup-temp-allocator-size-background-worker=32768"
    "memorysetup-temp-allocator-size-job-worker=262144"
    "memorysetup-temp-allocator-size-preload-manager=33554432"
    "memorysetup-temp-allocator-size-nav-mesh-worker=65536"
    "memorysetup-temp-allocator-size-audio-worker=65536"
    "memorysetup-temp-allocator-size-cloud-worker=32768"
    "memorysetup-temp-allocator-size-gi-baking-worker=262144"
    "memorysetup-temp-allocator-size-gfx=262144"
Player connection [8544149632] Host "[IP] 192.168.50.77 [Port] 0 [Flags] 2 [Guid] 672094570 [EditorId] 672094570 [Version] 1048832 [Id] OSXEditor(0,PrismdeMacBook-Pro.local) [Debug] 1 [PackageName] OSXEditor [ProjectName] Editor" joined multi-casting on [225.0.0.222:54997]...

Player connection [8544149632] Host "[IP] 192.168.50.77 [Port] 0 [Flags] 2 [Guid] 672094570 [EditorId] 672094570 [Version] 1048832 [Id] OSXEditor(0,PrismdeMacBook-Pro.local) [Debug] 1 [PackageName] OSXEditor [ProjectName] Editor" joined alternative multi-casting on [225.0.0.222:34997]...

AS: AutoStreaming module initializing.
Refreshing native plugins compatible for Editor in 70.11 ms, found 2 plugins.
Preloading 0 native plugins for Editor in 0.00 ms.
Initialize engine version: 2021.3.29f1c1 (0b77087ad835)
[Subsystems] Discovering subsystems at path /Applications/Unity/Hub/Editor/2021.3.29f1c1/Unity.app/Contents/Resources/UnitySubsystems
[Subsystems] Discovering subsystems at path /Users/shuangsu/UnityProject/Day9/Assets
GfxDevice: creating device client; threaded=0; jobified=0
 preferred device: Apple M1 Pro (high power)
Metal devices available: 1
0: Apple M1 Pro (high power)
Using device Apple M1 Pro (high power)
Initializing Metal device caps: Apple M1 Pro
Initialize mono
Mono path[0] = '/Applications/Unity/Hub/Editor/2021.3.29f1c1/Unity.app/Contents/Managed'
Mono path[1] = '/Applications/Unity/Hub/Editor/2021.3.29f1c1/Unity.app/Contents/MonoBleedingEdge/lib/mono/unityjit-macos'
Mono config path = '/Applications/Unity/Hub/Editor/2021.3.29f1c1/Unity.app/Contents/MonoBleedingEdge/etc'
Using monoOptions --debugger-agent=transport=dt_socket,embedding=1,server=y,suspend=n,address=127.0.0.1:56259
Begin MonoManager ReloadAssembly
Registering precompiled unity dll's ...
Register platform support module: /Applications/Unity/Hub/Editor/2021.3.29f1c1/Unity.app/Contents/PlaybackEngines/MacStandaloneSupport/UnityEditor.OSXStandalone.Extensions.dll
Register platform support module: /Applications/Unity/Hub/Editor/2021.3.29f1c1/PlaybackEngines/AndroidPlayer/UnityEditor.Android.Extensions.dll
Register platform support module: /Applications/Unity/Hub/Editor/2021.3.29f1c1/PlaybackEngines/iOSSupport/UnityEditor.iOS.Extensions.dll
Registered in 0.001452 seconds.
[usbmuxd] Start listen thread
[usbmuxd] Listen thread started
[usbmuxd] Send listen message
Native extension for iOS target not found
Native extension for Android target not found
Android Extension - Scanning For ADB Devices 89 ms
Native extension for OSXStandalone target not found
Refreshing native plugins compatible for Editor in 74.23 ms, found 2 plugins.
Preloading 0 native plugins for Editor in 0.00 ms.
Mono: successfully reloaded assembly
- Completed reload, in  0.616 seconds
Domain Reload Profiling:
	ReloadAssembly (617ms)
		BeginReloadAssembly (70ms)
			ExecutionOrderSort (0ms)
			DisableScriptedObjects (0ms)
			BackupInstance (0ms)
			ReleaseScriptingObjects (0ms)
			CreateAndSetChildDomain (0ms)
		EndReloadAssembly (493ms)
			LoadAssemblies (72ms)
			RebuildTransferFunctionScriptingTraits (0ms)
			SetupTypeCache (68ms)
			ReleaseScriptCaches (0ms)
			RebuildScriptCaches (21ms)
			SetupLoadedEditorAssemblies (377ms)
				LogAssemblyErrors (0ms)
				InitializePlatformSupportModulesInManaged (237ms)
				SetLoadedEditorAssemblies (0ms)
				RefreshPlugins (74ms)
				BeforeProcessingInitializeOnLoad (1ms)
				ProcessInitializeOnLoadAttributes (42ms)
				ProcessInitializeOnLoadMethodAttributes (22ms)
				AfterProcessingInitializeOnLoad (0ms)
				EditorAssembliesLoaded (0ms)
			ExecutionOrderSort2 (0ms)
			AwakeInstancesAfterBackupRestoration (0ms)
Platform modules already initialized, skipping
Registering precompiled user dll's ...
Registered in 0.001552 seconds.
Begin MonoManager ReloadAssembly
Symbol file LoadedFromMemory doesn't match image /Users/shuangsu/UnityProject/Day9/Library/PackageCache/com.unity.visualscripting@1.8.0/Editor/VisualScripting.Core/Dependencies/YamlDotNet/Unity.VisualScripting.YamlDotNet.dll
Symbol file LoadedFromMemory doesn't match image /Users/shuangsu/UnityProject/Day9/Library/PackageCache/com.unity.visualscripting@1.8.0/Editor/VisualScripting.Core/Dependencies/DotNetZip/Unity.VisualScripting.IonicZip.dll
Native extension for iOS target not found
Native extension for Android target not found
Native extension for OSXStandalone target not found
Refreshing native plugins compatible for Editor in 73.33 ms, found 2 plugins.
Preloading 0 native plugins for Editor in 0.00 ms.
Package Manager log level set to [2]
[Package Manager] Server::EnsureServerProcessIsRunning -- launch failed, reason: Unity was launched with the -noUpm command-line argument
[Package Manager] Cannot connect to Unity Package Manager local server
[Package Manager] Server::EnsureServerProcessIsRunning -- launch failed, reason: Unity was launched with the -noUpm command-line argument
[Package Manager] Cannot connect to Unity Package Manager local server
System.Reflection.TargetInvocationException: Exception has been thrown by the target of an invocation. ---> System.NullReferenceException: Object reference not set to an instance of an object
  at Ximmerse.XR.SDKEditorUtility.GetXimmerseXRSDKPackageInfo () [0x0000f] in /Users/shuangsu/UnityProject/Ximmerse_UnityXR_SDK_V1.7.4/Editor/EditorUtilities/SDKEditorUtility.cs:83 
  at Ximmerse.XR.SDKEditorUtility.InitializeEditor () [0x00000] in /Users/shuangsu/UnityProject/Ximmerse_UnityXR_SDK_V1.7.4/Editor/EditorUtilities/SDKEditorUtility.cs:62 
  at (wrapper managed-to-native) System.Reflection.RuntimeMethodInfo.InternalInvoke(System.Reflection.RuntimeMethodInfo,object,object[],System.Exception&)
  at System.Reflection.RuntimeMethodInfo.Invoke (System.Object obj, System.Reflection.BindingFlags invokeAttr, System.Reflection.Binder binder, System.Object[] parameters, System.Globalization.CultureInfo culture) [0x0006a] in <f78378fc25024256ba9c49776f5e810c>:0 
   --- End of inner exception stack trace ---
  at System.Reflection.RuntimeMethodInfo.Invoke (System.Object obj, System.Reflection.BindingFlags invokeAttr, System.Reflection.Binder binder, System.Object[] parameters, System.Globalization.CultureInfo culture) [0x00083] in <f78378fc25024256ba9c49776f5e810c>:0 
  at System.Reflection.MethodBase.Invoke (System.Object obj, System.Object[] parameters) [0x00000] in <f78378fc25024256ba9c49776f5e810c>:0 
  at UnityEditor.EditorAssemblies.ProcessInitializeOnLoadMethodAttributes () [0x000a5] in /Users/unity/sharedspace/ra_2021.3/Editor/Mono/EditorAssemblies.cs:147 
UnityEngine.StackTraceUtility:ExtractStackTrace () (at /Users/unity/sharedspace/ra_2021.3/Runtime/Export/Scripting/StackTrace.cs:37)
UnityEngine.DebugLogHandler:LogFormat (UnityEngine.LogType,UnityEngine.Object,string,object[])
UnityEngine.Logger:Log (UnityEngine.LogType,object)
UnityEngine.Debug:LogError (object)
UnityEditor.EditorAssemblies:ProcessInitializeOnLoadMethodAttributes () (at /Users/unity/sharedspace/ra_2021.3/Editor/Mono/EditorAssemblies.cs:151)

(Filename: /Users/unity/sharedspace/ra_2021.3/Editor/Mono/EditorAssemblies.cs Line: 151)

Mono: successfully reloaded assembly
- Completed reload, in  1.009 seconds
Domain Reload Profiling:
	ReloadAssembly (1009ms)
		BeginReloadAssembly (62ms)
			ExecutionOrderSort (0ms)
			DisableScriptedObjects (3ms)
			BackupInstance (0ms)
			ReleaseScriptingObjects (0ms)
			CreateAndSetChildDomain (12ms)
		EndReloadAssembly (886ms)
			LoadAssemblies (62ms)
			RebuildTransferFunctionScriptingTraits (0ms)
			SetupTypeCache (178ms)
			ReleaseScriptCaches (0ms)
			RebuildScriptCaches (42ms)
			SetupLoadedEditorAssemblies (573ms)
				LogAssemblyErrors (0ms)
				InitializePlatformSupportModulesInManaged (20ms)
				SetLoadedEditorAssemblies (0ms)
				RefreshPlugins (73ms)
				BeforeProcessingInitializeOnLoad (66ms)
				ProcessInitializeOnLoadAttributes (143ms)
				ProcessInitializeOnLoadMethodAttributes (270ms)
				AfterProcessingInitializeOnLoad (1ms)
				EditorAssembliesLoaded (0ms)
			ExecutionOrderSort2 (0ms)
			AwakeInstancesAfterBackupRestoration (2ms)
Platform modules already initialized, skipping
========================================================================
Worker process is ready to serve import requests
Launching external process: /Applications/Unity/Hub/Editor/2021.3.29f1c1/Unity.app/Contents/Tools/UnityShaderCompiler
Launched and connected shader compiler UnityShaderCompiler after 0.05 seconds
Refreshing native plugins compatible for Editor in 0.39 ms, found 2 plugins.
Preloading 0 native plugins for Editor in 0.00 ms.
Unloading 4444 Unused Serialized files (Serialized files now loaded: 0)
Unloading 35 unused Assets / (40.3 KB). Loaded Objects now: 4904.
Memory consumption went from 159.9 MB to 159.8 MB.
Total: 2.552291 ms (FindLiveObjects: 0.133708 ms CreateObjectMapping: 0.055125 ms MarkObjects: 2.282459 ms  DeleteObjects: 0.080208 ms)

AssetImportParameters requested are different than current active one (requested -> active):
  custom:video-decoder-ogg-theora: a1e56fd34408186e4bbccfd4996cb3dc -> 
  custom:container-muxer-webm: aa71ff27fc2769a1b78a27578f13a17b -> 
  custom:container-demuxer-webm: 4f35f7cbe854078d1ac9338744f61a02 -> 
  custom:video-encoder-webm-vp8: eb34c28f22e8b96e1ab97ce403110664 -> 
  custom:framework-osx-AVFoundation: e770b220cccbd017edd2c1fefb359320 -> 
  custom:CustomObjectIndexerAttribute: bc11b3a6c3213fcdd17b65e7da85e133 -> 
  custom:audio-encoder-webm-vorbis: bf7c407c2cedff20999df2af8eb42d56 -> 
  custom:container-demuxer-ogg: 62fdf1f143b41e24485cea50d1cbac27 -> 
  custom:video-decoder-webm-vp8: 9c59270c3fd7afecdb556c50c9e8de78 -> 
  custom:audio-decoder-ogg-vorbis: bf7c407c2cedff20999df2af8eb42d56 -> 
========================================================================
Received Prepare
Registering precompiled user dll's ...
Registered in 0.001340 seconds.
Begin MonoManager ReloadAssembly
Thread 0x17fdc7000 may have been prematurely finalized
Symbol file LoadedFromMemory doesn't match image /Users/shuangsu/UnityProject/Day9/Library/PackageCache/com.unity.visualscripting@1.8.0/Editor/VisualScripting.Core/Dependencies/YamlDotNet/Unity.VisualScripting.YamlDotNet.dll
Symbol file LoadedFromMemory doesn't match image /Users/shuangsu/UnityProject/Day9/Library/PackageCache/com.unity.visualscripting@1.8.0/Editor/VisualScripting.Core/Dependencies/DotNetZip/Unity.VisualScripting.IonicZip.dll
Native extension for iOS target not found
Native extension for Android target not found
Native extension for OSXStandalone target not found
Refreshing native plugins compatible for Editor in 0.40 ms, found 2 plugins.
Preloading 0 native plugins for Editor in 0.00 ms.
CreateSerializedAsset is not supported while importing out-of-process
UnityEngine.StackTraceUtility:ExtractStackTrace () (at /Users/unity/sharedspace/ra_2021.3/Runtime/Export/Scripting/StackTrace.cs:37)
Unity.XR.CoreUtils.ScriptableSettingsBase`1<UnityEngine.XR.Interaction.Toolkit.InteractionLayerSettings>:CreateInstanceAsset (string) (at Library/PackageCache/com.unity.xr.core-utils@2.2.1/Runtime/ScriptableSettingsBase.cs:285)
Unity.XR.CoreUtils.ScriptableSettingsBase`1<UnityEngine.XR.Interaction.Toolkit.InteractionLayerSettings>:Save (string) (at Library/PackageCache/com.unity.xr.core-utils@2.2.1/Runtime/ScriptableSettingsBase.cs:210)
Unity.XR.CoreUtils.ScriptableSettings`1<UnityEngine.XR.Interaction.Toolkit.InteractionLayerSettings>:CreateAndLoad () (at Library/PackageCache/com.unity.xr.core-utils@2.2.1/Runtime/ScriptableSettings.cs:45)
Unity.XR.CoreUtils.ScriptableSettings`1<UnityEngine.XR.Interaction.Toolkit.InteractionLayerSettings>:get_Instance () (at Library/PackageCache/com.unity.xr.core-utils@2.2.1/Runtime/ScriptableSettings.cs:25)
UnityEditor.XR.Interaction.Toolkit.Samples.StarterAssetsSampleProjectValidation:.cctor () (at Assets/Samples/XR Interaction Toolkit/2.4.0/Starter Assets/Editor/Scripts/StarterAssetsSampleProjectValidation.cs:22)
System.Reflection.RuntimeMethodInfo:Invoke (object,System.Reflection.BindingFlags,System.Reflection.Binder,object[],System.Globalization.CultureInfo)
System.Reflection.MethodBase:Invoke (object,object[])
UnityEditor.EditorAssemblies:ProcessInitializeOnLoadMethodAttributes () (at /Users/unity/sharedspace/ra_2021.3/Editor/Mono/EditorAssemblies.cs:147)

[Assets/Samples/XR Interaction Toolkit/2.4.0/Starter Assets/Editor/Scripts/StarterAssetsSampleProjectValidation.cs line 22]

Exception caught trying to create path.
UnityEngine.UnityException: Creating asset at path Assets/XRI/Settings/Resources/InteractionLayerSettings.asset failed.
  at (wrapper managed-to-native) UnityEditor.AssetDatabase.CreateAsset(UnityEngine.Object,string)
  at Unity.XR.CoreUtils.ScriptableSettingsBase`1[T].CreateInstanceAsset (System.String savePath) [0x0002a] in /Users/shuangsu/UnityProject/Day9/Library/PackageCache/com.unity.xr.core-utils@2.2.1/Runtime/ScriptableSettingsBase.cs:285 
  at Unity.XR.CoreUtils.ScriptableSettingsBase`1[T].Save (System.String savePathFormat) [0x00067] in /Users/shuangsu/UnityProject/Day9/Library/PackageCache/com.unity.xr.core-utils@2.2.1/Runtime/ScriptableSettingsBase.cs:210 
UnityEngine.StackTraceUtility:ExtractStackTrace () (at /Users/unity/sharedspace/ra_2021.3/Runtime/Export/Scripting/StackTrace.cs:37)
UnityEngine.DebugLogHandler:LogFormat (UnityEngine.LogType,UnityEngine.Object,string,object[])
UnityEngine.Logger:Log (UnityEngine.LogType,object,UnityEngine.Object)
UnityEngine.Debug:LogWarning (object,UnityEngine.Object)
Unity.XR.CoreUtils.XRLoggingUtils:LogWarning (string,UnityEngine.Object) (at Library/PackageCache/com.unity.xr.core-utils@2.2.1/Runtime/XRLoggingUtils.cs:45)
Unity.XR.CoreUtils.ScriptableSettingsBase`1<UnityEngine.XR.Interaction.Toolkit.InteractionLayerSettings>:Save (string) (at Library/PackageCache/com.unity.xr.core-utils@2.2.1/Runtime/ScriptableSettingsBase.cs:214)
Unity.XR.CoreUtils.ScriptableSettings`1<UnityEngine.XR.Interaction.Toolkit.InteractionLayerSettings>:CreateAndLoad () (at Library/PackageCache/com.unity.xr.core-utils@2.2.1/Runtime/ScriptableSettings.cs:45)
Unity.XR.CoreUtils.ScriptableSettings`1<UnityEngine.XR.Interaction.Toolkit.InteractionLayerSettings>:get_Instance () (at Library/PackageCache/com.unity.xr.core-utils@2.2.1/Runtime/ScriptableSettings.cs:25)
UnityEditor.XR.Interaction.Toolkit.Samples.StarterAssetsSampleProjectValidation:.cctor () (at Assets/Samples/XR Interaction Toolkit/2.4.0/Starter Assets/Editor/Scripts/StarterAssetsSampleProjectValidation.cs:22)
System.Reflection.RuntimeMethodInfo:Invoke (object,System.Reflection.BindingFlags,System.Reflection.Binder,object[],System.Globalization.CultureInfo)
System.Reflection.MethodBase:Invoke (object,object[])
UnityEditor.EditorAssemblies:ProcessInitializeOnLoadMethodAttributes () (at /Users/unity/sharedspace/ra_2021.3/Editor/Mono/EditorAssemblies.cs:147)

(Filename: Library/PackageCache/com.unity.xr.core-utils@2.2.1/Runtime/XRLoggingUtils.cs Line: 45)

The path 'Assets/XRI/Settings' is invalid. Generating a path instead.
UnityEngine.StackTraceUtility:ExtractStackTrace () (at /Users/unity/sharedspace/ra_2021.3/Runtime/Export/Scripting/StackTrace.cs:37)
UnityEngine.DebugLogHandler:LogFormat (UnityEngine.LogType,UnityEngine.Object,string,object[])
UnityEngine.Logger:Log (UnityEngine.LogType,object,UnityEngine.Object)
UnityEngine.Debug:LogWarning (object,UnityEngine.Object)
Unity.XR.CoreUtils.XRLoggingUtils:LogWarning (string,UnityEngine.Object) (at Library/PackageCache/com.unity.xr.core-utils@2.2.1/Runtime/XRLoggingUtils.cs:45)
Unity.XR.CoreUtils.ScriptableSettingsBase`1<UnityEngine.XR.Interaction.Toolkit.InteractionLayerSettings>:Save (string) (at Library/PackageCache/com.unity.xr.core-utils@2.2.1/Runtime/ScriptableSettingsBase.cs:220)
Unity.XR.CoreUtils.ScriptableSettings`1<UnityEngine.XR.Interaction.Toolkit.InteractionLayerSettings>:CreateAndLoad () (at Library/PackageCache/com.unity.xr.core-utils@2.2.1/Runtime/ScriptableSettings.cs:45)
Unity.XR.CoreUtils.ScriptableSettings`1<UnityEngine.XR.Interaction.Toolkit.InteractionLayerSettings>:get_Instance () (at Library/PackageCache/com.unity.xr.core-utils@2.2.1/Runtime/ScriptableSettings.cs:25)
UnityEditor.XR.Interaction.Toolkit.Samples.StarterAssetsSampleProjectValidation:.cctor () (at Assets/Samples/XR Interaction Toolkit/2.4.0/Starter Assets/Editor/Scripts/StarterAssetsSampleProjectValidation.cs:22)
System.Reflection.RuntimeMethodInfo:Invoke (object,System.Reflection.BindingFlags,System.Reflection.Binder,object[],System.Globalization.CultureInfo)
System.Reflection.MethodBase:Invoke (object,object[])
UnityEditor.EditorAssemblies:ProcessInitializeOnLoadMethodAttributes () (at /Users/unity/sharedspace/ra_2021.3/Editor/Mono/EditorAssemblies.cs:147)

(Filename: Library/PackageCache/com.unity.xr.core-utils@2.2.1/Runtime/XRLoggingUtils.cs Line: 45)

Error saving  (UnityEngine.XR.Interaction.Toolkit.InteractionLayerSettings). Could not get a MonoScript from the instance
UnityEngine.StackTraceUtility:ExtractStackTrace () (at /Users/unity/sharedspace/ra_2021.3/Runtime/Export/Scripting/StackTrace.cs:37)
UnityEngine.DebugLogHandler:LogFormat (UnityEngine.LogType,UnityEngine.Object,string,object[])
UnityEngine.Logger:Log (UnityEngine.LogType,object,UnityEngine.Object)
UnityEngine.Debug:LogWarning (object,UnityEngine.Object)
Unity.XR.CoreUtils.XRLoggingUtils:LogWarning (string,UnityEngine.Object) (at Library/PackageCache/com.unity.xr.core-utils@2.2.1/Runtime/XRLoggingUtils.cs:45)
Unity.XR.CoreUtils.ScriptableSettingsBase`1<UnityEngine.XR.Interaction.Toolkit.InteractionLayerSettings>:Save (string) (at Library/PackageCache/com.unity.xr.core-utils@2.2.1/Runtime/ScriptableSettingsBase.cs:230)
Unity.XR.CoreUtils.ScriptableSettings`1<UnityEngine.XR.Interaction.Toolkit.InteractionLayerSettings>:CreateAndLoad () (at Library/PackageCache/com.unity.xr.core-utils@2.2.1/Runtime/ScriptableSettings.cs:45)
Unity.XR.CoreUtils.ScriptableSettings`1<UnityEngine.XR.Interaction.Toolkit.InteractionLayerSettings>:get_Instance () (at Library/PackageCache/com.unity.xr.core-utils@2.2.1/Runtime/ScriptableSettings.cs:25)
UnityEditor.XR.Interaction.Toolkit.Samples.StarterAssetsSampleProjectValidation:.cctor () (at Assets/Samples/XR Interaction Toolkit/2.4.0/Starter Assets/Editor/Scripts/StarterAssetsSampleProjectValidation.cs:22)
System.Reflection.RuntimeMethodInfo:Invoke (object,System.Reflection.BindingFlags,System.Reflection.Binder,object[],System.Globalization.CultureInfo)
System.Reflection.MethodBase:Invoke (object,object[])
UnityEditor.EditorAssemblies:ProcessInitializeOnLoadMethodAttributes () (at /Users/unity/sharedspace/ra_2021.3/Editor/Mono/EditorAssemblies.cs:147)

(Filename: Library/PackageCache/com.unity.xr.core-utils@2.2.1/Runtime/XRLoggingUtils.cs Line: 45)

System.Reflection.TargetInvocationException: Exception has been thrown by the target of an invocation. ---> System.TypeInitializationException: The type initializer for 'UnityEditor.XR.Interaction.Toolkit.Samples.StarterAssetsSampleProjectValidation' threw an exception. ---> System.NullReferenceException: Object reference not set to an instance of an object
  at UnityEditor.XR.Interaction.Toolkit.Samples.StarterAssetsSampleProjectValidation..cctor () [0x00023] in /Users/shuangsu/UnityProject/Day9/Assets/Samples/XR Interaction Toolkit/2.4.0/Starter Assets/Editor/Scripts/StarterAssetsSampleProjectValidation.cs:22 
   --- End of inner exception stack trace ---
  at (wrapper managed-to-native) System.Object.__icall_wrapper_mono_gc_wbarrier_generic_nostore_internal(intptr)
  at (wrapper write-barrier) System.Object.wbarrier_conc(intptr)
  at (wrapper managed-to-native) System.Reflection.RuntimeMethodInfo.InternalInvoke(System.Reflection.RuntimeMethodInfo,object,object[],System.Exception&)
  at System.Reflection.RuntimeMethodInfo.Invoke (System.Object obj, System.Reflection.BindingFlags invokeAttr, System.Reflection.Binder binder, System.Object[] parameters, System.Globalization.CultureInfo culture) [0x0006a] in <f78378fc25024256ba9c49776f5e810c>:0 
   --- End of inner exception stack trace ---
  at System.Reflection.RuntimeMethodInfo.Invoke (System.Object obj, System.Reflection.BindingFlags invokeAttr, System.Reflection.Binder binder, System.Object[] parameters, System.Globalization.CultureInfo culture) [0x00083] in <f78378fc25024256ba9c49776f5e810c>:0 
  at System.Reflection.MethodBase.Invoke (System.Object obj, System.Object[] parameters) [0x00000] in <f78378fc25024256ba9c49776f5e810c>:0 
  at UnityEditor.EditorAssemblies.ProcessInitializeOnLoadMethodAttributes () [0x000a5] in /Users/unity/sharedspace/ra_2021.3/Editor/Mono/EditorAssemblies.cs:147 
UnityEngine.StackTraceUtility:ExtractStackTrace () (at /Users/unity/sharedspace/ra_2021.3/Runtime/Export/Scripting/StackTrace.cs:37)
UnityEngine.DebugLogHandler:LogFormat (UnityEngine.LogType,UnityEngine.Object,string,object[])
UnityEngine.Logger:Log (UnityEngine.LogType,object)
UnityEngine.Debug:LogError (object)
UnityEditor.EditorAssemblies:ProcessInitializeOnLoadMethodAttributes () (at /Users/unity/sharedspace/ra_2021.3/Editor/Mono/EditorAssemblies.cs:151)

(Filename: /Users/unity/sharedspace/ra_2021.3/Editor/Mono/EditorAssemblies.cs Line: 151)

[Package Manager] Server::EnsureServerProcessIsRunning -- launch failed, reason: Unity was launched with the -noUpm command-line argument
[Package Manager] Cannot connect to Unity Package Manager local server
[Package Manager] Server::EnsureServerProcessIsRunning -- launch failed, reason: Unity was launched with the -noUpm command-line argument
[Package Manager] Cannot connect to Unity Package Manager local server
[Package Manager] Server::EnsureServerProcessIsRunning -- launch failed, reason: Unity was launched with the -noUpm command-line argument
[Package Manager] Cannot connect to Unity Package Manager local server
[Package Manager] Server::EnsureServerProcessIsRunning -- launch failed, reason: Unity was launched with the -noUpm command-line argument
[Package Manager] Cannot connect to Unity Package Manager local server
System.Reflection.TargetInvocationException: Exception has been thrown by the target of an invocation. ---> System.NullReferenceException: Object reference not set to an instance of an object
  at Ximmerse.XR.SDKEditorUtility.GetXimmerseXRSDKPackageInfo () [0x0000f] in /Users/shuangsu/UnityProject/Ximmerse_UnityXR_SDK_V1.7.4/Editor/EditorUtilities/SDKEditorUtility.cs:83 
  at Ximmerse.XR.SDKEditorUtility.InitializeEditor () [0x00000] in /Users/shuangsu/UnityProject/Ximmerse_UnityXR_SDK_V1.7.4/Editor/EditorUtilities/SDKEditorUtility.cs:62 
  at (wrapper managed-to-native) System.Reflection.RuntimeMethodInfo.InternalInvoke(System.Reflection.RuntimeMethodInfo,object,object[],System.Exception&)
  at System.Reflection.RuntimeMethodInfo.Invoke (System.Object obj, System.Reflection.BindingFlags invokeAttr, System.Reflection.Binder binder, System.Object[] parameters, System.Globalization.CultureInfo culture) [0x0006a] in <f78378fc25024256ba9c49776f5e810c>:0 
   --- End of inner exception stack trace ---
  at System.Reflection.RuntimeMethodInfo.Invoke (System.Object obj, System.Reflection.BindingFlags invokeAttr, System.Reflection.Binder binder, System.Object[] parameters, System.Globalization.CultureInfo culture) [0x00083] in <f78378fc25024256ba9c49776f5e810c>:0 
  at System.Reflection.MethodBase.Invoke (System.Object obj, System.Object[] parameters) [0x00000] in <f78378fc25024256ba9c49776f5e810c>:0 
  at UnityEditor.EditorAssemblies.ProcessInitializeOnLoadMethodAttributes () [0x000a5] in /Users/unity/sharedspace/ra_2021.3/Editor/Mono/EditorAssemblies.cs:147 
UnityEngine.StackTraceUtility:ExtractStackTrace () (at /Users/unity/sharedspace/ra_2021.3/Runtime/Export/Scripting/StackTrace.cs:37)
UnityEngine.DebugLogHandler:LogFormat (UnityEngine.LogType,UnityEngine.Object,string,object[])
UnityEngine.Logger:Log (UnityEngine.LogType,object)
UnityEngine.Debug:LogError (object)
UnityEditor.EditorAssemblies:ProcessInitializeOnLoadMethodAttributes () (at /Users/unity/sharedspace/ra_2021.3/Editor/Mono/EditorAssemblies.cs:151)

(Filename: /Users/unity/sharedspace/ra_2021.3/Editor/Mono/EditorAssemblies.cs Line: 151)

Mono: successfully reloaded assembly
- Completed reload, in  0.869 seconds
Domain Reload Profiling:
	ReloadAssembly (869ms)
		BeginReloadAssembly (71ms)
			ExecutionOrderSort (0ms)
			DisableScriptedObjects (2ms)
			BackupInstance (0ms)
			ReleaseScriptingObjects (0ms)
			CreateAndSetChildDomain (18ms)
		EndReloadAssembly (751ms)
			LoadAssemblies (39ms)
			RebuildTransferFunctionScriptingTraits (0ms)
			SetupTypeCache (160ms)
			ReleaseScriptCaches (1ms)
			RebuildScriptCaches (27ms)
			SetupLoadedEditorAssemblies (490ms)
				LogAssemblyErrors (0ms)
				InitializePlatformSupportModulesInManaged (52ms)
				SetLoadedEditorAssemblies (0ms)
				RefreshPlugins (0ms)
				BeforeProcessingInitializeOnLoad (37ms)
				ProcessInitializeOnLoadAttributes (116ms)
				ProcessInitializeOnLoadMethodAttributes (282ms)
				AfterProcessingInitializeOnLoad (1ms)
				EditorAssembliesLoaded (0ms)
			ExecutionOrderSort2 (0ms)
			AwakeInstancesAfterBackupRestoration (2ms)
Platform modules already initialized, skipping
Refreshing native plugins compatible for Editor in 1.14 ms, found 2 plugins.
Preloading 0 native plugins for Editor in 0.00 ms.
Unloading 4435 Unused Serialized files (Serialized files now loaded: 0)
Unloading 24 unused Assets / (22.1 KB). Loaded Objects now: 4909.
Memory consumption went from 158.7 MB to 158.7 MB.
Total: 2.540583 ms (FindLiveObjects: 0.137791 ms CreateObjectMapping: 0.054417 ms MarkObjects: 2.314500 ms  DeleteObjects: 0.033375 ms)

AssetImportParameters requested are different than current active one (requested -> active):
  custom:video-decoder-ogg-theora: a1e56fd34408186e4bbccfd4996cb3dc -> 
  custom:container-muxer-webm: aa71ff27fc2769a1b78a27578f13a17b -> 
  custom:container-demuxer-webm: 4f35f7cbe854078d1ac9338744f61a02 -> 
  custom:video-encoder-webm-vp8: eb34c28f22e8b96e1ab97ce403110664 -> 
  custom:framework-osx-AVFoundation: e770b220cccbd017edd2c1fefb359320 -> 
  custom:CustomObjectIndexerAttribute: bc11b3a6c3213fcdd17b65e7da85e133 -> 
  custom:audio-encoder-webm-vorbis: bf7c407c2cedff20999df2af8eb42d56 -> 
  custom:container-demuxer-ogg: 62fdf1f143b41e24485cea50d1cbac27 -> 
  custom:video-decoder-webm-vp8: 9c59270c3fd7afecdb556c50c9e8de78 -> 
  custom:audio-decoder-ogg-vorbis: bf7c407c2cedff20999df2af8eb42d56 -> 
========================================================================
Received Prepare
Refreshing native plugins compatible for Editor in 4.73 ms, found 2 plugins.
Preloading 0 native plugins for Editor in 0.00 ms.
Unloading 24 Unused Serialized files (Serialized files now loaded: 0)
Unloading 24 unused Assets / (21.9 KB). Loaded Objects now: 4909.
Memory consumption went from 70.1 MB to 70.1 MB.
Total: 2.368750 ms (FindLiveObjects: 0.138750 ms CreateObjectMapping: 0.054417 ms MarkObjects: 2.161584 ms  DeleteObjects: 0.013500 ms)

AssetImportParameters requested are different than current active one (requested -> active):
  custom:video-decoder-ogg-theora: a1e56fd34408186e4bbccfd4996cb3dc -> 
  custom:container-muxer-webm: aa71ff27fc2769a1b78a27578f13a17b -> 
  custom:container-demuxer-webm: 4f35f7cbe854078d1ac9338744f61a02 -> 
  custom:video-encoder-webm-vp8: eb34c28f22e8b96e1ab97ce403110664 -> 
  custom:framework-osx-AVFoundation: e770b220cccbd017edd2c1fefb359320 -> 
  custom:CustomObjectIndexerAttribute: bc11b3a6c3213fcdd17b65e7da85e133 -> 
  custom:audio-encoder-webm-vorbis: bf7c407c2cedff20999df2af8eb42d56 -> 
  custom:container-demuxer-ogg: 62fdf1f143b41e24485cea50d1cbac27 -> 
  custom:video-decoder-webm-vp8: 9c59270c3fd7afecdb556c50c9e8de78 -> 
  custom:audio-decoder-ogg-vorbis: bf7c407c2cedff20999df2af8eb42d56 -> 
========================================================================
Received Prepare
Refreshing native plugins compatible for Editor in 1.89 ms, found 2 plugins.
Preloading 0 native plugins for Editor in 0.00 ms.
Unloading 24 Unused Serialized files (Serialized files now loaded: 0)
Unloading 24 unused Assets / (22.9 KB). Loaded Objects now: 4909.
Memory consumption went from 69.8 MB to 69.8 MB.
Total: 2.344292 ms (FindLiveObjects: 0.139166 ms CreateObjectMapping: 0.056375 ms MarkObjects: 2.132250 ms  DeleteObjects: 0.016292 ms)

AssetImportParameters requested are different than current active one (requested -> active):
  custom:video-decoder-ogg-theora: a1e56fd34408186e4bbccfd4996cb3dc -> 
  custom:container-muxer-webm: aa71ff27fc2769a1b78a27578f13a17b -> 
  custom:container-demuxer-webm: 4f35f7cbe854078d1ac9338744f61a02 -> 
  custom:video-encoder-webm-vp8: eb34c28f22e8b96e1ab97ce403110664 -> 
  custom:framework-osx-AVFoundation: e770b220cccbd017edd2c1fefb359320 -> 
  custom:CustomObjectIndexerAttribute: bc11b3a6c3213fcdd17b65e7da85e133 -> 
  custom:audio-encoder-webm-vorbis: bf7c407c2cedff20999df2af8eb42d56 -> 
  custom:container-demuxer-ogg: 62fdf1f143b41e24485cea50d1cbac27 -> 
  custom:video-decoder-webm-vp8: 9c59270c3fd7afecdb556c50c9e8de78 -> 
  custom:audio-decoder-ogg-vorbis: bf7c407c2cedff20999df2af8eb42d56 -> 
========================================================================
Received Prepare
Registering precompiled user dll's ...
Registered in 0.001407 seconds.
Begin MonoManager ReloadAssembly
Thread 0x17e407000 may have been prematurely finalized
Symbol file LoadedFromMemory doesn't match image /Users/shuangsu/UnityProject/Day9/Library/PackageCache/com.unity.visualscripting@1.8.0/Editor/VisualScripting.Core/Dependencies/YamlDotNet/Unity.VisualScripting.YamlDotNet.dll
Symbol file LoadedFromMemory doesn't match image /Users/shuangsu/UnityProject/Day9/Library/PackageCache/com.unity.visualscripting@1.8.0/Editor/VisualScripting.Core/Dependencies/DotNetZip/Unity.VisualScripting.IonicZip.dll
Native extension for iOS target not found
Native extension for Android target not found
Native extension for OSXStandalone target not found
Refreshing native plugins compatible for Editor in 0.43 ms, found 2 plugins.
Preloading 0 native plugins for Editor in 0.00 ms.
CreateSerializedAsset is not supported while importing out-of-process
UnityEngine.StackTraceUtility:ExtractStackTrace () (at /Users/unity/sharedspace/ra_2021.3/Runtime/Export/Scripting/StackTrace.cs:37)
Unity.XR.CoreUtils.ScriptableSettingsBase`1<UnityEngine.XR.Interaction.Toolkit.InteractionLayerSettings>:CreateInstanceAsset (string) (at Library/PackageCache/com.unity.xr.core-utils@2.2.1/Runtime/ScriptableSettingsBase.cs:285)
Unity.XR.CoreUtils.ScriptableSettingsBase`1<UnityEngine.XR.Interaction.Toolkit.InteractionLayerSettings>:Save (string) (at Library/PackageCache/com.unity.xr.core-utils@2.2.1/Runtime/ScriptableSettingsBase.cs:210)
Unity.XR.CoreUtils.ScriptableSettings`1<UnityEngine.XR.Interaction.Toolkit.InteractionLayerSettings>:CreateAndLoad () (at Library/PackageCache/com.unity.xr.core-utils@2.2.1/Runtime/ScriptableSettings.cs:45)
Unity.XR.CoreUtils.ScriptableSettings`1<UnityEngine.XR.Interaction.Toolkit.InteractionLayerSettings>:get_Instance () (at Library/PackageCache/com.unity.xr.core-utils@2.2.1/Runtime/ScriptableSettings.cs:25)
UnityEditor.XR.Interaction.Toolkit.Samples.StarterAssetsSampleProjectValidation:.cctor () (at Assets/Samples/XR Interaction Toolkit/2.4.0/Starter Assets/Editor/Scripts/StarterAssetsSampleProjectValidation.cs:22)
System.Reflection.RuntimeMethodInfo:Invoke (object,System.Reflection.BindingFlags,System.Reflection.Binder,object[],System.Globalization.CultureInfo)
System.Reflection.MethodBase:Invoke (object,object[])
UnityEditor.EditorAssemblies:ProcessInitializeOnLoadMethodAttributes () (at /Users/unity/sharedspace/ra_2021.3/Editor/Mono/EditorAssemblies.cs:147)

[Assets/Samples/XR Interaction Toolkit/2.4.0/Starter Assets/Editor/Scripts/StarterAssetsSampleProjectValidation.cs line 22]

Exception caught trying to create path.
UnityEngine.UnityException: Creating asset at path Assets/XRI/Settings/Resources/InteractionLayerSettings.asset failed.
  at (wrapper managed-to-native) UnityEditor.AssetDatabase.CreateAsset(UnityEngine.Object,string)
  at Unity.XR.CoreUtils.ScriptableSettingsBase`1[T].CreateInstanceAsset (System.String savePath) [0x0002a] in /Users/shuangsu/UnityProject/Day9/Library/PackageCache/com.unity.xr.core-utils@2.2.1/Runtime/ScriptableSettingsBase.cs:285 
  at Unity.XR.CoreUtils.ScriptableSettingsBase`1[T].Save (System.String savePathFormat) [0x00067] in /Users/shuangsu/UnityProject/Day9/Library/PackageCache/com.unity.xr.core-utils@2.2.1/Runtime/ScriptableSettingsBase.cs:210 
UnityEngine.StackTraceUtility:ExtractStackTrace () (at /Users/unity/sharedspace/ra_2021.3/Runtime/Export/Scripting/StackTrace.cs:37)
UnityEngine.DebugLogHandler:LogFormat (UnityEngine.LogType,UnityEngine.Object,string,object[])
UnityEngine.Logger:Log (UnityEngine.LogType,object,UnityEngine.Object)
UnityEngine.Debug:LogWarning (object,UnityEngine.Object)
Unity.XR.CoreUtils.XRLoggingUtils:LogWarning (string,UnityEngine.Object) (at Library/PackageCache/com.unity.xr.core-utils@2.2.1/Runtime/XRLoggingUtils.cs:45)
Unity.XR.CoreUtils.ScriptableSettingsBase`1<UnityEngine.XR.Interaction.Toolkit.InteractionLayerSettings>:Save (string) (at Library/PackageCache/com.unity.xr.core-utils@2.2.1/Runtime/ScriptableSettingsBase.cs:214)
Unity.XR.CoreUtils.ScriptableSettings`1<UnityEngine.XR.Interaction.Toolkit.InteractionLayerSettings>:CreateAndLoad () (at Library/PackageCache/com.unity.xr.core-utils@2.2.1/Runtime/ScriptableSettings.cs:45)
Unity.XR.CoreUtils.ScriptableSettings`1<UnityEngine.XR.Interaction.Toolkit.InteractionLayerSettings>:get_Instance () (at Library/PackageCache/com.unity.xr.core-utils@2.2.1/Runtime/ScriptableSettings.cs:25)
UnityEditor.XR.Interaction.Toolkit.Samples.StarterAssetsSampleProjectValidation:.cctor () (at Assets/Samples/XR Interaction Toolkit/2.4.0/Starter Assets/Editor/Scripts/StarterAssetsSampleProjectValidation.cs:22)
System.Reflection.RuntimeMethodInfo:Invoke (object,System.Reflection.BindingFlags,System.Reflection.Binder,object[],System.Globalization.CultureInfo)
System.Reflection.MethodBase:Invoke (object,object[])
UnityEditor.EditorAssemblies:ProcessInitializeOnLoadMethodAttributes () (at /Users/unity/sharedspace/ra_2021.3/Editor/Mono/EditorAssemblies.cs:147)

(Filename: Library/PackageCache/com.unity.xr.core-utils@2.2.1/Runtime/XRLoggingUtils.cs Line: 45)

The path 'Assets/XRI/Settings' is invalid. Generating a path instead.
UnityEngine.StackTraceUtility:ExtractStackTrace () (at /Users/unity/sharedspace/ra_2021.3/Runtime/Export/Scripting/StackTrace.cs:37)
UnityEngine.DebugLogHandler:LogFormat (UnityEngine.LogType,UnityEngine.Object,string,object[])
UnityEngine.Logger:Log (UnityEngine.LogType,object,UnityEngine.Object)
UnityEngine.Debug:LogWarning (object,UnityEngine.Object)
Unity.XR.CoreUtils.XRLoggingUtils:LogWarning (string,UnityEngine.Object) (at Library/PackageCache/com.unity.xr.core-utils@2.2.1/Runtime/XRLoggingUtils.cs:45)
Unity.XR.CoreUtils.ScriptableSettingsBase`1<UnityEngine.XR.Interaction.Toolkit.InteractionLayerSettings>:Save (string) (at Library/PackageCache/com.unity.xr.core-utils@2.2.1/Runtime/ScriptableSettingsBase.cs:220)
Unity.XR.CoreUtils.ScriptableSettings`1<UnityEngine.XR.Interaction.Toolkit.InteractionLayerSettings>:CreateAndLoad () (at Library/PackageCache/com.unity.xr.core-utils@2.2.1/Runtime/ScriptableSettings.cs:45)
Unity.XR.CoreUtils.ScriptableSettings`1<UnityEngine.XR.Interaction.Toolkit.InteractionLayerSettings>:get_Instance () (at Library/PackageCache/com.unity.xr.core-utils@2.2.1/Runtime/ScriptableSettings.cs:25)
UnityEditor.XR.Interaction.Toolkit.Samples.StarterAssetsSampleProjectValidation:.cctor () (at Assets/Samples/XR Interaction Toolkit/2.4.0/Starter Assets/Editor/Scripts/StarterAssetsSampleProjectValidation.cs:22)
System.Reflection.RuntimeMethodInfo:Invoke (object,System.Reflection.BindingFlags,System.Reflection.Binder,object[],System.Globalization.CultureInfo)
System.Reflection.MethodBase:Invoke (object,object[])
UnityEditor.EditorAssemblies:ProcessInitializeOnLoadMethodAttributes () (at /Users/unity/sharedspace/ra_2021.3/Editor/Mono/EditorAssemblies.cs:147)

(Filename: Library/PackageCache/com.unity.xr.core-utils@2.2.1/Runtime/XRLoggingUtils.cs Line: 45)

Error saving  (UnityEngine.XR.Interaction.Toolkit.InteractionLayerSettings). Could not get a MonoScript from the instance
UnityEngine.StackTraceUtility:ExtractStackTrace () (at /Users/unity/sharedspace/ra_2021.3/Runtime/Export/Scripting/StackTrace.cs:37)
UnityEngine.DebugLogHandler:LogFormat (UnityEngine.LogType,UnityEngine.Object,string,object[])
UnityEngine.Logger:Log (UnityEngine.LogType,object,UnityEngine.Object)
UnityEngine.Debug:LogWarning (object,UnityEngine.Object)
Unity.XR.CoreUtils.XRLoggingUtils:LogWarning (string,UnityEngine.Object) (at Library/PackageCache/com.unity.xr.core-utils@2.2.1/Runtime/XRLoggingUtils.cs:45)
Unity.XR.CoreUtils.ScriptableSettingsBase`1<UnityEngine.XR.Interaction.Toolkit.InteractionLayerSettings>:Save (string) (at Library/PackageCache/com.unity.xr.core-utils@2.2.1/Runtime/ScriptableSettingsBase.cs:230)
Unity.XR.CoreUtils.ScriptableSettings`1<UnityEngine.XR.Interaction.Toolkit.InteractionLayerSettings>:CreateAndLoad () (at Library/PackageCache/com.unity.xr.core-utils@2.2.1/Runtime/ScriptableSettings.cs:45)
Unity.XR.CoreUtils.ScriptableSettings`1<UnityEngine.XR.Interaction.Toolkit.InteractionLayerSettings>:get_Instance () (at Library/PackageCache/com.unity.xr.core-utils@2.2.1/Runtime/ScriptableSettings.cs:25)
UnityEditor.XR.Interaction.Toolkit.Samples.StarterAssetsSampleProjectValidation:.cctor () (at Assets/Samples/XR Interaction Toolkit/2.4.0/Starter Assets/Editor/Scripts/StarterAssetsSampleProjectValidation.cs:22)
System.Reflection.RuntimeMethodInfo:Invoke (object,System.Reflection.BindingFlags,System.Reflection.Binder,object[],System.Globalization.CultureInfo)
System.Reflection.MethodBase:Invoke (object,object[])
UnityEditor.EditorAssemblies:ProcessInitializeOnLoadMethodAttributes () (at /Users/unity/sharedspace/ra_2021.3/Editor/Mono/EditorAssemblies.cs:147)

(Filename: Library/PackageCache/com.unity.xr.core-utils@2.2.1/Runtime/XRLoggingUtils.cs Line: 45)

System.Reflection.TargetInvocationException: Exception has been thrown by the target of an invocation. ---> System.TypeInitializationException: The type initializer for 'UnityEditor.XR.Interaction.Toolkit.Samples.StarterAssetsSampleProjectValidation' threw an exception. ---> System.NullReferenceException: Object reference not set to an instance of an object
  at UnityEditor.XR.Interaction.Toolkit.Samples.StarterAssetsSampleProjectValidation..cctor () [0x00023] in /Users/shuangsu/UnityProject/Day9/Assets/Samples/XR Interaction Toolkit/2.4.0/Starter Assets/Editor/Scripts/StarterAssetsSampleProjectValidation.cs:22 
   --- End of inner exception stack trace ---
  at (wrapper managed-to-native) System.Object.__icall_wrapper_mono_gc_wbarrier_generic_nostore_internal(intptr)
  at (wrapper write-barrier) System.Object.wbarrier_conc(intptr)
  at (wrapper managed-to-native) System.Reflection.RuntimeMethodInfo.InternalInvoke(System.Reflection.RuntimeMethodInfo,object,object[],System.Exception&)
  at System.Reflection.RuntimeMethodInfo.Invoke (System.Object obj, System.Reflection.BindingFlags invokeAttr, System.Reflection.Binder binder, System.Object[] parameters, System.Globalization.CultureInfo culture) [0x0006a] in <f78378fc25024256ba9c49776f5e810c>:0 
   --- End of inner exception stack trace ---
  at System.Reflection.RuntimeMethodInfo.Invoke (System.Object obj, System.Reflection.BindingFlags invokeAttr, System.Reflection.Binder binder, System.Object[] parameters, System.Globalization.CultureInfo culture) [0x00083] in <f78378fc25024256ba9c49776f5e810c>:0 
  at System.Reflection.MethodBase.Invoke (System.Object obj, System.Object[] parameters) [0x00000] in <f78378fc25024256ba9c49776f5e810c>:0 
  at UnityEditor.EditorAssemblies.ProcessInitializeOnLoadMethodAttributes () [0x000a5] in /Users/unity/sharedspace/ra_2021.3/Editor/Mono/EditorAssemblies.cs:147 
UnityEngine.StackTraceUtility:ExtractStackTrace () (at /Users/unity/sharedspace/ra_2021.3/Runtime/Export/Scripting/StackTrace.cs:37)
UnityEngine.DebugLogHandler:LogFormat (UnityEngine.LogType,UnityEngine.Object,string,object[])
UnityEngine.Logger:Log (UnityEngine.LogType,object)
UnityEngine.Debug:LogError (object)
UnityEditor.EditorAssemblies:ProcessInitializeOnLoadMethodAttributes () (at /Users/unity/sharedspace/ra_2021.3/Editor/Mono/EditorAssemblies.cs:151)

(Filename: /Users/unity/sharedspace/ra_2021.3/Editor/Mono/EditorAssemblies.cs Line: 151)

[Package Manager] Server::EnsureServerProcessIsRunning -- launch failed, reason: Unity was launched with the -noUpm command-line argument
[Package Manager] Cannot connect to Unity Package Manager local server
[Package Manager] Server::EnsureServerProcessIsRunning -- launch failed, reason: Unity was launched with the -noUpm command-line argument
[Package Manager] Cannot connect to Unity Package Manager local server
[Package Manager] Server::EnsureServerProcessIsRunning -- launch failed, reason: Unity was launched with the -noUpm command-line argument
[Package Manager] Cannot connect to Unity Package Manager local server
System.Reflection.TargetInvocationException: Exception has been thrown by the target of an invocation. ---> System.NullReferenceException: Object reference not set to an instance of an object
  at Ximmerse.XR.SDKEditorUtility.GetXimmerseXRSDKPackageInfo () [0x0000f] in /Users/shuangsu/UnityProject/Ximmerse_UnityXR_SDK_V1.7.4/Editor/EditorUtilities/SDKEditorUtility.cs:83 
  at Ximmerse.XR.SDKEditorUtility.InitializeEditor () [0x00000] in /Users/shuangsu/UnityProject/Ximmerse_UnityXR_SDK_V1.7.4/Editor/EditorUtilities/SDKEditorUtility.cs:62 
  at (wrapper managed-to-native) System.Reflection.RuntimeMethodInfo.InternalInvoke(System.Reflection.RuntimeMethodInfo,object,object[],System.Exception&)
  at System.Reflection.RuntimeMethodInfo.Invoke (System.Object obj, System.Reflection.BindingFlags invokeAttr, System.Reflection.Binder binder, System.Object[] parameters, System.Globalization.CultureInfo culture) [0x0006a] in <f78378fc25024256ba9c49776f5e810c>:0 
   --- End of inner exception stack trace ---
  at System.Reflection.RuntimeMethodInfo.Invoke (System.Object obj, System.Reflection.BindingFlags invokeAttr, System.Reflection.Binder binder, System.Object[] parameters, System.Globalization.CultureInfo culture) [0x00083] in <f78378fc25024256ba9c49776f5e810c>:0 
  at System.Reflection.MethodBase.Invoke (System.Object obj, System.Object[] parameters) [0x00000] in <f78378fc25024256ba9c49776f5e810c>:0 
  at UnityEditor.EditorAssemblies.ProcessInitializeOnLoadMethodAttributes () [0x000a5] in /Users/unity/sharedspace/ra_2021.3/Editor/Mono/EditorAssemblies.cs:147 
UnityEngine.StackTraceUtility:ExtractStackTrace () (at /Users/unity/sharedspace/ra_2021.3/Runtime/Export/Scripting/StackTrace.cs:37)
UnityEngine.DebugLogHandler:LogFormat (UnityEngine.LogType,UnityEngine.Object,string,object[])
UnityEngine.Logger:Log (UnityEngine.LogType,object)
UnityEngine.Debug:LogError (object)
UnityEditor.EditorAssemblies:ProcessInitializeOnLoadMethodAttributes () (at /Users/unity/sharedspace/ra_2021.3/Editor/Mono/EditorAssemblies.cs:151)

(Filename: /Users/unity/sharedspace/ra_2021.3/Editor/Mono/EditorAssemblies.cs Line: 151)

Mono: successfully reloaded assembly
- Completed reload, in  0.894 seconds
Domain Reload Profiling:
	ReloadAssembly (894ms)
		BeginReloadAssembly (72ms)
			ExecutionOrderSort (0ms)
			DisableScriptedObjects (3ms)
			BackupInstance (0ms)
			ReleaseScriptingObjects (0ms)
			CreateAndSetChildDomain (20ms)
		EndReloadAssembly (776ms)
			LoadAssemblies (40ms)
			RebuildTransferFunctionScriptingTraits (0ms)
			SetupTypeCache (167ms)
			ReleaseScriptCaches (1ms)
			RebuildScriptCaches (27ms)
			SetupLoadedEditorAssemblies (504ms)
				LogAssemblyErrors (0ms)
				InitializePlatformSupportModulesInManaged (73ms)
				SetLoadedEditorAssemblies (0ms)
				RefreshPlugins (0ms)
				BeforeProcessingInitializeOnLoad (39ms)
				ProcessInitializeOnLoadAttributes (113ms)
				ProcessInitializeOnLoadMethodAttributes (277ms)
				AfterProcessingInitializeOnLoad (1ms)
				EditorAssembliesLoaded (0ms)
			ExecutionOrderSort2 (0ms)
			AwakeInstancesAfterBackupRestoration (2ms)
Platform modules already initialized, skipping
Refreshing native plugins compatible for Editor in 1.04 ms, found 2 plugins.
Preloading 0 native plugins for Editor in 0.00 ms.
Unloading 4435 Unused Serialized files (Serialized files now loaded: 0)
Unloading 24 unused Assets / (22.0 KB). Loaded Objects now: 4914.
Memory consumption went from 158.4 MB to 158.4 MB.
Total: 2.328875 ms (FindLiveObjects: 0.122166 ms CreateObjectMapping: 0.063500 ms MarkObjects: 2.125708 ms  DeleteObjects: 0.016958 ms)

AssetImportParameters requested are different than current active one (requested -> active):
  custom:video-decoder-ogg-theora: a1e56fd34408186e4bbccfd4996cb3dc -> 
  custom:container-muxer-webm: aa71ff27fc2769a1b78a27578f13a17b -> 
  custom:container-demuxer-webm: 4f35f7cbe854078d1ac9338744f61a02 -> 
  custom:video-encoder-webm-vp8: eb34c28f22e8b96e1ab97ce403110664 -> 
  custom:framework-osx-AVFoundation: e770b220cccbd017edd2c1fefb359320 -> 
  custom:CustomObjectIndexerAttribute: bc11b3a6c3213fcdd17b65e7da85e133 -> 
  custom:audio-encoder-webm-vorbis: bf7c407c2cedff20999df2af8eb42d56 -> 
  custom:container-demuxer-ogg: 62fdf1f143b41e24485cea50d1cbac27 -> 
  custom:video-decoder-webm-vp8: 9c59270c3fd7afecdb556c50c9e8de78 -> 
  custom:audio-decoder-ogg-vorbis: bf7c407c2cedff20999df2af8eb42d56 -> 
========================================================================
Received Prepare
Refreshing native plugins compatible for Editor in 4.43 ms, found 2 plugins.
Preloading 0 native plugins for Editor in 0.00 ms.
Unloading 24 Unused Serialized files (Serialized files now loaded: 0)
Unloading 24 unused Assets / (21.9 KB). Loaded Objects now: 4914.
Memory consumption went from 70.2 MB to 70.1 MB.
Total: 4.089916 ms (FindLiveObjects: 0.196500 ms CreateObjectMapping: 0.055958 ms MarkObjects: 3.818792 ms  DeleteObjects: 0.018541 ms)

AssetImportParameters requested are different than current active one (requested -> active):
  custom:video-decoder-ogg-theora: a1e56fd34408186e4bbccfd4996cb3dc -> 
  custom:container-muxer-webm: aa71ff27fc2769a1b78a27578f13a17b -> 
  custom:container-demuxer-webm: 4f35f7cbe854078d1ac9338744f61a02 -> 
  custom:video-encoder-webm-vp8: eb34c28f22e8b96e1ab97ce403110664 -> 
  custom:framework-osx-AVFoundation: e770b220cccbd017edd2c1fefb359320 -> 
  custom:CustomObjectIndexerAttribute: bc11b3a6c3213fcdd17b65e7da85e133 -> 
  custom:audio-encoder-webm-vorbis: bf7c407c2cedff20999df2af8eb42d56 -> 
  custom:container-demuxer-ogg: 62fdf1f143b41e24485cea50d1cbac27 -> 
  custom:video-decoder-webm-vp8: 9c59270c3fd7afecdb556c50c9e8de78 -> 
  custom:audio-decoder-ogg-vorbis: bf7c407c2cedff20999df2af8eb42d56 -> 
========================================================================
Received Prepare
Refreshing native plugins compatible for Editor in 1.77 ms, found 2 plugins.
Preloading 0 native plugins for Editor in 0.00 ms.
Unloading 24 Unused Serialized files (Serialized files now loaded: 0)
Unloading 24 unused Assets / (21.9 KB). Loaded Objects now: 4914.
Memory consumption went from 69.8 MB to 69.8 MB.
Total: 6.496709 ms (FindLiveObjects: 0.129083 ms CreateObjectMapping: 0.055042 ms MarkObjects: 6.299166 ms  DeleteObjects: 0.013125 ms)

AssetImportParameters requested are different than current active one (requested -> active):
  graphicsApiMask: 2048 -> 2099200
  custom:video-decoder-ogg-theora: a1e56fd34408186e4bbccfd4996cb3dc -> 
  custom:container-muxer-webm: aa71ff27fc2769a1b78a27578f13a17b -> 
  custom:container-demuxer-webm: 4f35f7cbe854078d1ac9338744f61a02 -> 
  custom:video-encoder-webm-vp8: eb34c28f22e8b96e1ab97ce403110664 -> 
  custom:framework-osx-AVFoundation: e770b220cccbd017edd2c1fefb359320 -> 
  custom:CustomObjectIndexerAttribute: bc11b3a6c3213fcdd17b65e7da85e133 -> 
  custom:audio-encoder-webm-vorbis: bf7c407c2cedff20999df2af8eb42d56 -> 
  custom:container-demuxer-ogg: 62fdf1f143b41e24485cea50d1cbac27 -> 
  custom:video-decoder-webm-vp8: 9c59270c3fd7afecdb556c50c9e8de78 -> 
  custom:audio-decoder-ogg-vorbis: bf7c407c2cedff20999df2af8eb42d56 -> 
========================================================================
Received Prepare
Refreshing native plugins compatible for Editor in 2.47 ms, found 2 plugins.
Preloading 0 native plugins for Editor in 0.00 ms.
Unloading 24 Unused Serialized files (Serialized files now loaded: 0)
Unloading 24 unused Assets / (21.9 KB). Loaded Objects now: 4914.
Memory consumption went from 69.8 MB to 69.8 MB.
Total: 2.381500 ms (FindLiveObjects: 0.151667 ms CreateObjectMapping: 0.059291 ms MarkObjects: 2.152042 ms  DeleteObjects: 0.018041 ms)

AssetImportParameters requested are different than current active one (requested -> active):
  custom:video-decoder-ogg-theora: a1e56fd34408186e4bbccfd4996cb3dc -> 
  custom:container-muxer-webm: aa71ff27fc2769a1b78a27578f13a17b -> 
  custom:container-demuxer-webm: 4f35f7cbe854078d1ac9338744f61a02 -> 
  custom:video-encoder-webm-vp8: eb34c28f22e8b96e1ab97ce403110664 -> 
  custom:framework-osx-AVFoundation: e770b220cccbd017edd2c1fefb359320 -> 
  custom:CustomObjectIndexerAttribute: bc11b3a6c3213fcdd17b65e7da85e133 -> 
  custom:audio-encoder-webm-vorbis: bf7c407c2cedff20999df2af8eb42d56 -> 
  custom:container-demuxer-ogg: 62fdf1f143b41e24485cea50d1cbac27 -> 
  custom:video-decoder-webm-vp8: 9c59270c3fd7afecdb556c50c9e8de78 -> 
  custom:audio-decoder-ogg-vorbis: bf7c407c2cedff20999df2af8eb42d56 -> 
========================================================================
Received Prepare
Refreshing native plugins compatible for Editor in 1.58 ms, found 2 plugins.
Preloading 0 native plugins for Editor in 0.00 ms.
Unloading 24 Unused Serialized files (Serialized files now loaded: 0)
Unloading 24 unused Assets / (21.9 KB). Loaded Objects now: 4914.
Memory consumption went from 69.8 MB to 69.8 MB.
Total: 2.480125 ms (FindLiveObjects: 0.126459 ms CreateObjectMapping: 0.055250 ms MarkObjects: 2.284709 ms  DeleteObjects: 0.013458 ms)

AssetImportParameters requested are different than current active one (requested -> active):
  custom:video-decoder-ogg-theora: a1e56fd34408186e4bbccfd4996cb3dc -> 
  custom:container-muxer-webm: aa71ff27fc2769a1b78a27578f13a17b -> 
  custom:container-demuxer-webm: 4f35f7cbe854078d1ac9338744f61a02 -> 
  custom:video-encoder-webm-vp8: eb34c28f22e8b96e1ab97ce403110664 -> 
  custom:framework-osx-AVFoundation: e770b220cccbd017edd2c1fefb359320 -> 
  custom:CustomObjectIndexerAttribute: bc11b3a6c3213fcdd17b65e7da85e133 -> 
  custom:audio-encoder-webm-vorbis: bf7c407c2cedff20999df2af8eb42d56 -> 
  custom:container-demuxer-ogg: 62fdf1f143b41e24485cea50d1cbac27 -> 
  custom:video-decoder-webm-vp8: 9c59270c3fd7afecdb556c50c9e8de78 -> 
  custom:audio-decoder-ogg-vorbis: bf7c407c2cedff20999df2af8eb42d56 -> 
========================================================================
Received Import Request.
  Time since last request: 1344.013909 seconds.
  path: Assets/Samples/XR Interaction Toolkit/2.4.0/Starter Assets
  artifactKey: Guid(005a0b2d2521b434c9610df09f91978c) Importer(815301076,1909f56bfc062723c751e8b465ee728b)
Start importing Assets/Samples/XR Interaction Toolkit/2.4.0/Starter Assets using Guid(005a0b2d2521b434c9610df09f91978c) Importer(815301076,1909f56bfc062723c751e8b465ee728b)  -> (artifact id: '81aca2bf709cc9e4e99a5d08b6e8bc19') in 0.002717 seconds 
========================================================================
Received Import Request.
  Time since last request: 2.323377 seconds.
  path: Assets/XR
  artifactKey: Guid(6204587f2f0224b0f8aa1b0cb288ef80) Importer(815301076,1909f56bfc062723c751e8b465ee728b)
Start importing Assets/XR using Guid(6204587f2f0224b0f8aa1b0cb288ef80) Importer(815301076,1909f56bfc062723c751e8b465ee728b)  -> (artifact id: '7dd46b55e49b17c606faa3134f8d45f3') in 0.000990 seconds 
========================================================================
Received Import Request.
  Time since last request: 0.099788 seconds.
  path: Assets/XR/XRGeneralSettingsPerBuildTarget.asset
  artifactKey: Guid(2a144f6309e4d4bf695596420e47db2a) Importer(815301076,1909f56bfc062723c751e8b465ee728b)
Start importing Assets/XR/XRGeneralSettingsPerBuildTarget.asset using Guid(2a144f6309e4d4bf695596420e47db2a) Importer(815301076,1909f56bfc062723c751e8b465ee728b) NullReferenceException: Object reference not set to an instance of an object
  at Ximmerse.XR.XimmerseXRLoader.SetSDKVars () [0x00018] in /Users/shuangsu/UnityProject/Ximmerse_UnityXR_SDK_V1.7.4/Runtime/XimmerseXRLoader.cs:370 
  at Ximmerse.XR.XimmerseXRLoader.Awake () [0x0000d] in /Users/shuangsu/UnityProject/Ximmerse_UnityXR_SDK_V1.7.4/Runtime/XimmerseXRLoader.cs:82 

(Filename: /Users/shuangsu/UnityProject/Ximmerse_UnityXR_SDK_V1.7.4/Runtime/XimmerseXRLoader.cs Line: 370)

 -> (artifact id: '874e05822dbd6f46eebc6b283c692da3') in 0.188636 seconds 
========================================================================
Received Import Request.
  Time since last request: 0.362277 seconds.
  path: Assets/XR/Loaders
  artifactKey: Guid(647384df216aa4b90bbf558b7a049ce8) Importer(815301076,1909f56bfc062723c751e8b465ee728b)
Start importing Assets/XR/Loaders using Guid(647384df216aa4b90bbf558b7a049ce8) Importer(815301076,1909f56bfc062723c751e8b465ee728b)  -> (artifact id: 'c6e236763589ea7555807b4bfc410196') in 0.001000 seconds 
========================================================================
Received Import Request.
  Time since last request: 0.145537 seconds.
  path: Assets/XR/Loaders/XimmerseXRLoader.asset
  artifactKey: Guid(24b6a4e1128a649a8bb02a460daf89b1) Importer(815301076,1909f56bfc062723c751e8b465ee728b)
Start importing Assets/XR/Loaders/XimmerseXRLoader.asset using Guid(24b6a4e1128a649a8bb02a460daf89b1) Importer(815301076,1909f56bfc062723c751e8b465ee728b) NullReferenceException: Object reference not set to an instance of an object
  at Ximmerse.XR.XimmerseXRLoader.SetSDKVars () [0x00018] in /Users/shuangsu/UnityProject/Ximmerse_UnityXR_SDK_V1.7.4/Runtime/XimmerseXRLoader.cs:370 
  at Ximmerse.XR.XimmerseXRLoader.Awake () [0x0000d] in /Users/shuangsu/UnityProject/Ximmerse_UnityXR_SDK_V1.7.4/Runtime/XimmerseXRLoader.cs:82 

(Filename: /Users/shuangsu/UnityProject/Ximmerse_UnityXR_SDK_V1.7.4/Runtime/XimmerseXRLoader.cs Line: 370)

 -> (artifact id: '150c69c1489df290a286b444c9a59a67') in 0.001828 seconds 
========================================================================
Received Import Request.
  Time since last request: 2.079099 seconds.
  path: Assets/XR/Settings/XimmerseXRSettings.asset
  artifactKey: Guid(68f96984e3f2a4db09b1989793a0b4aa) Importer(815301076,1909f56bfc062723c751e8b465ee728b)
Start importing Assets/XR/Settings/XimmerseXRSettings.asset using Guid(68f96984e3f2a4db09b1989793a0b4aa) Importer(815301076,1909f56bfc062723c751e8b465ee728b)  -> (artifact id: '628ed98b357ead10dcb1d8313ee39b59') in 0.002643 seconds 
========================================================================
Received Prepare
Refreshing native plugins compatible for Editor in 4.45 ms, found 2 plugins.
Preloading 0 native plugins for Editor in 0.00 ms.
Unloading 24 Unused Serialized files (Serialized files now loaded: 0)
Unloading 24 unused Assets / (21.9 KB). Loaded Objects now: 4915.
Memory consumption went from 74.0 MB to 74.0 MB.
Total: 2.720458 ms (FindLiveObjects: 0.137000 ms CreateObjectMapping: 0.054500 ms MarkObjects: 2.513792 ms  DeleteObjects: 0.015083 ms)

AssetImportParameters requested are different than current active one (requested -> active):
  custom:video-decoder-ogg-theora: a1e56fd34408186e4bbccfd4996cb3dc -> 
  custom:container-muxer-webm: aa71ff27fc2769a1b78a27578f13a17b -> 
  custom:container-demuxer-webm: 4f35f7cbe854078d1ac9338744f61a02 -> 
  custom:video-encoder-webm-vp8: eb34c28f22e8b96e1ab97ce403110664 -> 
  custom:framework-osx-AVFoundation: e770b220cccbd017edd2c1fefb359320 -> 
  custom:CustomObjectIndexerAttribute: bc11b3a6c3213fcdd17b65e7da85e133 -> 
  custom:audio-encoder-webm-vorbis: bf7c407c2cedff20999df2af8eb42d56 -> 
  custom:container-demuxer-ogg: 62fdf1f143b41e24485cea50d1cbac27 -> 
  custom:video-decoder-webm-vp8: 9c59270c3fd7afecdb556c50c9e8de78 -> 
  custom:audio-decoder-ogg-vorbis: bf7c407c2cedff20999df2af8eb42d56 -> 
========================================================================
Received Prepare
Refreshing native plugins compatible for Editor in 1.74 ms, found 2 plugins.
Preloading 0 native plugins for Editor in 0.00 ms.
Unloading 24 Unused Serialized files (Serialized files now loaded: 0)
Unloading 24 unused Assets / (21.9 KB). Loaded Objects now: 4915.
Memory consumption went from 74.0 MB to 74.0 MB.
Total: 2.596208 ms (FindLiveObjects: 0.129667 ms CreateObjectMapping: 0.051333 ms MarkObjects: 2.398625 ms  DeleteObjects: 0.016083 ms)

AssetImportParameters requested are different than current active one (requested -> active):
  custom:video-decoder-ogg-theora: a1e56fd34408186e4bbccfd4996cb3dc -> 
  custom:container-muxer-webm: aa71ff27fc2769a1b78a27578f13a17b -> 
  custom:container-demuxer-webm: 4f35f7cbe854078d1ac9338744f61a02 -> 
  custom:video-encoder-webm-vp8: eb34c28f22e8b96e1ab97ce403110664 -> 
  custom:framework-osx-AVFoundation: e770b220cccbd017edd2c1fefb359320 -> 
  custom:CustomObjectIndexerAttribute: bc11b3a6c3213fcdd17b65e7da85e133 -> 
  custom:audio-encoder-webm-vorbis: bf7c407c2cedff20999df2af8eb42d56 -> 
  custom:container-demuxer-ogg: 62fdf1f143b41e24485cea50d1cbac27 -> 
  custom:video-decoder-webm-vp8: 9c59270c3fd7afecdb556c50c9e8de78 -> 
  custom:audio-decoder-ogg-vorbis: bf7c407c2cedff20999df2af8eb42d56 -> 
========================================================================
Received Import Request.
  Time since last request: 7.572152 seconds.
  path: Assets/XR/Loaders/XimmerseXRLoader.asset
  artifactKey: Guid(24b6a4e1128a649a8bb02a460daf89b1) Importer(815301076,1909f56bfc062723c751e8b465ee728b)
Start importing Assets/XR/Loaders/XimmerseXRLoader.asset using Guid(24b6a4e1128a649a8bb02a460daf89b1) Importer(815301076,1909f56bfc062723c751e8b465ee728b)  -> (artifact id: '1289ba750e21169c34da74257a2be32e') in 0.002564 seconds 
========================================================================
Received Import Request.
  Time since last request: 38.292905 seconds.
  path: Assets/Samples/Ximmerse XR Plugin/1.7.4/Hello Unity
  artifactKey: Guid(1d1ba5aedd92944b5beeb7850b3e032e) Importer(815301076,1909f56bfc062723c751e8b465ee728b)
Start importing Assets/Samples/Ximmerse XR Plugin/1.7.4/Hello Unity using Guid(1d1ba5aedd92944b5beeb7850b3e032e) Importer(815301076,1909f56bfc062723c751e8b465ee728b)  -> (artifact id: '54729e13ddc921ebae392e2c8fa5903e') in 0.000650 seconds 
========================================================================
Received Prepare
Registering precompiled user dll's ...
Registered in 0.002852 seconds.
Begin MonoManager ReloadAssembly
Thread 0x16b7bb000 may have been prematurely finalized
Symbol file LoadedFromMemory doesn't match image /Users/shuangsu/UnityProject/Day9/Library/PackageCache/com.unity.visualscripting@1.8.0/Editor/VisualScripting.Core/Dependencies/YamlDotNet/Unity.VisualScripting.YamlDotNet.dll
Symbol file LoadedFromMemory doesn't match image /Users/shuangsu/UnityProject/Day9/Library/PackageCache/com.unity.visualscripting@1.8.0/Editor/VisualScripting.Core/Dependencies/DotNetZip/Unity.VisualScripting.IonicZip.dll
Native extension for iOS target not found
Native extension for Android target not found
Native extension for OSXStandalone target not found
Refreshing native plugins compatible for Editor in 0.38 ms, found 2 plugins.
Preloading 0 native plugins for Editor in 0.00 ms.
CreateSerializedAsset is not supported while importing out-of-process
UnityEngine.StackTraceUtility:ExtractStackTrace () (at /Users/unity/sharedspace/ra_2021.3/Runtime/Export/Scripting/StackTrace.cs:37)
Unity.XR.CoreUtils.ScriptableSettingsBase`1<UnityEngine.XR.Interaction.Toolkit.InteractionLayerSettings>:CreateInstanceAsset (string) (at Library/PackageCache/com.unity.xr.core-utils@2.2.1/Runtime/ScriptableSettingsBase.cs:285)
Unity.XR.CoreUtils.ScriptableSettingsBase`1<UnityEngine.XR.Interaction.Toolkit.InteractionLayerSettings>:Save (string) (at Library/PackageCache/com.unity.xr.core-utils@2.2.1/Runtime/ScriptableSettingsBase.cs:210)
Unity.XR.CoreUtils.ScriptableSettings`1<UnityEngine.XR.Interaction.Toolkit.InteractionLayerSettings>:CreateAndLoad () (at Library/PackageCache/com.unity.xr.core-utils@2.2.1/Runtime/ScriptableSettings.cs:45)
Unity.XR.CoreUtils.ScriptableSettings`1<UnityEngine.XR.Interaction.Toolkit.InteractionLayerSettings>:get_Instance () (at Library/PackageCache/com.unity.xr.core-utils@2.2.1/Runtime/ScriptableSettings.cs:25)
UnityEditor.XR.Interaction.Toolkit.Samples.StarterAssetsSampleProjectValidation:.cctor () (at Assets/Samples/XR Interaction Toolkit/2.4.0/Starter Assets/Editor/Scripts/StarterAssetsSampleProjectValidation.cs:22)
System.Reflection.RuntimeMethodInfo:Invoke (object,System.Reflection.BindingFlags,System.Reflection.Binder,object[],System.Globalization.CultureInfo)
System.Reflection.MethodBase:Invoke (object,object[])
UnityEditor.EditorAssemblies:ProcessInitializeOnLoadMethodAttributes () (at /Users/unity/sharedspace/ra_2021.3/Editor/Mono/EditorAssemblies.cs:147)

[Assets/Samples/XR Interaction Toolkit/2.4.0/Starter Assets/Editor/Scripts/StarterAssetsSampleProjectValidation.cs line 22]

Exception caught trying to create path.
UnityEngine.UnityException: Creating asset at path Assets/XRI/Settings/Resources/InteractionLayerSettings.asset failed.
  at (wrapper managed-to-native) UnityEditor.AssetDatabase.CreateAsset(UnityEngine.Object,string)
  at Unity.XR.CoreUtils.ScriptableSettingsBase`1[T].CreateInstanceAsset (System.String savePath) [0x0002a] in /Users/shuangsu/UnityProject/Day9/Library/PackageCache/com.unity.xr.core-utils@2.2.1/Runtime/ScriptableSettingsBase.cs:285 
  at Unity.XR.CoreUtils.ScriptableSettingsBase`1[T].Save (System.String savePathFormat) [0x00067] in /Users/shuangsu/UnityProject/Day9/Library/PackageCache/com.unity.xr.core-utils@2.2.1/Runtime/ScriptableSettingsBase.cs:210 
UnityEngine.StackTraceUtility:ExtractStackTrace () (at /Users/unity/sharedspace/ra_2021.3/Runtime/Export/Scripting/StackTrace.cs:37)
UnityEngine.DebugLogHandler:LogFormat (UnityEngine.LogType,UnityEngine.Object,string,object[])
UnityEngine.Logger:Log (UnityEngine.LogType,object,UnityEngine.Object)
UnityEngine.Debug:LogWarning (object,UnityEngine.Object)
Unity.XR.CoreUtils.XRLoggingUtils:LogWarning (string,UnityEngine.Object) (at Library/PackageCache/com.unity.xr.core-utils@2.2.1/Runtime/XRLoggingUtils.cs:45)
Unity.XR.CoreUtils.ScriptableSettingsBase`1<UnityEngine.XR.Interaction.Toolkit.InteractionLayerSettings>:Save (string) (at Library/PackageCache/com.unity.xr.core-utils@2.2.1/Runtime/ScriptableSettingsBase.cs:214)
Unity.XR.CoreUtils.ScriptableSettings`1<UnityEngine.XR.Interaction.Toolkit.InteractionLayerSettings>:CreateAndLoad () (at Library/PackageCache/com.unity.xr.core-utils@2.2.1/Runtime/ScriptableSettings.cs:45)
Unity.XR.CoreUtils.ScriptableSettings`1<UnityEngine.XR.Interaction.Toolkit.InteractionLayerSettings>:get_Instance () (at Library/PackageCache/com.unity.xr.core-utils@2.2.1/Runtime/ScriptableSettings.cs:25)
UnityEditor.XR.Interaction.Toolkit.Samples.StarterAssetsSampleProjectValidation:.cctor () (at Assets/Samples/XR Interaction Toolkit/2.4.0/Starter Assets/Editor/Scripts/StarterAssetsSampleProjectValidation.cs:22)
System.Reflection.RuntimeMethodInfo:Invoke (object,System.Reflection.BindingFlags,System.Reflection.Binder,object[],System.Globalization.CultureInfo)
System.Reflection.MethodBase:Invoke (object,object[])
UnityEditor.EditorAssemblies:ProcessInitializeOnLoadMethodAttributes () (at /Users/unity/sharedspace/ra_2021.3/Editor/Mono/EditorAssemblies.cs:147)

(Filename: Library/PackageCache/com.unity.xr.core-utils@2.2.1/Runtime/XRLoggingUtils.cs Line: 45)

The path 'Assets/XRI/Settings' is invalid. Generating a path instead.
UnityEngine.StackTraceUtility:ExtractStackTrace () (at /Users/unity/sharedspace/ra_2021.3/Runtime/Export/Scripting/StackTrace.cs:37)
UnityEngine.DebugLogHandler:LogFormat (UnityEngine.LogType,UnityEngine.Object,string,object[])
UnityEngine.Logger:Log (UnityEngine.LogType,object,UnityEngine.Object)
UnityEngine.Debug:LogWarning (object,UnityEngine.Object)
Unity.XR.CoreUtils.XRLoggingUtils:LogWarning (string,UnityEngine.Object) (at Library/PackageCache/com.unity.xr.core-utils@2.2.1/Runtime/XRLoggingUtils.cs:45)
Unity.XR.CoreUtils.ScriptableSettingsBase`1<UnityEngine.XR.Interaction.Toolkit.InteractionLayerSettings>:Save (string) (at Library/PackageCache/com.unity.xr.core-utils@2.2.1/Runtime/ScriptableSettingsBase.cs:220)
Unity.XR.CoreUtils.ScriptableSettings`1<UnityEngine.XR.Interaction.Toolkit.InteractionLayerSettings>:CreateAndLoad () (at Library/PackageCache/com.unity.xr.core-utils@2.2.1/Runtime/ScriptableSettings.cs:45)
Unity.XR.CoreUtils.ScriptableSettings`1<UnityEngine.XR.Interaction.Toolkit.InteractionLayerSettings>:get_Instance () (at Library/PackageCache/com.unity.xr.core-utils@2.2.1/Runtime/ScriptableSettings.cs:25)
UnityEditor.XR.Interaction.Toolkit.Samples.StarterAssetsSampleProjectValidation:.cctor () (at Assets/Samples/XR Interaction Toolkit/2.4.0/Starter Assets/Editor/Scripts/StarterAssetsSampleProjectValidation.cs:22)
System.Reflection.RuntimeMethodInfo:Invoke (object,System.Reflection.BindingFlags,System.Reflection.Binder,object[],System.Globalization.CultureInfo)
System.Reflection.MethodBase:Invoke (object,object[])
UnityEditor.EditorAssemblies:ProcessInitializeOnLoadMethodAttributes () (at /Users/unity/sharedspace/ra_2021.3/Editor/Mono/EditorAssemblies.cs:147)

(Filename: Library/PackageCache/com.unity.xr.core-utils@2.2.1/Runtime/XRLoggingUtils.cs Line: 45)

Error saving  (UnityEngine.XR.Interaction.Toolkit.InteractionLayerSettings). Could not get a MonoScript from the instance
UnityEngine.StackTraceUtility:ExtractStackTrace () (at /Users/unity/sharedspace/ra_2021.3/Runtime/Export/Scripting/StackTrace.cs:37)
UnityEngine.DebugLogHandler:LogFormat (UnityEngine.LogType,UnityEngine.Object,string,object[])
UnityEngine.Logger:Log (UnityEngine.LogType,object,UnityEngine.Object)
UnityEngine.Debug:LogWarning (object,UnityEngine.Object)
Unity.XR.CoreUtils.XRLoggingUtils:LogWarning (string,UnityEngine.Object) (at Library/PackageCache/com.unity.xr.core-utils@2.2.1/Runtime/XRLoggingUtils.cs:45)
Unity.XR.CoreUtils.ScriptableSettingsBase`1<UnityEngine.XR.Interaction.Toolkit.InteractionLayerSettings>:Save (string) (at Library/PackageCache/com.unity.xr.core-utils@2.2.1/Runtime/ScriptableSettingsBase.cs:230)
Unity.XR.CoreUtils.ScriptableSettings`1<UnityEngine.XR.Interaction.Toolkit.InteractionLayerSettings>:CreateAndLoad () (at Library/PackageCache/com.unity.xr.core-utils@2.2.1/Runtime/ScriptableSettings.cs:45)
Unity.XR.CoreUtils.ScriptableSettings`1<UnityEngine.XR.Interaction.Toolkit.InteractionLayerSettings>:get_Instance () (at Library/PackageCache/com.unity.xr.core-utils@2.2.1/Runtime/ScriptableSettings.cs:25)
UnityEditor.XR.Interaction.Toolkit.Samples.StarterAssetsSampleProjectValidation:.cctor () (at Assets/Samples/XR Interaction Toolkit/2.4.0/Starter Assets/Editor/Scripts/StarterAssetsSampleProjectValidation.cs:22)
System.Reflection.RuntimeMethodInfo:Invoke (object,System.Reflection.BindingFlags,System.Reflection.Binder,object[],System.Globalization.CultureInfo)
System.Reflection.MethodBase:Invoke (object,object[])
UnityEditor.EditorAssemblies:ProcessInitializeOnLoadMethodAttributes () (at /Users/unity/sharedspace/ra_2021.3/Editor/Mono/EditorAssemblies.cs:147)

(Filename: Library/PackageCache/com.unity.xr.core-utils@2.2.1/Runtime/XRLoggingUtils.cs Line: 45)

System.Reflection.TargetInvocationException: Exception has been thrown by the target of an invocation. ---> System.TypeInitializationException: The type initializer for 'UnityEditor.XR.Interaction.Toolkit.Samples.StarterAssetsSampleProjectValidation' threw an exception. ---> System.NullReferenceException: Object reference not set to an instance of an object
  at UnityEditor.XR.Interaction.Toolkit.Samples.StarterAssetsSampleProjectValidation..cctor () [0x00023] in /Users/shuangsu/UnityProject/Day9/Assets/Samples/XR Interaction Toolkit/2.4.0/Starter Assets/Editor/Scripts/StarterAssetsSampleProjectValidation.cs:22 
   --- End of inner exception stack trace ---
  at (wrapper managed-to-native) System.Object.__icall_wrapper_mono_gc_wbarrier_generic_nostore_internal(intptr)
  at (wrapper write-barrier) System.Object.wbarrier_conc(intptr)
  at (wrapper managed-to-native) System.Reflection.RuntimeMethodInfo.InternalInvoke(System.Reflection.RuntimeMethodInfo,object,object[],System.Exception&)
  at System.Reflection.RuntimeMethodInfo.Invoke (System.Object obj, System.Reflection.BindingFlags invokeAttr, System.Reflection.Binder binder, System.Object[] parameters, System.Globalization.CultureInfo culture) [0x0006a] in <f78378fc25024256ba9c49776f5e810c>:0 
   --- End of inner exception stack trace ---
  at System.Reflection.RuntimeMethodInfo.Invoke (System.Object obj, System.Reflection.BindingFlags invokeAttr, System.Reflection.Binder binder, System.Object[] parameters, System.Globalization.CultureInfo culture) [0x00083] in <f78378fc25024256ba9c49776f5e810c>:0 
  at System.Reflection.MethodBase.Invoke (System.Object obj, System.Object[] parameters) [0x00000] in <f78378fc25024256ba9c49776f5e810c>:0 
  at UnityEditor.EditorAssemblies.ProcessInitializeOnLoadMethodAttributes () [0x000a5] in /Users/unity/sharedspace/ra_2021.3/Editor/Mono/EditorAssemblies.cs:147 
UnityEngine.StackTraceUtility:ExtractStackTrace () (at /Users/unity/sharedspace/ra_2021.3/Runtime/Export/Scripting/StackTrace.cs:37)
UnityEngine.DebugLogHandler:LogFormat (UnityEngine.LogType,UnityEngine.Object,string,object[])
UnityEngine.Logger:Log (UnityEngine.LogType,object)
UnityEngine.Debug:LogError (object)
UnityEditor.EditorAssemblies:ProcessInitializeOnLoadMethodAttributes () (at /Users/unity/sharedspace/ra_2021.3/Editor/Mono/EditorAssemblies.cs:151)

(Filename: /Users/unity/sharedspace/ra_2021.3/Editor/Mono/EditorAssemblies.cs Line: 151)

[Package Manager] Server::EnsureServerProcessIsRunning -- launch failed, reason: Unity was launched with the -noUpm command-line argument
[Package Manager] Cannot connect to Unity Package Manager local server
[Package Manager] Server::EnsureServerProcessIsRunning -- launch failed, reason: Unity was launched with the -noUpm command-line argument
[Package Manager] Cannot connect to Unity Package Manager local server
[Package Manager] Server::EnsureServerProcessIsRunning -- launch failed, reason: Unity was launched with the -noUpm command-line argument
[Package Manager] Cannot connect to Unity Package Manager local server
System.Reflection.TargetInvocationException: Exception has been thrown by the target of an invocation. ---> System.NullReferenceException: Object reference not set to an instance of an object
  at Ximmerse.XR.SDKEditorUtility.GetXimmerseXRSDKPackageInfo () [0x0000f] in /Users/shuangsu/UnityProject/Ximmerse_UnityXR_SDK_V1.7.4/Editor/EditorUtilities/SDKEditorUtility.cs:83 
  at Ximmerse.XR.SDKEditorUtility.InitializeEditor () [0x00000] in /Users/shuangsu/UnityProject/Ximmerse_UnityXR_SDK_V1.7.4/Editor/EditorUtilities/SDKEditorUtility.cs:62 
  at (wrapper managed-to-native) System.Reflection.RuntimeMethodInfo.InternalInvoke(System.Reflection.RuntimeMethodInfo,object,object[],System.Exception&)
  at System.Reflection.RuntimeMethodInfo.Invoke (System.Object obj, System.Reflection.BindingFlags invokeAttr, System.Reflection.Binder binder, System.Object[] parameters, System.Globalization.CultureInfo culture) [0x0006a] in <f78378fc25024256ba9c49776f5e810c>:0 
   --- End of inner exception stack trace ---
  at System.Reflection.RuntimeMethodInfo.Invoke (System.Object obj, System.Reflection.BindingFlags invokeAttr, System.Reflection.Binder binder, System.Object[] parameters, System.Globalization.CultureInfo culture) [0x00083] in <f78378fc25024256ba9c49776f5e810c>:0 
  at System.Reflection.MethodBase.Invoke (System.Object obj, System.Object[] parameters) [0x00000] in <f78378fc25024256ba9c49776f5e810c>:0 
  at UnityEditor.EditorAssemblies.ProcessInitializeOnLoadMethodAttributes () [0x000a5] in /Users/unity/sharedspace/ra_2021.3/Editor/Mono/EditorAssemblies.cs:147 
UnityEngine.StackTraceUtility:ExtractStackTrace () (at /Users/unity/sharedspace/ra_2021.3/Runtime/Export/Scripting/StackTrace.cs:37)
UnityEngine.DebugLogHandler:LogFormat (UnityEngine.LogType,UnityEngine.Object,string,object[])
UnityEngine.Logger:Log (UnityEngine.LogType,object)
UnityEngine.Debug:LogError (object)
UnityEditor.EditorAssemblies:ProcessInitializeOnLoadMethodAttributes () (at /Users/unity/sharedspace/ra_2021.3/Editor/Mono/EditorAssemblies.cs:151)

(Filename: /Users/unity/sharedspace/ra_2021.3/Editor/Mono/EditorAssemblies.cs Line: 151)

Mono: successfully reloaded assembly
- Completed reload, in  1.088 seconds
Domain Reload Profiling:
	ReloadAssembly (1088ms)
		BeginReloadAssembly (87ms)
			ExecutionOrderSort (0ms)
			DisableScriptedObjects (3ms)
			BackupInstance (0ms)
			ReleaseScriptingObjects (0ms)
			CreateAndSetChildDomain (27ms)
		EndReloadAssembly (950ms)
			LoadAssemblies (44ms)
			RebuildTransferFunctionScriptingTraits (0ms)
			SetupTypeCache (170ms)
			ReleaseScriptCaches (1ms)
			RebuildScriptCaches (27ms)
			SetupLoadedEditorAssemblies (679ms)
				LogAssemblyErrors (0ms)
				InitializePlatformSupportModulesInManaged (242ms)
				SetLoadedEditorAssemblies (0ms)
				RefreshPlugins (0ms)
				BeforeProcessingInitializeOnLoad (37ms)
				ProcessInitializeOnLoadAttributes (120ms)
				ProcessInitializeOnLoadMethodAttributes (277ms)
				AfterProcessingInitializeOnLoad (1ms)
				EditorAssembliesLoaded (0ms)
			ExecutionOrderSort2 (0ms)
			AwakeInstancesAfterBackupRestoration (2ms)
Platform modules already initialized, skipping
Refreshing native plugins compatible for Editor in 1.50 ms, found 2 plugins.
Preloading 0 native plugins for Editor in 0.00 ms.
Unloading 4443 Unused Serialized files (Serialized files now loaded: 0)
Unloading 24 unused Assets / (21.9 KB). Loaded Objects now: 4928.
Memory consumption went from 162.8 MB to 162.8 MB.
Total: 2.387833 ms (FindLiveObjects: 0.128791 ms CreateObjectMapping: 0.059459 ms MarkObjects: 2.183375 ms  DeleteObjects: 0.015500 ms)

AssetImportParameters requested are different than current active one (requested -> active):
  custom:video-decoder-ogg-theora: a1e56fd34408186e4bbccfd4996cb3dc -> 
  custom:container-muxer-webm: aa71ff27fc2769a1b78a27578f13a17b -> 
  custom:container-demuxer-webm: 4f35f7cbe854078d1ac9338744f61a02 -> 
  custom:video-encoder-webm-vp8: eb34c28f22e8b96e1ab97ce403110664 -> 
  custom:framework-osx-AVFoundation: e770b220cccbd017edd2c1fefb359320 -> 
  custom:CustomObjectIndexerAttribute: bc11b3a6c3213fcdd17b65e7da85e133 -> 
  custom:audio-encoder-webm-vorbis: bf7c407c2cedff20999df2af8eb42d56 -> 
  custom:container-demuxer-ogg: 62fdf1f143b41e24485cea50d1cbac27 -> 
  custom:video-decoder-webm-vp8: 9c59270c3fd7afecdb556c50c9e8de78 -> 
  custom:audio-decoder-ogg-vorbis: bf7c407c2cedff20999df2af8eb42d56 -> 
========================================================================
Received Import Request.
  Time since last request: 8.289270 seconds.
  path: Assets/Samples/Ximmerse XR Plugin/1.7.4/Hello Unity/Scenes
  artifactKey: Guid(6532d9b74af7e42dd9bfe5affd1bba03) Importer(815301076,1909f56bfc062723c751e8b465ee728b)
Start importing Assets/Samples/Ximmerse XR Plugin/1.7.4/Hello Unity/Scenes using Guid(6532d9b74af7e42dd9bfe5affd1bba03) Importer(815301076,1909f56bfc062723c751e8b465ee728b)  -> (artifact id: '2d33e4261900d7fff38cda36e2973c56') in 0.006303 seconds 
========================================================================
Received Import Request.
  Time since last request: 0.987733 seconds.
  path: Assets/Samples/Ximmerse XR Plugin/1.7.4/Hello Unity/Scenes/Gaze And Gesture Interaction Sample.unity
  artifactKey: Guid(add80b249c40449a180a82751b21e1fb) Importer(815301076,1909f56bfc062723c751e8b465ee728b)
Start importing Assets/Samples/Ximmerse XR Plugin/1.7.4/Hello Unity/Scenes/Gaze And Gesture Interaction Sample.unity using Guid(add80b249c40449a180a82751b21e1fb) Importer(815301076,1909f56bfc062723c751e8b465ee728b)  -> (artifact id: '95d3fcda004acf7fd82da71ab6291e0e') in 0.000608 seconds 
========================================================================
Received Prepare
Registering precompiled user dll's ...
Registered in 0.001239 seconds.
Begin MonoManager ReloadAssembly
Thread 0x16b7bb000 may have been prematurely finalized
Symbol file LoadedFromMemory doesn't match image /Users/shuangsu/UnityProject/Day9/Library/PackageCache/com.unity.visualscripting@1.8.0/Editor/VisualScripting.Core/Dependencies/YamlDotNet/Unity.VisualScripting.YamlDotNet.dll
Symbol file LoadedFromMemory doesn't match image /Users/shuangsu/UnityProject/Day9/Library/PackageCache/com.unity.visualscripting@1.8.0/Editor/VisualScripting.Core/Dependencies/DotNetZip/Unity.VisualScripting.IonicZip.dll
Native extension for iOS target not found
Native extension for Android target not found
Native extension for OSXStandalone target not found
Refreshing native plugins compatible for Editor in 0.40 ms, found 2 plugins.
Preloading 0 native plugins for Editor in 0.00 ms.
CreateSerializedAsset is not supported while importing out-of-process
UnityEngine.StackTraceUtility:ExtractStackTrace () (at /Users/unity/sharedspace/ra_2021.3/Runtime/Export/Scripting/StackTrace.cs:37)
Unity.XR.CoreUtils.ScriptableSettingsBase`1<UnityEngine.XR.Interaction.Toolkit.InteractionLayerSettings>:CreateInstanceAsset (string) (at Library/PackageCache/com.unity.xr.core-utils@2.2.1/Runtime/ScriptableSettingsBase.cs:285)
Unity.XR.CoreUtils.ScriptableSettingsBase`1<UnityEngine.XR.Interaction.Toolkit.InteractionLayerSettings>:Save (string) (at Library/PackageCache/com.unity.xr.core-utils@2.2.1/Runtime/ScriptableSettingsBase.cs:210)
Unity.XR.CoreUtils.ScriptableSettings`1<UnityEngine.XR.Interaction.Toolkit.InteractionLayerSettings>:CreateAndLoad () (at Library/PackageCache/com.unity.xr.core-utils@2.2.1/Runtime/ScriptableSettings.cs:45)
Unity.XR.CoreUtils.ScriptableSettings`1<UnityEngine.XR.Interaction.Toolkit.InteractionLayerSettings>:get_Instance () (at Library/PackageCache/com.unity.xr.core-utils@2.2.1/Runtime/ScriptableSettings.cs:25)
UnityEditor.XR.Interaction.Toolkit.Samples.StarterAssetsSampleProjectValidation:.cctor () (at Assets/Samples/XR Interaction Toolkit/2.4.0/Starter Assets/Editor/Scripts/StarterAssetsSampleProjectValidation.cs:22)
System.Reflection.RuntimeMethodInfo:Invoke (object,System.Reflection.BindingFlags,System.Reflection.Binder,object[],System.Globalization.CultureInfo)
System.Reflection.MethodBase:Invoke (object,object[])
UnityEditor.EditorAssemblies:ProcessInitializeOnLoadMethodAttributes () (at /Users/unity/sharedspace/ra_2021.3/Editor/Mono/EditorAssemblies.cs:147)

[Assets/Samples/XR Interaction Toolkit/2.4.0/Starter Assets/Editor/Scripts/StarterAssetsSampleProjectValidation.cs line 22]

Exception caught trying to create path.
UnityEngine.UnityException: Creating asset at path Assets/XRI/Settings/Resources/InteractionLayerSettings.asset failed.
  at (wrapper managed-to-native) UnityEditor.AssetDatabase.CreateAsset(UnityEngine.Object,string)
  at Unity.XR.CoreUtils.ScriptableSettingsBase`1[T].CreateInstanceAsset (System.String savePath) [0x0002a] in /Users/shuangsu/UnityProject/Day9/Library/PackageCache/com.unity.xr.core-utils@2.2.1/Runtime/ScriptableSettingsBase.cs:285 
  at Unity.XR.CoreUtils.ScriptableSettingsBase`1[T].Save (System.String savePathFormat) [0x00067] in /Users/shuangsu/UnityProject/Day9/Library/PackageCache/com.unity.xr.core-utils@2.2.1/Runtime/ScriptableSettingsBase.cs:210 
UnityEngine.StackTraceUtility:ExtractStackTrace () (at /Users/unity/sharedspace/ra_2021.3/Runtime/Export/Scripting/StackTrace.cs:37)
UnityEngine.DebugLogHandler:LogFormat (UnityEngine.LogType,UnityEngine.Object,string,object[])
UnityEngine.Logger:Log (UnityEngine.LogType,object,UnityEngine.Object)
UnityEngine.Debug:LogWarning (object,UnityEngine.Object)
Unity.XR.CoreUtils.XRLoggingUtils:LogWarning (string,UnityEngine.Object) (at Library/PackageCache/com.unity.xr.core-utils@2.2.1/Runtime/XRLoggingUtils.cs:45)
Unity.XR.CoreUtils.ScriptableSettingsBase`1<UnityEngine.XR.Interaction.Toolkit.InteractionLayerSettings>:Save (string) (at Library/PackageCache/com.unity.xr.core-utils@2.2.1/Runtime/ScriptableSettingsBase.cs:214)
Unity.XR.CoreUtils.ScriptableSettings`1<UnityEngine.XR.Interaction.Toolkit.InteractionLayerSettings>:CreateAndLoad () (at Library/PackageCache/com.unity.xr.core-utils@2.2.1/Runtime/ScriptableSettings.cs:45)
Unity.XR.CoreUtils.ScriptableSettings`1<UnityEngine.XR.Interaction.Toolkit.InteractionLayerSettings>:get_Instance () (at Library/PackageCache/com.unity.xr.core-utils@2.2.1/Runtime/ScriptableSettings.cs:25)
UnityEditor.XR.Interaction.Toolkit.Samples.StarterAssetsSampleProjectValidation:.cctor () (at Assets/Samples/XR Interaction Toolkit/2.4.0/Starter Assets/Editor/Scripts/StarterAssetsSampleProjectValidation.cs:22)
System.Reflection.RuntimeMethodInfo:Invoke (object,System.Reflection.BindingFlags,System.Reflection.Binder,object[],System.Globalization.CultureInfo)
System.Reflection.MethodBase:Invoke (object,object[])
UnityEditor.EditorAssemblies:ProcessInitializeOnLoadMethodAttributes () (at /Users/unity/sharedspace/ra_2021.3/Editor/Mono/EditorAssemblies.cs:147)

(Filename: Library/PackageCache/com.unity.xr.core-utils@2.2.1/Runtime/XRLoggingUtils.cs Line: 45)

The path 'Assets/XRI/Settings' is invalid. Generating a path instead.
UnityEngine.StackTraceUtility:ExtractStackTrace () (at /Users/unity/sharedspace/ra_2021.3/Runtime/Export/Scripting/StackTrace.cs:37)
UnityEngine.DebugLogHandler:LogFormat (UnityEngine.LogType,UnityEngine.Object,string,object[])
UnityEngine.Logger:Log (UnityEngine.LogType,object,UnityEngine.Object)
UnityEngine.Debug:LogWarning (object,UnityEngine.Object)
Unity.XR.CoreUtils.XRLoggingUtils:LogWarning (string,UnityEngine.Object) (at Library/PackageCache/com.unity.xr.core-utils@2.2.1/Runtime/XRLoggingUtils.cs:45)
Unity.XR.CoreUtils.ScriptableSettingsBase`1<UnityEngine.XR.Interaction.Toolkit.InteractionLayerSettings>:Save (string) (at Library/PackageCache/com.unity.xr.core-utils@2.2.1/Runtime/ScriptableSettingsBase.cs:220)
Unity.XR.CoreUtils.ScriptableSettings`1<UnityEngine.XR.Interaction.Toolkit.InteractionLayerSettings>:CreateAndLoad () (at Library/PackageCache/com.unity.xr.core-utils@2.2.1/Runtime/ScriptableSettings.cs:45)
Unity.XR.CoreUtils.ScriptableSettings`1<UnityEngine.XR.Interaction.Toolkit.InteractionLayerSettings>:get_Instance () (at Library/PackageCache/com.unity.xr.core-utils@2.2.1/Runtime/ScriptableSettings.cs:25)
UnityEditor.XR.Interaction.Toolkit.Samples.StarterAssetsSampleProjectValidation:.cctor () (at Assets/Samples/XR Interaction Toolkit/2.4.0/Starter Assets/Editor/Scripts/StarterAssetsSampleProjectValidation.cs:22)
System.Reflection.RuntimeMethodInfo:Invoke (object,System.Reflection.BindingFlags,System.Reflection.Binder,object[],System.Globalization.CultureInfo)
System.Reflection.MethodBase:Invoke (object,object[])
UnityEditor.EditorAssemblies:ProcessInitializeOnLoadMethodAttributes () (at /Users/unity/sharedspace/ra_2021.3/Editor/Mono/EditorAssemblies.cs:147)

(Filename: Library/PackageCache/com.unity.xr.core-utils@2.2.1/Runtime/XRLoggingUtils.cs Line: 45)

Error saving  (UnityEngine.XR.Interaction.Toolkit.InteractionLayerSettings). Could not get a MonoScript from the instance
UnityEngine.StackTraceUtility:ExtractStackTrace () (at /Users/unity/sharedspace/ra_2021.3/Runtime/Export/Scripting/StackTrace.cs:37)
UnityEngine.DebugLogHandler:LogFormat (UnityEngine.LogType,UnityEngine.Object,string,object[])
UnityEngine.Logger:Log (UnityEngine.LogType,object,UnityEngine.Object)
UnityEngine.Debug:LogWarning (object,UnityEngine.Object)
Unity.XR.CoreUtils.XRLoggingUtils:LogWarning (string,UnityEngine.Object) (at Library/PackageCache/com.unity.xr.core-utils@2.2.1/Runtime/XRLoggingUtils.cs:45)
Unity.XR.CoreUtils.ScriptableSettingsBase`1<UnityEngine.XR.Interaction.Toolkit.InteractionLayerSettings>:Save (string) (at Library/PackageCache/com.unity.xr.core-utils@2.2.1/Runtime/ScriptableSettingsBase.cs:230)
Unity.XR.CoreUtils.ScriptableSettings`1<UnityEngine.XR.Interaction.Toolkit.InteractionLayerSettings>:CreateAndLoad () (at Library/PackageCache/com.unity.xr.core-utils@2.2.1/Runtime/ScriptableSettings.cs:45)
Unity.XR.CoreUtils.ScriptableSettings`1<UnityEngine.XR.Interaction.Toolkit.InteractionLayerSettings>:get_Instance () (at Library/PackageCache/com.unity.xr.core-utils@2.2.1/Runtime/ScriptableSettings.cs:25)
UnityEditor.XR.Interaction.Toolkit.Samples.StarterAssetsSampleProjectValidation:.cctor () (at Assets/Samples/XR Interaction Toolkit/2.4.0/Starter Assets/Editor/Scripts/StarterAssetsSampleProjectValidation.cs:22)
System.Reflection.RuntimeMethodInfo:Invoke (object,System.Reflection.BindingFlags,System.Reflection.Binder,object[],System.Globalization.CultureInfo)
System.Reflection.MethodBase:Invoke (object,object[])
UnityEditor.EditorAssemblies:ProcessInitializeOnLoadMethodAttributes () (at /Users/unity/sharedspace/ra_2021.3/Editor/Mono/EditorAssemblies.cs:147)

(Filename: Library/PackageCache/com.unity.xr.core-utils@2.2.1/Runtime/XRLoggingUtils.cs Line: 45)

System.Reflection.TargetInvocationException: Exception has been thrown by the target of an invocation. ---> System.TypeInitializationException: The type initializer for 'UnityEditor.XR.Interaction.Toolkit.Samples.StarterAssetsSampleProjectValidation' threw an exception. ---> System.NullReferenceException: Object reference not set to an instance of an object
  at UnityEditor.XR.Interaction.Toolkit.Samples.StarterAssetsSampleProjectValidation..cctor () [0x00023] in /Users/shuangsu/UnityProject/Day9/Assets/Samples/XR Interaction Toolkit/2.4.0/Starter Assets/Editor/Scripts/StarterAssetsSampleProjectValidation.cs:22 
   --- End of inner exception stack trace ---
  at (wrapper managed-to-native) System.Object.__icall_wrapper_mono_gc_wbarrier_generic_nostore_internal(intptr)
  at (wrapper write-barrier) System.Object.wbarrier_conc(intptr)
  at (wrapper managed-to-native) System.Reflection.RuntimeMethodInfo.InternalInvoke(System.Reflection.RuntimeMethodInfo,object,object[],System.Exception&)
  at System.Reflection.RuntimeMethodInfo.Invoke (System.Object obj, System.Reflection.BindingFlags invokeAttr, System.Reflection.Binder binder, System.Object[] parameters, System.Globalization.CultureInfo culture) [0x0006a] in <f78378fc25024256ba9c49776f5e810c>:0 
   --- End of inner exception stack trace ---
  at System.Reflection.RuntimeMethodInfo.Invoke (System.Object obj, System.Reflection.BindingFlags invokeAttr, System.Reflection.Binder binder, System.Object[] parameters, System.Globalization.CultureInfo culture) [0x00083] in <f78378fc25024256ba9c49776f5e810c>:0 
  at System.Reflection.MethodBase.Invoke (System.Object obj, System.Object[] parameters) [0x00000] in <f78378fc25024256ba9c49776f5e810c>:0 
  at UnityEditor.EditorAssemblies.ProcessInitializeOnLoadMethodAttributes () [0x000a5] in /Users/unity/sharedspace/ra_2021.3/Editor/Mono/EditorAssemblies.cs:147 
UnityEngine.StackTraceUtility:ExtractStackTrace () (at /Users/unity/sharedspace/ra_2021.3/Runtime/Export/Scripting/StackTrace.cs:37)
UnityEngine.DebugLogHandler:LogFormat (UnityEngine.LogType,UnityEngine.Object,string,object[])
UnityEngine.Logger:Log (UnityEngine.LogType,object)
UnityEngine.Debug:LogError (object)
UnityEditor.EditorAssemblies:ProcessInitializeOnLoadMethodAttributes () (at /Users/unity/sharedspace/ra_2021.3/Editor/Mono/EditorAssemblies.cs:151)

(Filename: /Users/unity/sharedspace/ra_2021.3/Editor/Mono/EditorAssemblies.cs Line: 151)

[Package Manager] Server::EnsureServerProcessIsRunning -- launch failed, reason: Unity was launched with the -noUpm command-line argument
[Package Manager] Cannot connect to Unity Package Manager local server
[Package Manager] Server::EnsureServerProcessIsRunning -- launch failed, reason: Unity was launched with the -noUpm command-line argument
[Package Manager] Cannot connect to Unity Package Manager local server
[Package Manager] Server::EnsureServerProcessIsRunning -- launch failed, reason: Unity was launched with the -noUpm command-line argument
[Package Manager] Cannot connect to Unity Package Manager local server
System.Reflection.TargetInvocationException: Exception has been thrown by the target of an invocation. ---> System.NullReferenceException: Object reference not set to an instance of an object
  at Ximmerse.XR.SDKEditorUtility.GetXimmerseXRSDKPackageInfo () [0x0000f] in /Users/shuangsu/UnityProject/Ximmerse_UnityXR_SDK_V1.7.4/Editor/EditorUtilities/SDKEditorUtility.cs:83 
  at Ximmerse.XR.SDKEditorUtility.InitializeEditor () [0x00000] in /Users/shuangsu/UnityProject/Ximmerse_UnityXR_SDK_V1.7.4/Editor/EditorUtilities/SDKEditorUtility.cs:62 
  at (wrapper managed-to-native) System.Reflection.RuntimeMethodInfo.InternalInvoke(System.Reflection.RuntimeMethodInfo,object,object[],System.Exception&)
  at System.Reflection.RuntimeMethodInfo.Invoke (System.Object obj, System.Reflection.BindingFlags invokeAttr, System.Reflection.Binder binder, System.Object[] parameters, System.Globalization.CultureInfo culture) [0x0006a] in <f78378fc25024256ba9c49776f5e810c>:0 
   --- End of inner exception stack trace ---
  at System.Reflection.RuntimeMethodInfo.Invoke (System.Object obj, System.Reflection.BindingFlags invokeAttr, System.Reflection.Binder binder, System.Object[] parameters, System.Globalization.CultureInfo culture) [0x00083] in <f78378fc25024256ba9c49776f5e810c>:0 
  at System.Reflection.MethodBase.Invoke (System.Object obj, System.Object[] parameters) [0x00000] in <f78378fc25024256ba9c49776f5e810c>:0 
  at UnityEditor.EditorAssemblies.ProcessInitializeOnLoadMethodAttributes () [0x000a5] in /Users/unity/sharedspace/ra_2021.3/Editor/Mono/EditorAssemblies.cs:147 
UnityEngine.StackTraceUtility:ExtractStackTrace () (at /Users/unity/sharedspace/ra_2021.3/Runtime/Export/Scripting/StackTrace.cs:37)
UnityEngine.DebugLogHandler:LogFormat (UnityEngine.LogType,UnityEngine.Object,string,object[])
UnityEngine.Logger:Log (UnityEngine.LogType,object)
UnityEngine.Debug:LogError (object)
UnityEditor.EditorAssemblies:ProcessInitializeOnLoadMethodAttributes () (at /Users/unity/sharedspace/ra_2021.3/Editor/Mono/EditorAssemblies.cs:151)

(Filename: /Users/unity/sharedspace/ra_2021.3/Editor/Mono/EditorAssemblies.cs Line: 151)

Mono: successfully reloaded assembly
- Completed reload, in  0.851 seconds
Domain Reload Profiling:
	ReloadAssembly (852ms)
		BeginReloadAssembly (78ms)
			ExecutionOrderSort (0ms)
			DisableScriptedObjects (2ms)
			BackupInstance (0ms)
			ReleaseScriptingObjects (0ms)
			CreateAndSetChildDomain (25ms)
		EndReloadAssembly (726ms)
			LoadAssemblies (40ms)
			RebuildTransferFunctionScriptingTraits (0ms)
			SetupTypeCache (166ms)
			ReleaseScriptCaches (2ms)
			RebuildScriptCaches (31ms)
			SetupLoadedEditorAssemblies (452ms)
				LogAssemblyErrors (0ms)
				InitializePlatformSupportModulesInManaged (18ms)
				SetLoadedEditorAssemblies (0ms)
				RefreshPlugins (0ms)
				BeforeProcessingInitializeOnLoad (37ms)
				ProcessInitializeOnLoadAttributes (117ms)
				ProcessInitializeOnLoadMethodAttributes (278ms)
				AfterProcessingInitializeOnLoad (1ms)
				EditorAssembliesLoaded (0ms)
			ExecutionOrderSort2 (0ms)
			AwakeInstancesAfterBackupRestoration (2ms)
Platform modules already initialized, skipping
Refreshing native plugins compatible for Editor in 0.98 ms, found 2 plugins.
Preloading 0 native plugins for Editor in 0.00 ms.
Unloading 4490 Unused Serialized files (Serialized files now loaded: 0)
Unloading 37 unused Assets / (0.6 MB). Loaded Objects now: 4967.
Memory consumption went from 165.9 MB to 165.3 MB.
Total: 2.579917 ms (FindLiveObjects: 0.134917 ms CreateObjectMapping: 0.056125 ms MarkObjects: 2.189917 ms  DeleteObjects: 0.198500 ms)

AssetImportParameters requested are different than current active one (requested -> active):
  custom:video-decoder-ogg-theora: a1e56fd34408186e4bbccfd4996cb3dc -> 
  custom:container-muxer-webm: aa71ff27fc2769a1b78a27578f13a17b -> 
  custom:container-demuxer-webm: 4f35f7cbe854078d1ac9338744f61a02 -> 
  custom:video-encoder-webm-vp8: eb34c28f22e8b96e1ab97ce403110664 -> 
  custom:framework-osx-AVFoundation: e770b220cccbd017edd2c1fefb359320 -> 
  custom:CustomObjectIndexerAttribute: bc11b3a6c3213fcdd17b65e7da85e133 -> 
  custom:audio-encoder-webm-vorbis: bf7c407c2cedff20999df2af8eb42d56 -> 
  custom:container-demuxer-ogg: 62fdf1f143b41e24485cea50d1cbac27 -> 
  custom:video-decoder-webm-vp8: 9c59270c3fd7afecdb556c50c9e8de78 -> 
  custom:audio-decoder-ogg-vorbis: bf7c407c2cedff20999df2af8eb42d56 -> 
========================================================================
Received Prepare
Refreshing native plugins compatible for Editor in 4.43 ms, found 2 plugins.
Preloading 0 native plugins for Editor in 0.00 ms.
Unloading 37 Unused Serialized files (Serialized files now loaded: 0)
Unloading 37 unused Assets / (0.6 MB). Loaded Objects now: 4967.
Memory consumption went from 76.8 MB to 76.2 MB.
Total: 2.776000 ms (FindLiveObjects: 0.140959 ms CreateObjectMapping: 0.056916 ms MarkObjects: 2.393417 ms  DeleteObjects: 0.184458 ms)

AssetImportParameters requested are different than current active one (requested -> active):
  custom:video-decoder-ogg-theora: a1e56fd34408186e4bbccfd4996cb3dc -> 
  custom:container-muxer-webm: aa71ff27fc2769a1b78a27578f13a17b -> 
  custom:container-demuxer-webm: 4f35f7cbe854078d1ac9338744f61a02 -> 
  custom:video-encoder-webm-vp8: eb34c28f22e8b96e1ab97ce403110664 -> 
  custom:framework-osx-AVFoundation: e770b220cccbd017edd2c1fefb359320 -> 
  custom:CustomObjectIndexerAttribute: bc11b3a6c3213fcdd17b65e7da85e133 -> 
  custom:audio-encoder-webm-vorbis: bf7c407c2cedff20999df2af8eb42d56 -> 
  custom:container-demuxer-ogg: 62fdf1f143b41e24485cea50d1cbac27 -> 
  custom:video-decoder-webm-vp8: 9c59270c3fd7afecdb556c50c9e8de78 -> 
  custom:audio-decoder-ogg-vorbis: bf7c407c2cedff20999df2af8eb42d56 -> 
[usbmuxd] Attached: 5 00008027-000425E03A62802E
[usbmuxd] Detached: 5 00008027-000425E03A62802E
[usbmuxd] Attached: 6 00008027-000425E03A62802E
[usbmuxd] Detached: 6 00008027-000425E03A62802E
[usbmuxd] Attached: 8 2ba7063883fbd310544b592ba87a5ee9945357e5
