Unity Editor version:    2021.3.29f1c1 (0b77087ad835)
Branch:                  2021.3/china_unity/release
Build type:              Release
Batch mode:              YES
macOS version:           Version 13.2.1 (Build 22D68)
Darwin version:          22.3.0
Architecture:            arm64
Running under Rosetta:   NO
Available memory:        16384 MB
Using pre-set license
Pro License: YES

COMMAND LINE ARGUMENTS:
/Applications/Unity/Hub/Editor/2021.3.29f1c1/Unity.app/Contents/MacOS/Unity
-adb2
-batchMode
-noUpm
-name
AssetImportWorker1
-projectPath
/Users/shuangsu/UnityProject/Day2
-logFile
Logs/AssetImportWorker1.log
-srvPort
59038
Successfully changed project path to: /Users/shuangsu/UnityProject/Day2
/Users/shuangsu/UnityProject/Day2
[UnityMemory] Configuration Parameters - Can be set up in boot.config
    "memorysetup-bucket-allocator-granularity=16"
    "memorysetup-bucket-allocator-bucket-count=8"
    "memorysetup-bucket-allocator-block-size=33554432"
    "memorysetup-bucket-allocator-block-count=8"
    "memorysetup-main-allocator-block-size=16777216"
    "memorysetup-thread-allocator-block-size=16777216"
    "memorysetup-gfx-main-allocator-block-size=16777216"
    "memorysetup-gfx-thread-allocator-block-size=16777216"
    "memorysetup-cache-allocator-block-size=4194304"
    "memorysetup-typetree-allocator-block-size=2097152"
    "memorysetup-profiler-bucket-allocator-granularity=16"
    "memorysetup-profiler-bucket-allocator-bucket-count=8"
    "memorysetup-profiler-bucket-allocator-block-size=33554432"
    "memorysetup-profiler-bucket-allocator-block-count=8"
    "memorysetup-profiler-allocator-block-size=16777216"
    "memorysetup-profiler-editor-allocator-block-size=1048576"
    "memorysetup-temp-allocator-size-main=16777216"
    "memorysetup-job-temp-allocator-block-size=2097152"
    "memorysetup-job-temp-allocator-block-size-background=1048576"
    "memorysetup-job-temp-allocator-reduction-small-platforms=262144"
    "memorysetup-temp-allocator-size-background-worker=32768"
    "memorysetup-temp-allocator-size-job-worker=262144"
    "memorysetup-temp-allocator-size-preload-manager=33554432"
    "memorysetup-temp-allocator-size-nav-mesh-worker=65536"
    "memorysetup-temp-allocator-size-audio-worker=65536"
    "memorysetup-temp-allocator-size-cloud-worker=32768"
    "memorysetup-temp-allocator-size-gi-baking-worker=262144"
    "memorysetup-temp-allocator-size-gfx=262144"
Player connection [8327528768] Host "[IP] 10.151.5.38 [Port] 0 [Flags] 2 [Guid] 1474048707 [EditorId] 1474048707 [Version] 1048832 [Id] OSXEditor(0,PrismdeMacBook-Pro.local) [Debug] 1 [PackageName] OSXEditor [ProjectName] Editor" joined multi-casting on [225.0.0.222:54997]...

Player connection [8327528768] Host "[IP] 10.151.5.38 [Port] 0 [Flags] 2 [Guid] 1474048707 [EditorId] 1474048707 [Version] 1048832 [Id] OSXEditor(0,PrismdeMacBook-Pro.local) [Debug] 1 [PackageName] OSXEditor [ProjectName] Editor" joined alternative multi-casting on [225.0.0.222:34997]...

AS: AutoStreaming module initializing.
Refreshing native plugins compatible for Editor in 78.78 ms, found 3 plugins.
Preloading 0 native plugins for Editor in 0.00 ms.
Initialize engine version: 2021.3.29f1c1 (0b77087ad835)
[Subsystems] Discovering subsystems at path /Applications/Unity/Hub/Editor/2021.3.29f1c1/Unity.app/Contents/Resources/UnitySubsystems
[Subsystems] Discovering subsystems at path /Users/shuangsu/UnityProject/Day2/Assets
GfxDevice: creating device client; threaded=0; jobified=0
 preferred device: Apple M1 Pro (high power)
Metal devices available: 1
0: Apple M1 Pro (high power)
Using device Apple M1 Pro (high power)
Initializing Metal device caps: Apple M1 Pro
Initialize mono
Mono path[0] = '/Applications/Unity/Hub/Editor/2021.3.29f1c1/Unity.app/Contents/Managed'
Mono path[1] = '/Applications/Unity/Hub/Editor/2021.3.29f1c1/Unity.app/Contents/MonoBleedingEdge/lib/mono/unityjit-macos'
Mono config path = '/Applications/Unity/Hub/Editor/2021.3.29f1c1/Unity.app/Contents/MonoBleedingEdge/etc'
Using monoOptions --debugger-agent=transport=dt_socket,embedding=1,server=y,suspend=n,address=127.0.0.1:56658
Begin MonoManager ReloadAssembly
Registering precompiled unity dll's ...
Register platform support module: /Applications/Unity/Hub/Editor/2021.3.29f1c1/Unity.app/Contents/PlaybackEngines/MacStandaloneSupport/UnityEditor.OSXStandalone.Extensions.dll
Register platform support module: /Applications/Unity/Hub/Editor/2021.3.29f1c1/PlaybackEngines/AndroidPlayer/UnityEditor.Android.Extensions.dll
Registered in 0.000836 seconds.
Native extension for Android target not found
Android Extension - Scanning For ADB Devices 73 ms
Native extension for OSXStandalone target not found
Refreshing native plugins compatible for Editor in 75.49 ms, found 3 plugins.
Preloading 0 native plugins for Editor in 0.00 ms.
Mono: successfully reloaded assembly
- Completed reload, in  0.459 seconds
Domain Reload Profiling:
	ReloadAssembly (459ms)
		BeginReloadAssembly (39ms)
			ExecutionOrderSort (0ms)
			DisableScriptedObjects (0ms)
			BackupInstance (0ms)
			ReleaseScriptingObjects (0ms)
			CreateAndSetChildDomain (0ms)
		EndReloadAssembly (370ms)
			LoadAssemblies (39ms)
			RebuildTransferFunctionScriptingTraits (0ms)
			SetupTypeCache (61ms)
			ReleaseScriptCaches (0ms)
			RebuildScriptCaches (18ms)
			SetupLoadedEditorAssemblies (266ms)
				LogAssemblyErrors (0ms)
				InitializePlatformSupportModulesInManaged (125ms)
				SetLoadedEditorAssemblies (0ms)
				RefreshPlugins (76ms)
				BeforeProcessingInitializeOnLoad (1ms)
				ProcessInitializeOnLoadAttributes (42ms)
				ProcessInitializeOnLoadMethodAttributes (23ms)
				AfterProcessingInitializeOnLoad (0ms)
				EditorAssembliesLoaded (0ms)
			ExecutionOrderSort2 (0ms)
			AwakeInstancesAfterBackupRestoration (0ms)
Platform modules already initialized, skipping
Registering precompiled user dll's ...
Registered in 0.001727 seconds.
Begin MonoManager ReloadAssembly
Symbol file LoadedFromMemory doesn't match image /Users/shuangsu/UnityProject/Day2/Library/PackageCache/com.unity.visualscripting@1.8.0/Editor/VisualScripting.Core/Dependencies/YamlDotNet/Unity.VisualScripting.YamlDotNet.dll
Symbol file LoadedFromMemory doesn't match image /Users/shuangsu/UnityProject/Day2/Library/PackageCache/com.unity.visualscripting@1.8.0/Editor/VisualScripting.Core/Dependencies/DotNetZip/Unity.VisualScripting.IonicZip.dll
Native extension for Android target not found
Native extension for OSXStandalone target not found
Refreshing native plugins compatible for Editor in 73.65 ms, found 3 plugins.
Preloading 0 native plugins for Editor in 0.00 ms.
Package Manager log level set to [2]
[Package Manager] Server::EnsureServerProcessIsRunning -- launch failed, reason: Unity was launched with the -noUpm command-line argument
[Package Manager] Cannot connect to Unity Package Manager local server
[Package Manager] Server::EnsureServerProcessIsRunning -- launch failed, reason: Unity was launched with the -noUpm command-line argument
[Package Manager] Cannot connect to Unity Package Manager local server
System.Reflection.TargetInvocationException: Exception has been thrown by the target of an invocation. ---> System.NullReferenceException: Object reference not set to an instance of an object
  at Ximmerse.XR.SDKEditorUtility.GetXimmerseXRSDKPackageInfo () [0x0000f] in /Users/shuangsu/UnityProject/Ximmerse_UnityXR_SDK_V1.7.4/Editor/EditorUtilities/SDKEditorUtility.cs:83 
  at Ximmerse.XR.SDKEditorUtility.InitializeEditor () [0x00000] in /Users/shuangsu/UnityProject/Ximmerse_UnityXR_SDK_V1.7.4/Editor/EditorUtilities/SDKEditorUtility.cs:62 
  at (wrapper managed-to-native) System.Reflection.RuntimeMethodInfo.InternalInvoke(System.Reflection.RuntimeMethodInfo,object,object[],System.Exception&)
  at System.Reflection.RuntimeMethodInfo.Invoke (System.Object obj, System.Reflection.BindingFlags invokeAttr, System.Reflection.Binder binder, System.Object[] parameters, System.Globalization.CultureInfo culture) [0x0006a] in <f78378fc25024256ba9c49776f5e810c>:0 
   --- End of inner exception stack trace ---
  at System.Reflection.RuntimeMethodInfo.Invoke (System.Object obj, System.Reflection.BindingFlags invokeAttr, System.Reflection.Binder binder, System.Object[] parameters, System.Globalization.CultureInfo culture) [0x00083] in <f78378fc25024256ba9c49776f5e810c>:0 
  at System.Reflection.MethodBase.Invoke (System.Object obj, System.Object[] parameters) [0x00000] in <f78378fc25024256ba9c49776f5e810c>:0 
  at UnityEditor.EditorAssemblies.ProcessInitializeOnLoadMethodAttributes () [0x000a5] in /Users/unity/sharedspace/ra_2021.3/Editor/Mono/EditorAssemblies.cs:147 
UnityEngine.StackTraceUtility:ExtractStackTrace () (at /Users/unity/sharedspace/ra_2021.3/Runtime/Export/Scripting/StackTrace.cs:37)
UnityEngine.DebugLogHandler:LogFormat (UnityEngine.LogType,UnityEngine.Object,string,object[])
UnityEngine.Logger:Log (UnityEngine.LogType,object)
UnityEngine.Debug:LogError (object)
UnityEditor.EditorAssemblies:ProcessInitializeOnLoadMethodAttributes () (at /Users/unity/sharedspace/ra_2021.3/Editor/Mono/EditorAssemblies.cs:151)

(Filename: /Users/unity/sharedspace/ra_2021.3/Editor/Mono/EditorAssemblies.cs Line: 151)

Mono: successfully reloaded assembly
- Completed reload, in  1.006 seconds
Domain Reload Profiling:
	ReloadAssembly (1006ms)
		BeginReloadAssembly (54ms)
			ExecutionOrderSort (0ms)
			DisableScriptedObjects (3ms)
			BackupInstance (0ms)
			ReleaseScriptingObjects (0ms)
			CreateAndSetChildDomain (10ms)
		EndReloadAssembly (897ms)
			LoadAssemblies (91ms)
			RebuildTransferFunctionScriptingTraits (0ms)
			SetupTypeCache (165ms)
			ReleaseScriptCaches (0ms)
			RebuildScriptCaches (42ms)
			SetupLoadedEditorAssemblies (564ms)
				LogAssemblyErrors (0ms)
				InitializePlatformSupportModulesInManaged (9ms)
				SetLoadedEditorAssemblies (0ms)
				RefreshPlugins (74ms)
				BeforeProcessingInitializeOnLoad (62ms)
				ProcessInitializeOnLoadAttributes (142ms)
				ProcessInitializeOnLoadMethodAttributes (277ms)
				AfterProcessingInitializeOnLoad (1ms)
				EditorAssembliesLoaded (0ms)
			ExecutionOrderSort2 (0ms)
			AwakeInstancesAfterBackupRestoration (2ms)
Platform modules already initialized, skipping
========================================================================
Worker process is ready to serve import requests
Launching external process: /Applications/Unity/Hub/Editor/2021.3.29f1c1/Unity.app/Contents/Tools/UnityShaderCompiler
Launched and connected shader compiler UnityShaderCompiler after 0.05 seconds
Refreshing native plugins compatible for Editor in 0.71 ms, found 3 plugins.
Preloading 0 native plugins for Editor in 0.00 ms.
Unloading 4540 Unused Serialized files (Serialized files now loaded: 0)
Unloading 35 unused Assets / (Unknown). Loaded Objects now: 5018.
Memory consumption went from 241.6 MB to 241.7 MB.
Total: 3.315292 ms (FindLiveObjects: 0.188125 ms CreateObjectMapping: 0.057542 ms MarkObjects: 2.977833 ms  DeleteObjects: 0.091208 ms)

AssetImportParameters requested are different than current active one (requested -> active):
  custom:video-decoder-ogg-theora: a1e56fd34408186e4bbccfd4996cb3dc -> 
  custom:container-muxer-webm: aa71ff27fc2769a1b78a27578f13a17b -> 
  custom:container-demuxer-webm: 4f35f7cbe854078d1ac9338744f61a02 -> 
  custom:video-encoder-webm-vp8: eb34c28f22e8b96e1ab97ce403110664 -> 
  custom:framework-osx-AVFoundation: e770b220cccbd017edd2c1fefb359320 -> 
  custom:audio-encoder-webm-vorbis: bf7c407c2cedff20999df2af8eb42d56 -> 
  custom:container-demuxer-ogg: 62fdf1f143b41e24485cea50d1cbac27 -> 
  custom:video-decoder-webm-vp8: 9c59270c3fd7afecdb556c50c9e8de78 -> 
  custom:audio-decoder-ogg-vorbis: bf7c407c2cedff20999df2af8eb42d56 -> 
========================================================================
Received Import Request.
  Time since last request: 10622.566346 seconds.
  path: Assets/Polytope Studio/Lowpoly_Environments/Prefabs/Trees/PT_Fruit_Tree_01_apples.prefab
  artifactKey: Guid(fe0c38f5305f2e14ca7e033eed8192aa) Importer(815301076,1909f56bfc062723c751e8b465ee728b)
Start importing Assets/Polytope Studio/Lowpoly_Environments/Prefabs/Trees/PT_Fruit_Tree_01_apples.prefab using Guid(fe0c38f5305f2e14ca7e033eed8192aa) Importer(815301076,1909f56bfc062723c751e8b465ee728b)  -> (artifact id: 'b4f05807f118cbcb3d293e95fbbb440d') in 0.233309 seconds 
========================================================================
Received Import Request.
  Time since last request: 0.000091 seconds.
  path: Assets/Simple Garage/Prefabs/White suitcase.001.prefab
  artifactKey: Guid(2fb2185719527a940822925e018c4306) Importer(815301076,1909f56bfc062723c751e8b465ee728b)
Start importing Assets/Simple Garage/Prefabs/White suitcase.001.prefab using Guid(2fb2185719527a940822925e018c4306) Importer(815301076,1909f56bfc062723c751e8b465ee728b)  -> (artifact id: 'e0bb3e8a5e73957fdffff61c6b39328b') in 0.032704 seconds 
========================================================================
Received Import Request.
  Time since last request: 0.000055 seconds.
  path: Assets/Polytope Studio/Lowpoly_Environments/Prefabs/Trees/PT_Pine_Tree_03_green.prefab
  artifactKey: Guid(ceda9be89f930ac42b32ff5ae10598cd) Importer(815301076,1909f56bfc062723c751e8b465ee728b)
Start importing Assets/Polytope Studio/Lowpoly_Environments/Prefabs/Trees/PT_Pine_Tree_03_green.prefab using Guid(ceda9be89f930ac42b32ff5ae10598cd) Importer(815301076,1909f56bfc062723c751e8b465ee728b)  -> (artifact id: 'bb73443d1b658d5c5b6649895f64ceb7') in 0.007403 seconds 
========================================================================
Received Import Request.
  Time since last request: 0.000053 seconds.
  path: Assets/Polytope Studio/Lowpoly_Environments/Prefabs/Rocks/PT_Ore_Rock_01_split.prefab
  artifactKey: Guid(08dc6dea988fc6d4db0c50c111bd77dc) Importer(815301076,1909f56bfc062723c751e8b465ee728b)
Start importing Assets/Polytope Studio/Lowpoly_Environments/Prefabs/Rocks/PT_Ore_Rock_01_split.prefab using Guid(08dc6dea988fc6d4db0c50c111bd77dc) Importer(815301076,1909f56bfc062723c751e8b465ee728b)  -> (artifact id: '8f9d2e0d1ae128dd5cde3e3a34efed19') in 0.095764 seconds 
========================================================================
Received Import Request.
  Time since last request: 0.000063 seconds.
  path: Assets/Samples/XR Interaction Toolkit/2.4.0/Starter Assets/Prefabs/UI_2D/Scroll UI Sample.prefab
  artifactKey: Guid(0cbc0856f0fb8d84a81be5dea463c369) Importer(815301076,1909f56bfc062723c751e8b465ee728b)
Start importing Assets/Samples/XR Interaction Toolkit/2.4.0/Starter Assets/Prefabs/UI_2D/Scroll UI Sample.prefab using Guid(0cbc0856f0fb8d84a81be5dea463c369) Importer(815301076,1909f56bfc062723c751e8b465ee728b)  -> (artifact id: '1370ba401e87cb2c796755df188cd4d1') in 0.008908 seconds 
========================================================================
Received Import Request.
  Time since last request: 0.000718 seconds.
  path: Assets/Polytope Studio/Lowpoly_Environments/Prefabs/Mushrooms/PT_Caesars_Mushroom_01.prefab
  artifactKey: Guid(61982c2c99063e44e9e4646d763c0439) Importer(815301076,1909f56bfc062723c751e8b465ee728b)
Start importing Assets/Polytope Studio/Lowpoly_Environments/Prefabs/Mushrooms/PT_Caesars_Mushroom_01.prefab using Guid(61982c2c99063e44e9e4646d763c0439) Importer(815301076,1909f56bfc062723c751e8b465ee728b)  -> (artifact id: 'b309a695e7c2a7ebf4ba78bc7ed87ed3') in 0.007376 seconds 
========================================================================
Received Import Request.
  Time since last request: 0.000063 seconds.
  path: Assets/Simple Garage/Prefabs/Red suitcase.prefab
  artifactKey: Guid(3c038440dce791140a9e285b50533002) Importer(815301076,1909f56bfc062723c751e8b465ee728b)
Start importing Assets/Simple Garage/Prefabs/Red suitcase.prefab using Guid(3c038440dce791140a9e285b50533002) Importer(815301076,1909f56bfc062723c751e8b465ee728b)  -> (artifact id: 'ba3905683573ce2fbd93311ef88a6a4a') in 0.006217 seconds 
========================================================================
Received Import Request.
  Time since last request: 0.000038 seconds.
  path: Assets/Samples/XR Interaction Toolkit/2.4.0/Starter Assets/Prefabs/Interactors/Teleport Interactor.prefab
  artifactKey: Guid(c1800acf6366418a9b5f610249000331) Importer(815301076,1909f56bfc062723c751e8b465ee728b)
Start importing Assets/Samples/XR Interaction Toolkit/2.4.0/Starter Assets/Prefabs/Interactors/Teleport Interactor.prefab using Guid(c1800acf6366418a9b5f610249000331) Importer(815301076,1909f56bfc062723c751e8b465ee728b)  -> (artifact id: '4831bb311ad8ea90dbbc7069389d714a') in 0.011321 seconds 
========================================================================
Received Import Request.
  Time since last request: 0.000061 seconds.
  path: Assets/Polytope Studio/Lowpoly_Environments/Prefabs/Trees/PT_Fruit_Tree_01_pears.prefab
  artifactKey: Guid(a2e14d87834a62041a457f0dcc62b265) Importer(815301076,1909f56bfc062723c751e8b465ee728b)
Start importing Assets/Polytope Studio/Lowpoly_Environments/Prefabs/Trees/PT_Fruit_Tree_01_pears.prefab using Guid(a2e14d87834a62041a457f0dcc62b265) Importer(815301076,1909f56bfc062723c751e8b465ee728b)  -> (artifact id: 'caeac2671d755e27991a6e6a7964b5d7') in 0.008343 seconds 
========================================================================
Received Import Request.
  Time since last request: 0.000061 seconds.
  path: Assets/Samples/XR Interaction Toolkit/2.4.0/XR Device Simulator/UI/XR Device Simulator UI.prefab
  artifactKey: Guid(ead42e0472b7547fbba6c229aeaf37d3) Importer(815301076,1909f56bfc062723c751e8b465ee728b)
Start importing Assets/Samples/XR Interaction Toolkit/2.4.0/XR Device Simulator/UI/XR Device Simulator UI.prefab using Guid(ead42e0472b7547fbba6c229aeaf37d3) Importer(815301076,1909f56bfc062723c751e8b465ee728b)  -> (artifact id: '9eed1c152959d50ef820fbf1630868e2') in 0.009792 seconds 
========================================================================
Received Import Request.
  Time since last request: 0.000049 seconds.
  path: Assets/Samples/XR Interaction Toolkit/2.4.0/Starter Assets/Prefabs/Teleport/Teleport Area.prefab
  artifactKey: Guid(beb4e2871579447497fe41dfb108e2cd) Importer(815301076,1909f56bfc062723c751e8b465ee728b)
Start importing Assets/Samples/XR Interaction Toolkit/2.4.0/Starter Assets/Prefabs/Teleport/Teleport Area.prefab using Guid(beb4e2871579447497fe41dfb108e2cd) Importer(815301076,1909f56bfc062723c751e8b465ee728b)  -> (artifact id: '22288038a60092099b48e499e5715527') in 0.031643 seconds 
========================================================================
Received Import Request.
  Time since last request: 0.000068 seconds.
  path: Assets/Simple Garage/Prefabs/Small stool.prefab
  artifactKey: Guid(69ee440018931c84785234bdf576f469) Importer(815301076,1909f56bfc062723c751e8b465ee728b)
Start importing Assets/Simple Garage/Prefabs/Small stool.prefab using Guid(69ee440018931c84785234bdf576f469) Importer(815301076,1909f56bfc062723c751e8b465ee728b)  -> (artifact id: 'e0f01115cdcea1fbf76a4acd92d3e574') in 0.007707 seconds 
========================================================================
Received Import Request.
  Time since last request: 0.000038 seconds.
  path: Assets/Samples/XR Interaction Toolkit/2.4.0/Starter Assets/Prefabs/Controllers/XR Controller Left.prefab
  artifactKey: Guid(1392f805216c47742996d4742c80721c) Importer(815301076,1909f56bfc062723c751e8b465ee728b)
Start importing Assets/Samples/XR Interaction Toolkit/2.4.0/Starter Assets/Prefabs/Controllers/XR Controller Left.prefab using Guid(1392f805216c47742996d4742c80721c) Importer(815301076,1909f56bfc062723c751e8b465ee728b)  -> (artifact id: '0acea7d43a8a35a3d934be6d51143a99') in 0.013844 seconds 
========================================================================
Received Import Request.
  Time since last request: 0.000041 seconds.
  path: Assets/Samples/XR Interaction Toolkit/2.4.0/Starter Assets/Prefabs/UI_3D/Push Button.prefab
  artifactKey: Guid(76f3439a0ae796e4b81bee3f91f888ee) Importer(815301076,1909f56bfc062723c751e8b465ee728b)
Start importing Assets/Samples/XR Interaction Toolkit/2.4.0/Starter Assets/Prefabs/UI_3D/Push Button.prefab using Guid(76f3439a0ae796e4b81bee3f91f888ee) Importer(815301076,1909f56bfc062723c751e8b465ee728b)  -> (artifact id: '5195d8a0e8103250576444f286d8cdf5') in 0.017723 seconds 
========================================================================
Received Import Request.
  Time since last request: 0.000088 seconds.
  path: Packages/com.ximmerse.xr/Resources/XR Origin (ActionBase).prefab
  artifactKey: Guid(8ee88433b048aa646a9d8306da33e3c2) Importer(815301076,1909f56bfc062723c751e8b465ee728b)
Start importing Packages/com.ximmerse.xr/Resources/XR Origin (ActionBase).prefab using Guid(8ee88433b048aa646a9d8306da33e3c2) Importer(815301076,1909f56bfc062723c751e8b465ee728b)  -> (artifact id: 'ab13f4b06a55890e7a014f9e3a30a237') in 0.003795 seconds 
========================================================================
Received Import Request.
  Time since last request: 0.000047 seconds.
  path: Assets/Simple Garage/Prefabs/Round Drill Bits.prefab
  artifactKey: Guid(ff10122fa2af38e47ab81e33cd4aba74) Importer(815301076,1909f56bfc062723c751e8b465ee728b)
Start importing Assets/Simple Garage/Prefabs/Round Drill Bits.prefab using Guid(ff10122fa2af38e47ab81e33cd4aba74) Importer(815301076,1909f56bfc062723c751e8b465ee728b)  -> (artifact id: '92337868b11a50e1ab81c4edbe45cc13') in 0.004586 seconds 
========================================================================
Received Import Request.
  Time since last request: 0.000062 seconds.
  path: Packages/com.ximmerse.xr/Contents/VirtualKeyboard/Prefab/Virtual Keyboard.prefab
  artifactKey: Guid(6332cefa0c3c02049842fbed64b35e5b) Importer(815301076,1909f56bfc062723c751e8b465ee728b)
Start importing Packages/com.ximmerse.xr/Contents/VirtualKeyboard/Prefab/Virtual Keyboard.prefab using Guid(6332cefa0c3c02049842fbed64b35e5b) Importer(815301076,1909f56bfc062723c751e8b465ee728b)  -> (artifact id: 'bd4082afea91f6674dd7112fa7ec76fc') in 0.008767 seconds 
========================================================================
Received Import Request.
  Time since last request: 0.000059 seconds.
  path: Packages/com.ximmerse.xr/Resources/Gesture/Prefabs/Virtual Hand Model.prefab
  artifactKey: Guid(f231add663c402b48b993678107d7a09) Importer(815301076,1909f56bfc062723c751e8b465ee728b)
Start importing Packages/com.ximmerse.xr/Resources/Gesture/Prefabs/Virtual Hand Model.prefab using Guid(f231add663c402b48b993678107d7a09) Importer(815301076,1909f56bfc062723c751e8b465ee728b)  -> (artifact id: '15c66b2f8995364deaad32881475c9d9') in 0.103390 seconds 
========================================================================
Received Import Request.
  Time since last request: 76.465088 seconds.
  path: Assets/Simple Garage/Textures/2K-false_ceiling_normal.png
  artifactKey: Guid(b722543030734cb4893dea1471a6b4fb) Importer(815301076,1909f56bfc062723c751e8b465ee728b)
Start importing Assets/Simple Garage/Textures/2K-false_ceiling_normal.png using Guid(b722543030734cb4893dea1471a6b4fb) Importer(815301076,1909f56bfc062723c751e8b465ee728b)  -> (artifact id: '0ed5d31d51c8382245a8fbe78d4d8fe8') in 0.501204 seconds 
========================================================================
Received Import Request.
  Time since last request: 0.000078 seconds.
  path: Assets/Simple Garage/Textures/Longboard albedo.png
  artifactKey: Guid(a9e43d61b7b32a440a91ccc535440b62) Importer(815301076,1909f56bfc062723c751e8b465ee728b)
Start importing Assets/Simple Garage/Textures/Longboard albedo.png using Guid(a9e43d61b7b32a440a91ccc535440b62) Importer(815301076,1909f56bfc062723c751e8b465ee728b)  -> (artifact id: '8ce240aa2e27b03a88df6b4b4f97219b') in 0.007022 seconds 
========================================================================
Received Import Request.
  Time since last request: 0.000043 seconds.
  path: Assets/Simple Garage/Textures/Main noise normal.png
  artifactKey: Guid(c2c7f27d3729db64bb8eac2f8103f0db) Importer(815301076,1909f56bfc062723c751e8b465ee728b)
Start importing Assets/Simple Garage/Textures/Main noise normal.png using Guid(c2c7f27d3729db64bb8eac2f8103f0db) Importer(815301076,1909f56bfc062723c751e8b465ee728b)  -> (artifact id: '6c926468a0b27c2ce86618d09686c5ba') in 0.007056 seconds 
========================================================================
Received Import Request.
  Time since last request: 0.000038 seconds.
  path: Assets/Simple Garage/Textures/CorrogateShiny.png
  artifactKey: Guid(252532053d8b08643b7e54a5955cdc15) Importer(815301076,1909f56bfc062723c751e8b465ee728b)
Start importing Assets/Simple Garage/Textures/CorrogateShiny.png using Guid(252532053d8b08643b7e54a5955cdc15) Importer(815301076,1909f56bfc062723c751e8b465ee728b)  -> (artifact id: 'bdb7ae82e2892240d69c6abe5ad926ec') in 0.005235 seconds 
========================================================================
Received Import Request.
  Time since last request: 0.000089 seconds.
  path: Assets/Simple Garage/Textures/garage_door_height.png
  artifactKey: Guid(cdc6a1ae452302f4dacba447db6677e7) Importer(815301076,1909f56bfc062723c751e8b465ee728b)
Start importing Assets/Simple Garage/Textures/garage_door_height.png using Guid(cdc6a1ae452302f4dacba447db6677e7) Importer(815301076,1909f56bfc062723c751e8b465ee728b)  -> (artifact id: 'b67fafb27a7507ed28f858e327400ed4') in 0.006090 seconds 
========================================================================
Received Import Request.
  Time since last request: 0.000042 seconds.
  path: Assets/Simple Garage/Textures/Metal_Aluminum_Anodized.png
  artifactKey: Guid(669beda05f29a5f47a3349915f0b6e85) Importer(815301076,1909f56bfc062723c751e8b465ee728b)
Start importing Assets/Simple Garage/Textures/Metal_Aluminum_Anodized.png using Guid(669beda05f29a5f47a3349915f0b6e85) Importer(815301076,1909f56bfc062723c751e8b465ee728b)  -> (artifact id: 'e7984b14e4feecf35fb87add56ac5688') in 0.006521 seconds 
========================================================================
Received Import Request.
  Time since last request: 0.000046 seconds.
  path: Assets/Simple Garage/Textures/worn_metal4_Normal-ogl.png
  artifactKey: Guid(644cba5b908db5b40a39622776460a89) Importer(815301076,1909f56bfc062723c751e8b465ee728b)
Start importing Assets/Simple Garage/Textures/worn_metal4_Normal-ogl.png using Guid(644cba5b908db5b40a39622776460a89) Importer(815301076,1909f56bfc062723c751e8b465ee728b)  -> (artifact id: '4e071dd1dd701c0740c5df64c5fcba25') in 0.005508 seconds 
========================================================================
Received Import Request.
  Time since last request: 0.000052 seconds.
  path: Assets/Simple Garage/Textures/Carpet normal.png
  artifactKey: Guid(f4e2b9a4e26ea4d4e9e111f77707e914) Importer(815301076,1909f56bfc062723c751e8b465ee728b)
Start importing Assets/Simple Garage/Textures/Carpet normal.png using Guid(f4e2b9a4e26ea4d4e9e111f77707e914) Importer(815301076,1909f56bfc062723c751e8b465ee728b)  -> (artifact id: '23546a22ccb8a322a7c4fdee116033f6') in 0.004702 seconds 
========================================================================
Received Import Request.
  Time since last request: 0.000045 seconds.
  path: Assets/Simple Garage/Textures/im_concrete14.png
  artifactKey: Guid(a90a6b1fb3523a94ab676af4db9e8e55) Importer(815301076,1909f56bfc062723c751e8b465ee728b)
Start importing Assets/Simple Garage/Textures/im_concrete14.png using Guid(a90a6b1fb3523a94ab676af4db9e8e55) Importer(815301076,1909f56bfc062723c751e8b465ee728b)  -> (artifact id: 'e3841007f91108e715953bfeceb9ebb8') in 0.006614 seconds 
========================================================================
Received Import Request.
  Time since last request: 0.000037 seconds.
  path: Assets/Simple Garage/Textures/Exteriour albedo.png
  artifactKey: Guid(6a91e09a1179eaf438b4b8b99f793784) Importer(815301076,1909f56bfc062723c751e8b465ee728b)
Start importing Assets/Simple Garage/Textures/Exteriour albedo.png using Guid(6a91e09a1179eaf438b4b8b99f793784) Importer(815301076,1909f56bfc062723c751e8b465ee728b)  -> (artifact id: 'ff00f8fc70c4fb492fef4921e806bec9') in 0.005712 seconds 
========================================================================
Received Import Request.
  Time since last request: 0.000077 seconds.
  path: Assets/Simple Garage/Textures/Exteriour roughness.png
  artifactKey: Guid(71892ab5c081f8248a9a463e2661e0b2) Importer(815301076,1909f56bfc062723c751e8b465ee728b)
Start importing Assets/Simple Garage/Textures/Exteriour roughness.png using Guid(71892ab5c081f8248a9a463e2661e0b2) Importer(815301076,1909f56bfc062723c751e8b465ee728b)  -> (artifact id: '2ee88c2088b4eafe2fb88967650516f3') in 0.005549 seconds 
========================================================================
Received Import Request.
  Time since last request: 0.000082 seconds.
  path: Assets/Simple Garage/Textures/Wood059_2K_normal.png
  artifactKey: Guid(98bd850a50e07374b8a13cd638ef6d6f) Importer(815301076,1909f56bfc062723c751e8b465ee728b)
Start importing Assets/Simple Garage/Textures/Wood059_2K_normal.png using Guid(98bd850a50e07374b8a13cd638ef6d6f) Importer(815301076,1909f56bfc062723c751e8b465ee728b)  -> (artifact id: '804dbc00dab25eea731bc77532ffd27a') in 0.006773 seconds 
========================================================================
Received Import Request.
  Time since last request: 0.000051 seconds.
  path: Assets/Simple Garage/Textures/worn_metal4_Height.png
  artifactKey: Guid(e584040eeea7c104bba4f7f17d32ab07) Importer(815301076,1909f56bfc062723c751e8b465ee728b)
Start importing Assets/Simple Garage/Textures/worn_metal4_Height.png using Guid(e584040eeea7c104bba4f7f17d32ab07) Importer(815301076,1909f56bfc062723c751e8b465ee728b)  -> (artifact id: '70b8e82c9a94a0013042cf31914a93cd') in 0.008405 seconds 
========================================================================
Received Import Request.
  Time since last request: 0.000062 seconds.
  path: Assets/Simple Garage/Textures/Camouflage suitcase relief albedo.png
  artifactKey: Guid(c7eea5edc5c27944da4e38a8767a2d69) Importer(815301076,1909f56bfc062723c751e8b465ee728b)
Start importing Assets/Simple Garage/Textures/Camouflage suitcase relief albedo.png using Guid(c7eea5edc5c27944da4e38a8767a2d69) Importer(815301076,1909f56bfc062723c751e8b465ee728b)  -> (artifact id: 'fc75e4ae6b1a8a6d0556cbc5d035c45b') in 0.006158 seconds 
========================================================================
Received Import Request.
  Time since last request: 0.000057 seconds.
  path: Assets/Simple Garage/Textures/et_nonslip_vrusty_s.png
  artifactKey: Guid(7e352a2c8ff40c84d9446f55e6256368) Importer(815301076,1909f56bfc062723c751e8b465ee728b)
Start importing Assets/Simple Garage/Textures/et_nonslip_vrusty_s.png using Guid(7e352a2c8ff40c84d9446f55e6256368) Importer(815301076,1909f56bfc062723c751e8b465ee728b)  -> (artifact id: '5cc0e834b922022803f77d1cbafcc632') in 0.005765 seconds 
========================================================================
Received Import Request.
  Time since last request: 0.000060 seconds.
  path: Assets/Simple Garage/Textures/2K-tiling_44_normal.png
  artifactKey: Guid(d5d7bf261e5338146abc85e5c3f572a9) Importer(815301076,1909f56bfc062723c751e8b465ee728b)
Start importing Assets/Simple Garage/Textures/2K-tiling_44_normal.png using Guid(d5d7bf261e5338146abc85e5c3f572a9) Importer(815301076,1909f56bfc062723c751e8b465ee728b)  -> (artifact id: '71cff367c1074df7af3caa9f600f352b') in 0.006049 seconds 
========================================================================
Received Import Request.
  Time since last request: 0.000073 seconds.
  path: Assets/Simple Garage/Textures/Small stool normal.png
  artifactKey: Guid(7511d22632d758540a3dd9ef3019ee15) Importer(815301076,1909f56bfc062723c751e8b465ee728b)
Start importing Assets/Simple Garage/Textures/Small stool normal.png using Guid(7511d22632d758540a3dd9ef3019ee15) Importer(815301076,1909f56bfc062723c751e8b465ee728b)  -> (artifact id: '2fec4ae86ab6fcfd50725cd36955ff37') in 0.004997 seconds 
========================================================================
Received Import Request.
  Time since last request: 0.000054 seconds.
  path: Assets/Simple Garage/Textures/Wood_Pegboard_White.png
  artifactKey: Guid(a293da656f0dcc24685c972db5ca19c8) Importer(815301076,1909f56bfc062723c751e8b465ee728b)
Start importing Assets/Simple Garage/Textures/Wood_Pegboard_White.png using Guid(a293da656f0dcc24685c972db5ca19c8) Importer(815301076,1909f56bfc062723c751e8b465ee728b)  -> (artifact id: 'aac2d80bde664387706c774df4c38d81') in 0.005016 seconds 
========================================================================
Received Import Request.
  Time since last request: 0.000114 seconds.
  path: Assets/Simple Garage/Textures/longboard.png
  artifactKey: Guid(80acb8a7229aec74692c2321a8e96196) Importer(815301076,1909f56bfc062723c751e8b465ee728b)
Start importing Assets/Simple Garage/Textures/longboard.png using Guid(80acb8a7229aec74692c2321a8e96196) Importer(815301076,1909f56bfc062723c751e8b465ee728b)  -> (artifact id: 'f4a454e164cc1623da6b4673aaca6ca0') in 0.005432 seconds 
========================================================================
Received Import Request.
  Time since last request: 0.000078 seconds.
  path: Assets/Simple Garage/Textures/Wood062_2K_Roughness.png
  artifactKey: Guid(e81b3a66e988ff44eb91e79750ecee80) Importer(815301076,1909f56bfc062723c751e8b465ee728b)
Start importing Assets/Simple Garage/Textures/Wood062_2K_Roughness.png using Guid(e81b3a66e988ff44eb91e79750ecee80) Importer(815301076,1909f56bfc062723c751e8b465ee728b)  -> (artifact id: 'bd78ffff0df106bf99c5b2973f17504c') in 0.006674 seconds 
========================================================================
Received Import Request.
  Time since last request: 0.000043 seconds.
  path: Assets/Simple Garage/Textures/Wood.003 roughness.png
  artifactKey: Guid(6b921c1eded1af946b41bf43c7a6fcfe) Importer(815301076,1909f56bfc062723c751e8b465ee728b)
Start importing Assets/Simple Garage/Textures/Wood.003 roughness.png using Guid(6b921c1eded1af946b41bf43c7a6fcfe) Importer(815301076,1909f56bfc062723c751e8b465ee728b)  -> (artifact id: '54dcc00af4830531747e31ee559974da') in 0.004520 seconds 
========================================================================
Received Import Request.
  Time since last request: 0.000050 seconds.
  path: Assets/Simple Garage/Textures/Garage door normal.png
  artifactKey: Guid(dd22aac45f9ffb944b147a6210418e3c) Importer(815301076,1909f56bfc062723c751e8b465ee728b)
Start importing Assets/Simple Garage/Textures/Garage door normal.png using Guid(dd22aac45f9ffb944b147a6210418e3c) Importer(815301076,1909f56bfc062723c751e8b465ee728b)  -> (artifact id: 'b05cd508df2adb12cdcee4b989de3ec5') in 0.005068 seconds 
========================================================================
Received Import Request.
  Time since last request: 0.000052 seconds.
  path: Assets/Simple Garage/Textures/garage_door_normal.png
  artifactKey: Guid(9b89c1688b91ec7409d38d6806612ac3) Importer(815301076,1909f56bfc062723c751e8b465ee728b)
Start importing Assets/Simple Garage/Textures/garage_door_normal.png using Guid(9b89c1688b91ec7409d38d6806612ac3) Importer(815301076,1909f56bfc062723c751e8b465ee728b)  -> (artifact id: 'bce0768020733c58eb11121e0eff6bf5') in 0.009599 seconds 
========================================================================
Received Import Request.
  Time since last request: 0.000042 seconds.
  path: Assets/Simple Garage/Textures/Metal_Steel_Textured.png
  artifactKey: Guid(ffa3edae687abb748a570e98efecb612) Importer(815301076,1909f56bfc062723c751e8b465ee728b)
Start importing Assets/Simple Garage/Textures/Metal_Steel_Textured.png using Guid(ffa3edae687abb748a570e98efecb612) Importer(815301076,1909f56bfc062723c751e8b465ee728b)  -> (artifact id: 'fb4ef4db733a3e25c17246b54b7a3786') in 0.006093 seconds 
========================================================================
Received Import Request.
  Time since last request: 0.000046 seconds.
  path: Assets/Simple Garage/Textures/Garage door albedo.png
  artifactKey: Guid(bbf9486243dac6544acd6bafec55aefc) Importer(815301076,1909f56bfc062723c751e8b465ee728b)
Start importing Assets/Simple Garage/Textures/Garage door albedo.png using Guid(bbf9486243dac6544acd6bafec55aefc) Importer(815301076,1909f56bfc062723c751e8b465ee728b)  -> (artifact id: '49bcb7536d997030dc6c952385f46e4f') in 0.006560 seconds 
========================================================================
Received Import Request.
  Time since last request: 0.000059 seconds.
  path: Assets/Simple Garage/Textures/Longboard normal.png
  artifactKey: Guid(7fe392972fe01c04e9844afbf18282fa) Importer(815301076,1909f56bfc062723c751e8b465ee728b)
Start importing Assets/Simple Garage/Textures/Longboard normal.png using Guid(7fe392972fe01c04e9844afbf18282fa) Importer(815301076,1909f56bfc062723c751e8b465ee728b)  -> (artifact id: '28b51f4c4c663830c85847f24738276d') in 0.006130 seconds 
========================================================================
Received Import Request.
  Time since last request: 0.000063 seconds.
  path: Assets/Simple Garage/Textures/Wood059_2K_Roughness_bake.png
  artifactKey: Guid(8f7cca778c26f01499e56e9f4bcf7dea) Importer(815301076,1909f56bfc062723c751e8b465ee728b)
Start importing Assets/Simple Garage/Textures/Wood059_2K_Roughness_bake.png using Guid(8f7cca778c26f01499e56e9f4bcf7dea) Importer(815301076,1909f56bfc062723c751e8b465ee728b)  -> (artifact id: '15ede13df14d2403da1bdcd4028a1d4b') in 0.005030 seconds 
========================================================================
Received Import Request.
  Time since last request: 0.000050 seconds.
  path: Assets/Simple Garage/Textures/Noisy floor.png
  artifactKey: Guid(ec4921a1dcb433e428cab04a576d27a3) Importer(815301076,1909f56bfc062723c751e8b465ee728b)
Start importing Assets/Simple Garage/Textures/Noisy floor.png using Guid(ec4921a1dcb433e428cab04a576d27a3) Importer(815301076,1909f56bfc062723c751e8b465ee728b)  -> (artifact id: '13481f5bf5b81ef178545a5bde2f350c') in 0.005415 seconds 
========================================================================
Received Import Request.
  Time since last request: 1.928658 seconds.
  path: Assets/Simple Garage/Models/Socket.fbx
  artifactKey: Guid(b91c351aa9cc29d4bb872aff2555bec6) Importer(815301076,1909f56bfc062723c751e8b465ee728b)
Start importing Assets/Simple Garage/Models/Socket.fbx using Guid(b91c351aa9cc29d4bb872aff2555bec6) Importer(815301076,1909f56bfc062723c751e8b465ee728b)  -> (artifact id: 'c437256bc216500237c48d21f14f92b2') in 0.477164 seconds 
========================================================================
Received Prepare
Refreshing native plugins compatible for Editor in 4.92 ms, found 3 plugins.
Preloading 0 native plugins for Editor in 0.00 ms.
Unloading 24 Unused Serialized files (Serialized files now loaded: 0)
Unloading 28 unused Assets / (25.9 KB). Loaded Objects now: 5073.
Memory consumption went from 162.8 MB to 162.8 MB.
Total: 4.495125 ms (FindLiveObjects: 0.213291 ms CreateObjectMapping: 0.115625 ms MarkObjects: 4.131875 ms  DeleteObjects: 0.033791 ms)

AssetImportParameters requested are different than current active one (requested -> active):
  custom:video-decoder-ogg-theora: a1e56fd34408186e4bbccfd4996cb3dc -> 
  custom:container-muxer-webm: aa71ff27fc2769a1b78a27578f13a17b -> 
  custom:container-demuxer-webm: 4f35f7cbe854078d1ac9338744f61a02 -> 
  custom:video-encoder-webm-vp8: eb34c28f22e8b96e1ab97ce403110664 -> 
  custom:framework-osx-AVFoundation: e770b220cccbd017edd2c1fefb359320 -> 
  custom:CustomObjectIndexerAttribute: bc11b3a6c3213fcdd17b65e7da85e133 -> 
  custom:audio-encoder-webm-vorbis: bf7c407c2cedff20999df2af8eb42d56 -> 
  custom:container-demuxer-ogg: 62fdf1f143b41e24485cea50d1cbac27 -> 
  custom:video-decoder-webm-vp8: 9c59270c3fd7afecdb556c50c9e8de78 -> 
  custom:audio-decoder-ogg-vorbis: bf7c407c2cedff20999df2af8eb42d56 -> 
