Unity Editor version:    2021.3.29f1c1 (0b77087ad835)
Branch:                  2021.3/china_unity/release
Build type:              Release
Batch mode:              YES
macOS version:           Version 13.2.1 (Build 22D68)
Darwin version:          22.3.0
Architecture:            arm64
Running under Rosetta:   NO
Available memory:        16384 MB
Using pre-set license
Pro License: YES

COMMAND LINE ARGUMENTS:
/Applications/Unity/Hub/Editor/2021.3.29f1c1/Unity.app/Contents/MacOS/Unity
-adb2
-batchMode
-noUpm
-name
AssetImportWorker0
-projectPath
/Users/shuangsu/UnityProject/Day2
-logFile
Logs/AssetImportWorker0.log
-srvPort
59038
Successfully changed project path to: /Users/shuangsu/UnityProject/Day2
/Users/shuangsu/UnityProject/Day2
[UnityMemory] Configuration Parameters - Can be set up in boot.config
    "memorysetup-bucket-allocator-granularity=16"
    "memorysetup-bucket-allocator-bucket-count=8"
    "memorysetup-bucket-allocator-block-size=33554432"
    "memorysetup-bucket-allocator-block-count=8"
    "memorysetup-main-allocator-block-size=16777216"
    "memorysetup-thread-allocator-block-size=16777216"
    "memorysetup-gfx-main-allocator-block-size=16777216"
    "memorysetup-gfx-thread-allocator-block-size=16777216"
    "memorysetup-cache-allocator-block-size=4194304"
    "memorysetup-typetree-allocator-block-size=2097152"
    "memorysetup-profiler-bucket-allocator-granularity=16"
    "memorysetup-profiler-bucket-allocator-bucket-count=8"
    "memorysetup-profiler-bucket-allocator-block-size=33554432"
    "memorysetup-profiler-bucket-allocator-block-count=8"
    "memorysetup-profiler-allocator-block-size=16777216"
    "memorysetup-profiler-editor-allocator-block-size=1048576"
    "memorysetup-temp-allocator-size-main=16777216"
    "memorysetup-job-temp-allocator-block-size=2097152"
    "memorysetup-job-temp-allocator-block-size-background=1048576"
    "memorysetup-job-temp-allocator-reduction-small-platforms=262144"
    "memorysetup-temp-allocator-size-background-worker=32768"
    "memorysetup-temp-allocator-size-job-worker=262144"
    "memorysetup-temp-allocator-size-preload-manager=33554432"
    "memorysetup-temp-allocator-size-nav-mesh-worker=65536"
    "memorysetup-temp-allocator-size-audio-worker=65536"
    "memorysetup-temp-allocator-size-cloud-worker=32768"
    "memorysetup-temp-allocator-size-gi-baking-worker=262144"
    "memorysetup-temp-allocator-size-gfx=262144"
Player connection [8327528768] Host "[IP] 10.151.5.38 [Port] 0 [Flags] 2 [Guid] 572079869 [EditorId] 572079869 [Version] 1048832 [Id] OSXEditor(0,PrismdeMacBook-Pro.local) [Debug] 1 [PackageName] OSXEditor [ProjectName] Editor" joined multi-casting on [225.0.0.222:54997]...

Player connection [8327528768] Host "[IP] 10.151.5.38 [Port] 0 [Flags] 2 [Guid] 572079869 [EditorId] 572079869 [Version] 1048832 [Id] OSXEditor(0,PrismdeMacBook-Pro.local) [Debug] 1 [PackageName] OSXEditor [ProjectName] Editor" joined alternative multi-casting on [225.0.0.222:34997]...

AS: AutoStreaming module initializing.
Refreshing native plugins compatible for Editor in 78.78 ms, found 3 plugins.
Preloading 0 native plugins for Editor in 0.00 ms.
Initialize engine version: 2021.3.29f1c1 (0b77087ad835)
[Subsystems] Discovering subsystems at path /Applications/Unity/Hub/Editor/2021.3.29f1c1/Unity.app/Contents/Resources/UnitySubsystems
[Subsystems] Discovering subsystems at path /Users/shuangsu/UnityProject/Day2/Assets
GfxDevice: creating device client; threaded=0; jobified=0
 preferred device: Apple M1 Pro (high power)
Metal devices available: 1
0: Apple M1 Pro (high power)
Using device Apple M1 Pro (high power)
Initializing Metal device caps: Apple M1 Pro
Initialize mono
Mono path[0] = '/Applications/Unity/Hub/Editor/2021.3.29f1c1/Unity.app/Contents/Managed'
Mono path[1] = '/Applications/Unity/Hub/Editor/2021.3.29f1c1/Unity.app/Contents/MonoBleedingEdge/lib/mono/unityjit-macos'
Mono config path = '/Applications/Unity/Hub/Editor/2021.3.29f1c1/Unity.app/Contents/MonoBleedingEdge/etc'
Using monoOptions --debugger-agent=transport=dt_socket,embedding=1,server=y,suspend=n,address=127.0.0.1:56656
Begin MonoManager ReloadAssembly
Registering precompiled unity dll's ...
Register platform support module: /Applications/Unity/Hub/Editor/2021.3.29f1c1/Unity.app/Contents/PlaybackEngines/MacStandaloneSupport/UnityEditor.OSXStandalone.Extensions.dll
Register platform support module: /Applications/Unity/Hub/Editor/2021.3.29f1c1/PlaybackEngines/AndroidPlayer/UnityEditor.Android.Extensions.dll
Registered in 0.000898 seconds.
Native extension for Android target not found
Android Extension - Scanning For ADB Devices 73 ms
Native extension for OSXStandalone target not found
Refreshing native plugins compatible for Editor in 75.61 ms, found 3 plugins.
Preloading 0 native plugins for Editor in 0.00 ms.
Mono: successfully reloaded assembly
- Completed reload, in  0.459 seconds
Domain Reload Profiling:
	ReloadAssembly (459ms)
		BeginReloadAssembly (39ms)
			ExecutionOrderSort (0ms)
			DisableScriptedObjects (0ms)
			BackupInstance (0ms)
			ReleaseScriptingObjects (0ms)
			CreateAndSetChildDomain (0ms)
		EndReloadAssembly (370ms)
			LoadAssemblies (38ms)
			RebuildTransferFunctionScriptingTraits (0ms)
			SetupTypeCache (61ms)
			ReleaseScriptCaches (0ms)
			RebuildScriptCaches (19ms)
			SetupLoadedEditorAssemblies (266ms)
				LogAssemblyErrors (0ms)
				InitializePlatformSupportModulesInManaged (125ms)
				SetLoadedEditorAssemblies (0ms)
				RefreshPlugins (76ms)
				BeforeProcessingInitializeOnLoad (1ms)
				ProcessInitializeOnLoadAttributes (40ms)
				ProcessInitializeOnLoadMethodAttributes (24ms)
				AfterProcessingInitializeOnLoad (0ms)
				EditorAssembliesLoaded (0ms)
			ExecutionOrderSort2 (0ms)
			AwakeInstancesAfterBackupRestoration (0ms)
Platform modules already initialized, skipping
Registering precompiled user dll's ...
Registered in 0.001861 seconds.
Begin MonoManager ReloadAssembly
Symbol file LoadedFromMemory doesn't match image /Users/shuangsu/UnityProject/Day2/Library/PackageCache/com.unity.visualscripting@1.8.0/Editor/VisualScripting.Core/Dependencies/YamlDotNet/Unity.VisualScripting.YamlDotNet.dll
Symbol file LoadedFromMemory doesn't match image /Users/shuangsu/UnityProject/Day2/Library/PackageCache/com.unity.visualscripting@1.8.0/Editor/VisualScripting.Core/Dependencies/DotNetZip/Unity.VisualScripting.IonicZip.dll
Native extension for Android target not found
Native extension for OSXStandalone target not found
Refreshing native plugins compatible for Editor in 75.40 ms, found 3 plugins.
Preloading 0 native plugins for Editor in 0.00 ms.
Package Manager log level set to [2]
[Package Manager] Server::EnsureServerProcessIsRunning -- launch failed, reason: Unity was launched with the -noUpm command-line argument
[Package Manager] Cannot connect to Unity Package Manager local server
[Package Manager] Server::EnsureServerProcessIsRunning -- launch failed, reason: Unity was launched with the -noUpm command-line argument
[Package Manager] Cannot connect to Unity Package Manager local server
System.Reflection.TargetInvocationException: Exception has been thrown by the target of an invocation. ---> System.NullReferenceException: Object reference not set to an instance of an object
  at Ximmerse.XR.SDKEditorUtility.GetXimmerseXRSDKPackageInfo () [0x0000f] in /Users/shuangsu/UnityProject/Ximmerse_UnityXR_SDK_V1.7.4/Editor/EditorUtilities/SDKEditorUtility.cs:83 
  at Ximmerse.XR.SDKEditorUtility.InitializeEditor () [0x00000] in /Users/shuangsu/UnityProject/Ximmerse_UnityXR_SDK_V1.7.4/Editor/EditorUtilities/SDKEditorUtility.cs:62 
  at (wrapper managed-to-native) System.Reflection.RuntimeMethodInfo.InternalInvoke(System.Reflection.RuntimeMethodInfo,object,object[],System.Exception&)
  at System.Reflection.RuntimeMethodInfo.Invoke (System.Object obj, System.Reflection.BindingFlags invokeAttr, System.Reflection.Binder binder, System.Object[] parameters, System.Globalization.CultureInfo culture) [0x0006a] in <f78378fc25024256ba9c49776f5e810c>:0 
   --- End of inner exception stack trace ---
  at System.Reflection.RuntimeMethodInfo.Invoke (System.Object obj, System.Reflection.BindingFlags invokeAttr, System.Reflection.Binder binder, System.Object[] parameters, System.Globalization.CultureInfo culture) [0x00083] in <f78378fc25024256ba9c49776f5e810c>:0 
  at System.Reflection.MethodBase.Invoke (System.Object obj, System.Object[] parameters) [0x00000] in <f78378fc25024256ba9c49776f5e810c>:0 
  at UnityEditor.EditorAssemblies.ProcessInitializeOnLoadMethodAttributes () [0x000a5] in /Users/unity/sharedspace/ra_2021.3/Editor/Mono/EditorAssemblies.cs:147 
UnityEngine.StackTraceUtility:ExtractStackTrace () (at /Users/unity/sharedspace/ra_2021.3/Runtime/Export/Scripting/StackTrace.cs:37)
UnityEngine.DebugLogHandler:LogFormat (UnityEngine.LogType,UnityEngine.Object,string,object[])
UnityEngine.Logger:Log (UnityEngine.LogType,object)
UnityEngine.Debug:LogError (object)
UnityEditor.EditorAssemblies:ProcessInitializeOnLoadMethodAttributes () (at /Users/unity/sharedspace/ra_2021.3/Editor/Mono/EditorAssemblies.cs:151)

(Filename: /Users/unity/sharedspace/ra_2021.3/Editor/Mono/EditorAssemblies.cs Line: 151)

Mono: successfully reloaded assembly
- Completed reload, in  1.008 seconds
Domain Reload Profiling:
	ReloadAssembly (1009ms)
		BeginReloadAssembly (57ms)
			ExecutionOrderSort (0ms)
			DisableScriptedObjects (3ms)
			BackupInstance (0ms)
			ReleaseScriptingObjects (0ms)
			CreateAndSetChildDomain (9ms)
		EndReloadAssembly (898ms)
			LoadAssemblies (97ms)
			RebuildTransferFunctionScriptingTraits (0ms)
			SetupTypeCache (164ms)
			ReleaseScriptCaches (0ms)
			RebuildScriptCaches (42ms)
			SetupLoadedEditorAssemblies (566ms)
				LogAssemblyErrors (0ms)
				InitializePlatformSupportModulesInManaged (9ms)
				SetLoadedEditorAssemblies (0ms)
				RefreshPlugins (75ms)
				BeforeProcessingInitializeOnLoad (63ms)
				ProcessInitializeOnLoadAttributes (141ms)
				ProcessInitializeOnLoadMethodAttributes (277ms)
				AfterProcessingInitializeOnLoad (1ms)
				EditorAssembliesLoaded (0ms)
			ExecutionOrderSort2 (0ms)
			AwakeInstancesAfterBackupRestoration (2ms)
Platform modules already initialized, skipping
========================================================================
Worker process is ready to serve import requests
Launching external process: /Applications/Unity/Hub/Editor/2021.3.29f1c1/Unity.app/Contents/Tools/UnityShaderCompiler
Launched and connected shader compiler UnityShaderCompiler after 0.05 seconds
Refreshing native plugins compatible for Editor in 0.51 ms, found 3 plugins.
Preloading 0 native plugins for Editor in 0.00 ms.
Unloading 4540 Unused Serialized files (Serialized files now loaded: 0)
Unloading 35 unused Assets / (298.7 KB). Loaded Objects now: 5018.
Memory consumption went from 241.9 MB to 241.7 MB.
Total: 2.414625 ms (FindLiveObjects: 0.130625 ms CreateObjectMapping: 0.060292 ms MarkObjects: 2.158083 ms  DeleteObjects: 0.064916 ms)

AssetImportParameters requested are different than current active one (requested -> active):
  custom:video-decoder-ogg-theora: a1e56fd34408186e4bbccfd4996cb3dc -> 
  custom:container-muxer-webm: aa71ff27fc2769a1b78a27578f13a17b -> 
  custom:container-demuxer-webm: 4f35f7cbe854078d1ac9338744f61a02 -> 
  custom:video-encoder-webm-vp8: eb34c28f22e8b96e1ab97ce403110664 -> 
  custom:framework-osx-AVFoundation: e770b220cccbd017edd2c1fefb359320 -> 
  custom:audio-encoder-webm-vorbis: bf7c407c2cedff20999df2af8eb42d56 -> 
  custom:container-demuxer-ogg: 62fdf1f143b41e24485cea50d1cbac27 -> 
  custom:video-decoder-webm-vp8: 9c59270c3fd7afecdb556c50c9e8de78 -> 
  custom:audio-decoder-ogg-vorbis: bf7c407c2cedff20999df2af8eb42d56 -> 
========================================================================
Received Import Request.
  Time since last request: 10622.305770 seconds.
  path: Assets/Polytope Studio/Lowpoly_Demos/Environment_Free/Helpers/PT_Medieval_Village_Fence_05 1.prefab
  artifactKey: Guid(cdaf37159c693ea4e97ab2ee5f12d958) Importer(815301076,1909f56bfc062723c751e8b465ee728b)
Start importing Assets/Polytope Studio/Lowpoly_Demos/Environment_Free/Helpers/PT_Medieval_Village_Fence_05 1.prefab using Guid(cdaf37159c693ea4e97ab2ee5f12d958) Importer(815301076,1909f56bfc062723c751e8b465ee728b)  -> (artifact id: 'dc7ca902eb97ad8eb6b05952d7f69cf3') in 0.066415 seconds 
========================================================================
Received Import Request.
  Time since last request: 0.000069 seconds.
  path: Assets/Simple Garage/Prefabs/White suitcase.002.prefab
  artifactKey: Guid(aea0cd7025a136945a1b0ac84e6f35a6) Importer(815301076,1909f56bfc062723c751e8b465ee728b)
Start importing Assets/Simple Garage/Prefabs/White suitcase.002.prefab using Guid(aea0cd7025a136945a1b0ac84e6f35a6) Importer(815301076,1909f56bfc062723c751e8b465ee728b)  -> (artifact id: 'a0a2ed8652f1a2c9430fc2b65984badd') in 0.046697 seconds 
========================================================================
Received Import Request.
  Time since last request: 0.000054 seconds.
  path: Assets/Polytope Studio/Lowpoly_Environments/Prefabs/Trees/PT_Pine_Tree_03_dead_cut.prefab
  artifactKey: Guid(7bbef63b5bd52bc4bb03cdc6cbb94a6f) Importer(815301076,1909f56bfc062723c751e8b465ee728b)
Start importing Assets/Polytope Studio/Lowpoly_Environments/Prefabs/Trees/PT_Pine_Tree_03_dead_cut.prefab using Guid(7bbef63b5bd52bc4bb03cdc6cbb94a6f) Importer(815301076,1909f56bfc062723c751e8b465ee728b)  -> (artifact id: '3092cee662e90f95e7a5e54438d7ed2a') in 0.015457 seconds 
========================================================================
Received Import Request.
  Time since last request: 0.000078 seconds.
  path: Assets/Simple Garage/Prefabs/Saw.prefab
  artifactKey: Guid(c87c6802548aede4fad8ad09f0820b51) Importer(815301076,1909f56bfc062723c751e8b465ee728b)
Start importing Assets/Simple Garage/Prefabs/Saw.prefab using Guid(c87c6802548aede4fad8ad09f0820b51) Importer(815301076,1909f56bfc062723c751e8b465ee728b)  -> (artifact id: '8b9be0c31788c29ece2c01eba4e2d676') in 0.017452 seconds 
========================================================================
Received Import Request.
  Time since last request: 0.000072 seconds.
  path: Assets/TextMesh Pro/Examples & Extras/Prefabs/Text Popup.prefab
  artifactKey: Guid(b06f0e6c1dfa4356ac918da1bb32c603) Importer(815301076,1909f56bfc062723c751e8b465ee728b)
Start importing Assets/TextMesh Pro/Examples & Extras/Prefabs/Text Popup.prefab using Guid(b06f0e6c1dfa4356ac918da1bb32c603) Importer(815301076,1909f56bfc062723c751e8b465ee728b)  -> (artifact id: 'dd8060c796d6f3dda6c8773bacb09330') in 0.033055 seconds 
========================================================================
Received Import Request.
  Time since last request: 0.000068 seconds.
  path: Assets/Polytope Studio/Lowpoly_Demos/Environment_Free/Helpers/PT_Medieval_Village_Fence_04 1.prefab
  artifactKey: Guid(492c45c35521e7b4286ae374b96aedde) Importer(815301076,1909f56bfc062723c751e8b465ee728b)
Start importing Assets/Polytope Studio/Lowpoly_Demos/Environment_Free/Helpers/PT_Medieval_Village_Fence_04 1.prefab using Guid(492c45c35521e7b4286ae374b96aedde) Importer(815301076,1909f56bfc062723c751e8b465ee728b)  -> (artifact id: 'efaf1d9639d22168dcdde829a8d9468a') in 0.001679 seconds 
========================================================================
Received Import Request.
  Time since last request: 0.000050 seconds.
  path: Assets/Polytope Studio/Lowpoly_Environments/Prefabs/Plants/PT_Grass_02.prefab
  artifactKey: Guid(82b2c64f4e2d5264bbf0f909cadda2fa) Importer(815301076,1909f56bfc062723c751e8b465ee728b)
Start importing Assets/Polytope Studio/Lowpoly_Environments/Prefabs/Plants/PT_Grass_02.prefab using Guid(82b2c64f4e2d5264bbf0f909cadda2fa) Importer(815301076,1909f56bfc062723c751e8b465ee728b)  -> (artifact id: '8e640de2ca273a527db4675ec5f8239f') in 0.053860 seconds 
========================================================================
Received Import Request.
  Time since last request: 0.000040 seconds.
  path: Assets/Samples/XR Interaction Toolkit/2.4.0/XR Device Simulator/XR Device Simulator.prefab
  artifactKey: Guid(18ddb545287c546e19cc77dc9fbb2189) Importer(815301076,1909f56bfc062723c751e8b465ee728b)
Start importing Assets/Samples/XR Interaction Toolkit/2.4.0/XR Device Simulator/XR Device Simulator.prefab using Guid(18ddb545287c546e19cc77dc9fbb2189) Importer(815301076,1909f56bfc062723c751e8b465ee728b)  -> (artifact id: '6ef44438cfe4cb064a5fc778a767632c') in 0.038997 seconds 
========================================================================
Received Import Request.
  Time since last request: 0.000073 seconds.
  path: Assets/Samples/XR Interaction Toolkit/2.4.0/Starter Assets/Prefabs/Teleportation Environment.prefab
  artifactKey: Guid(3e07eccb5e6f459d886de95044adb1d9) Importer(815301076,1909f56bfc062723c751e8b465ee728b)
Start importing Assets/Samples/XR Interaction Toolkit/2.4.0/Starter Assets/Prefabs/Teleportation Environment.prefab using Guid(3e07eccb5e6f459d886de95044adb1d9) Importer(815301076,1909f56bfc062723c751e8b465ee728b)  -> (artifact id: '754e6e4f7361789da922ff02aaa97d4c') in 0.028357 seconds 
========================================================================
Received Import Request.
  Time since last request: 0.000048 seconds.
  path: Packages/com.ximmerse.xr/Resources/XR Origin (Device Base).prefab
  artifactKey: Guid(abf731ca76d52b34cafe48fad586b32b) Importer(815301076,1909f56bfc062723c751e8b465ee728b)
Start importing Packages/com.ximmerse.xr/Resources/XR Origin (Device Base).prefab using Guid(abf731ca76d52b34cafe48fad586b32b) Importer(815301076,1909f56bfc062723c751e8b465ee728b)  -> (artifact id: 'dcbcdb6a4626e92faefb2134eb1696dd') in 0.002454 seconds 
========================================================================
Received Import Request.
  Time since last request: 0.000066 seconds.
  path: Assets/Polytope Studio/Lowpoly_Environments/Prefabs/Trees/PT_Pine_Tree_03_green_cut.prefab
  artifactKey: Guid(20613689bafb4544cb770f64d1a03714) Importer(815301076,1909f56bfc062723c751e8b465ee728b)
Start importing Assets/Polytope Studio/Lowpoly_Environments/Prefabs/Trees/PT_Pine_Tree_03_green_cut.prefab using Guid(20613689bafb4544cb770f64d1a03714) Importer(815301076,1909f56bfc062723c751e8b465ee728b)  -> (artifact id: 'c4e61989b3e3dfa58ee99bece760247f') in 0.055147 seconds 
========================================================================
Received Import Request.
  Time since last request: 0.000039 seconds.
  path: Assets/TextMesh Pro/Examples & Extras/Prefabs/TextMeshPro - Prefab 1.prefab
  artifactKey: Guid(a6e39ced0ea046bcb636c3f0b2e2a745) Importer(815301076,1909f56bfc062723c751e8b465ee728b)
Start importing Assets/TextMesh Pro/Examples & Extras/Prefabs/TextMeshPro - Prefab 1.prefab using Guid(a6e39ced0ea046bcb636c3f0b2e2a745) Importer(815301076,1909f56bfc062723c751e8b465ee728b)  -> (artifact id: '63d60370d1218eac77e5fabfa8c1cce5') in 0.021614 seconds 
========================================================================
Received Import Request.
  Time since last request: 0.000096 seconds.
  path: Assets/Simple Garage/Prefabs/Socket.prefab
  artifactKey: Guid(7c7590a172bae8b478268e25ed6de3c4) Importer(815301076,1909f56bfc062723c751e8b465ee728b)
Start importing Assets/Simple Garage/Prefabs/Socket.prefab using Guid(7c7590a172bae8b478268e25ed6de3c4) Importer(815301076,1909f56bfc062723c751e8b465ee728b)  -> (artifact id: 'dbfcc7e7902d96c679d207b5da216f84') in 0.005472 seconds 
========================================================================
Received Import Request.
  Time since last request: 0.000082 seconds.
  path: Assets/Simple Garage/Prefabs/Ridgid oscillating belt sander.prefab
  artifactKey: Guid(f6607d2d3194deb45bbeef76acadddfa) Importer(815301076,1909f56bfc062723c751e8b465ee728b)
Start importing Assets/Simple Garage/Prefabs/Ridgid oscillating belt sander.prefab using Guid(f6607d2d3194deb45bbeef76acadddfa) Importer(815301076,1909f56bfc062723c751e8b465ee728b)  -> (artifact id: '825a342d67a3fdbc9742906d7000e360') in 0.006583 seconds 
========================================================================
Received Import Request.
  Time since last request: 0.000040 seconds.
  path: Assets/Samples/XR Interaction Toolkit/2.4.0/Starter Assets/Prefabs/XR Origin (XR Rig).prefab
  artifactKey: Guid(f6336ac4ac8b4d34bc5072418cdc62a0) Importer(815301076,1909f56bfc062723c751e8b465ee728b)
Start importing Assets/Samples/XR Interaction Toolkit/2.4.0/Starter Assets/Prefabs/XR Origin (XR Rig).prefab using Guid(f6336ac4ac8b4d34bc5072418cdc62a0) Importer(815301076,1909f56bfc062723c751e8b465ee728b)  -> (artifact id: 'da368b6a7a912c4f4e1bb3abfebcdc4f') in 0.048389 seconds 
========================================================================
Received Import Request.
  Time since last request: 0.000045 seconds.
  path: Assets/Simple Garage/Prefabs/Table.prefab
  artifactKey: Guid(b1b5b05bf2306ed4a9ae82648db8570c) Importer(815301076,1909f56bfc062723c751e8b465ee728b)
Start importing Assets/Simple Garage/Prefabs/Table.prefab using Guid(b1b5b05bf2306ed4a9ae82648db8570c) Importer(815301076,1909f56bfc062723c751e8b465ee728b)  -> (artifact id: '3ddb7c6eaa0ab4b6baf25b624f83c991') in 0.006964 seconds 
========================================================================
Received Import Request.
  Time since last request: 0.000083 seconds.
  path: Assets/Polytope Studio/Lowpoly_Environments/Prefabs/Trees/PT_Fruit_Tree_01_dead.prefab
  artifactKey: Guid(3ad58da949d5de343b7c21cee04361ce) Importer(815301076,1909f56bfc062723c751e8b465ee728b)
Start importing Assets/Polytope Studio/Lowpoly_Environments/Prefabs/Trees/PT_Fruit_Tree_01_dead.prefab using Guid(3ad58da949d5de343b7c21cee04361ce) Importer(815301076,1909f56bfc062723c751e8b465ee728b)  -> (artifact id: '39767ec8b72ff1bd8726dce8d1733c46') in 0.007999 seconds 
========================================================================
Received Import Request.
  Time since last request: 0.000062 seconds.
  path: Assets/Polytope Studio/Lowpoly_Environments/Prefabs/Rocks/PT_River_Rock_Pile_02.prefab
  artifactKey: Guid(877b08f512178384dadca8cf28e31a7e) Importer(815301076,1909f56bfc062723c751e8b465ee728b)
Start importing Assets/Polytope Studio/Lowpoly_Environments/Prefabs/Rocks/PT_River_Rock_Pile_02.prefab using Guid(877b08f512178384dadca8cf28e31a7e) Importer(815301076,1909f56bfc062723c751e8b465ee728b)  -> (artifact id: '8e15d648e671b39b5c10cc9ce6a5b771') in 0.103514 seconds 
========================================================================
Received Import Request.
  Time since last request: 0.000036 seconds.
  path: Assets/Samples/XR Interaction Toolkit/2.4.0/Starter Assets/Prefabs/Teleport/Teleport Anchor.prefab
  artifactKey: Guid(fad94b617f0540568dbf4c9c4011248c) Importer(815301076,1909f56bfc062723c751e8b465ee728b)
Start importing Assets/Samples/XR Interaction Toolkit/2.4.0/Starter Assets/Prefabs/Teleport/Teleport Anchor.prefab using Guid(fad94b617f0540568dbf4c9c4011248c) Importer(815301076,1909f56bfc062723c751e8b465ee728b)  -> (artifact id: 'a9f486007c78efcb3ab03a8788345a8e') in 0.005774 seconds 
========================================================================
Received Import Request.
  Time since last request: 0.000047 seconds.
  path: Assets/Samples/XR Interaction Toolkit/2.4.0/Starter Assets/Prefabs/XR Interaction Setup.prefab
  artifactKey: Guid(895f6f3c2d334633b5800312285058d2) Importer(815301076,1909f56bfc062723c751e8b465ee728b)
Start importing Assets/Samples/XR Interaction Toolkit/2.4.0/Starter Assets/Prefabs/XR Interaction Setup.prefab using Guid(895f6f3c2d334633b5800312285058d2) Importer(815301076,1909f56bfc062723c751e8b465ee728b)  -> (artifact id: 'e4430e60af630c49c99a820902ba99a0') in 0.020168 seconds 
========================================================================
Received Import Request.
  Time since last request: 0.000043 seconds.
  path: Assets/Polytope Studio/Lowpoly_Environments/Prefabs/Trees/PT_Pine_Tree_03_stump.prefab
  artifactKey: Guid(7d2041206c208f54991b199315b8f7a8) Importer(815301076,1909f56bfc062723c751e8b465ee728b)
Start importing Assets/Polytope Studio/Lowpoly_Environments/Prefabs/Trees/PT_Pine_Tree_03_stump.prefab using Guid(7d2041206c208f54991b199315b8f7a8) Importer(815301076,1909f56bfc062723c751e8b465ee728b)  -> (artifact id: '459e9bf643359321014a3e8b879fb844') in 0.005992 seconds 
========================================================================
Received Import Request.
  Time since last request: 0.000041 seconds.
  path: Assets/Polytope Studio/Lowpoly_Environments/Prefabs/Shrubs/PT_Generic_Shrub_01_green.prefab
  artifactKey: Guid(ee612942e9d74fe4baea785dfe2eaa52) Importer(815301076,1909f56bfc062723c751e8b465ee728b)
Start importing Assets/Polytope Studio/Lowpoly_Environments/Prefabs/Shrubs/PT_Generic_Shrub_01_green.prefab using Guid(ee612942e9d74fe4baea785dfe2eaa52) Importer(815301076,1909f56bfc062723c751e8b465ee728b)  -> (artifact id: '3de7dba7b9c9b3520f3d1688acf8e5d4') in 0.008971 seconds 
========================================================================
Received Import Request.
  Time since last request: 0.000042 seconds.
  path: Packages/com.ximmerse.xr/Resources/Gesture/Prefabs/Reticle.prefab
  artifactKey: Guid(eb6c2eab65512ec41bd59f686cf91bdd) Importer(815301076,1909f56bfc062723c751e8b465ee728b)
Start importing Packages/com.ximmerse.xr/Resources/Gesture/Prefabs/Reticle.prefab using Guid(eb6c2eab65512ec41bd59f686cf91bdd) Importer(815301076,1909f56bfc062723c751e8b465ee728b)  -> (artifact id: 'd9230dbb8a9bf1117ef64024a76d7dac') in 0.013382 seconds 
========================================================================
Received Import Request.
  Time since last request: 0.000041 seconds.
  path: Assets/Polytope Studio/Lowpoly_Environments/Prefabs/Shrubs/PT_Generic_Shrub_01_dead.prefab
  artifactKey: Guid(06d032abe82fad741b5025b9013bb63a) Importer(815301076,1909f56bfc062723c751e8b465ee728b)
Start importing Assets/Polytope Studio/Lowpoly_Environments/Prefabs/Shrubs/PT_Generic_Shrub_01_dead.prefab using Guid(06d032abe82fad741b5025b9013bb63a) Importer(815301076,1909f56bfc062723c751e8b465ee728b)  -> (artifact id: 'd8e479639ba3155017caa959619b2af6') in 0.006205 seconds 
========================================================================
Received Import Request.
  Time since last request: 0.000039 seconds.
  path: Assets/Simple Garage/Prefabs/Shelf.prefab
  artifactKey: Guid(2ceeb8038d2f9a34287e3f566f08e1e4) Importer(815301076,1909f56bfc062723c751e8b465ee728b)
Start importing Assets/Simple Garage/Prefabs/Shelf.prefab using Guid(2ceeb8038d2f9a34287e3f566f08e1e4) Importer(815301076,1909f56bfc062723c751e8b465ee728b)  -> (artifact id: '0df3c2a08c1efa648fcce6702b27e760') in 0.008640 seconds 
========================================================================
Received Import Request.
  Time since last request: 0.000040 seconds.
  path: Assets/Polytope Studio/Lowpoly_Environments/Prefabs/Trees/PT_Fruit_Tree_01_green_cut.prefab
  artifactKey: Guid(021bfbcf15abb7543a51a487fa1c05ef) Importer(815301076,1909f56bfc062723c751e8b465ee728b)
Start importing Assets/Polytope Studio/Lowpoly_Environments/Prefabs/Trees/PT_Fruit_Tree_01_green_cut.prefab using Guid(021bfbcf15abb7543a51a487fa1c05ef) Importer(815301076,1909f56bfc062723c751e8b465ee728b)  -> (artifact id: '768a512fc39a80c941fc812f84d1f22e') in 0.007148 seconds 
========================================================================
Received Import Request.
  Time since last request: 0.000084 seconds.
  path: Packages/com.ximmerse.xr/Runtime/ThirdParty/touchlessa3d-unity-integration/Setup/Prefabs/TouchlessA3dUnityCamera.prefab
  artifactKey: Guid(720e909a52be26044a905204d3137dbd) Importer(815301076,1909f56bfc062723c751e8b465ee728b)
Start importing Packages/com.ximmerse.xr/Runtime/ThirdParty/touchlessa3d-unity-integration/Setup/Prefabs/TouchlessA3dUnityCamera.prefab using Guid(720e909a52be26044a905204d3137dbd) Importer(815301076,1909f56bfc062723c751e8b465ee728b)  -> (artifact id: '46393df01daed1215b8027eb3cfe6b67') in 0.003061 seconds 
========================================================================
Received Import Request.
  Time since last request: 0.000041 seconds.
  path: Assets/Samples/XR Interaction Toolkit/2.4.0/Starter Assets/Prefabs/Interactors/Poke Interactor.prefab
  artifactKey: Guid(27024f5809f4a4347b9cd7f26a1bdf93) Importer(815301076,1909f56bfc062723c751e8b465ee728b)
Start importing Assets/Samples/XR Interaction Toolkit/2.4.0/Starter Assets/Prefabs/Interactors/Poke Interactor.prefab using Guid(27024f5809f4a4347b9cd7f26a1bdf93) Importer(815301076,1909f56bfc062723c751e8b465ee728b)  -> (artifact id: '7e86a7a2707bc92dc7289a6e92a5fcdb') in 0.005589 seconds 
========================================================================
Received Import Request.
  Time since last request: 0.000043 seconds.
  path: Assets/Samples/XR Interaction Toolkit/2.4.0/Starter Assets/Prefabs/UI_2D/TextButton.prefab
  artifactKey: Guid(e5db301629853dd4a99835fa70099d79) Importer(815301076,1909f56bfc062723c751e8b465ee728b)
Start importing Assets/Samples/XR Interaction Toolkit/2.4.0/Starter Assets/Prefabs/UI_2D/TextButton.prefab using Guid(e5db301629853dd4a99835fa70099d79) Importer(815301076,1909f56bfc062723c751e8b465ee728b)  -> (artifact id: '43cdf9afe19b9410b997c6caceb5f2f9') in 0.003134 seconds 
========================================================================
Received Import Request.
  Time since last request: 0.000047 seconds.
  path: Packages/com.ximmerse.xr/Resources/Tag/Prefabs/Tag Profile Loading.prefab
  artifactKey: Guid(abedf57196c1af045adf53bc41823fa8) Importer(815301076,1909f56bfc062723c751e8b465ee728b)
Start importing Packages/com.ximmerse.xr/Resources/Tag/Prefabs/Tag Profile Loading.prefab using Guid(abedf57196c1af045adf53bc41823fa8) Importer(815301076,1909f56bfc062723c751e8b465ee728b)  -> (artifact id: '20c768ecffcdf7c59aba9602086d7fe4') in 0.002414 seconds 
========================================================================
Received Import Request.
  Time since last request: 0.000054 seconds.
  path: Assets/TextMesh Pro/Examples & Extras/Prefabs/TextMeshPro - Prefab 2.prefab
  artifactKey: Guid(fdad9d952ae84cafb74c63f2e694d042) Importer(815301076,1909f56bfc062723c751e8b465ee728b)
Start importing Assets/TextMesh Pro/Examples & Extras/Prefabs/TextMeshPro - Prefab 2.prefab using Guid(fdad9d952ae84cafb74c63f2e694d042) Importer(815301076,1909f56bfc062723c751e8b465ee728b)  -> (artifact id: '3120b17c09c716f799526c9bf0a6216b') in 0.016564 seconds 
========================================================================
Received Import Request.
  Time since last request: 0.000042 seconds.
  path: Assets/Samples/XR Interaction Toolkit/2.4.0/Starter Assets/Prefabs/Interactors/Ray Interactor.prefab
  artifactKey: Guid(ad818c36731146e994540a1896ad8f24) Importer(815301076,1909f56bfc062723c751e8b465ee728b)
Start importing Assets/Samples/XR Interaction Toolkit/2.4.0/Starter Assets/Prefabs/Interactors/Ray Interactor.prefab using Guid(ad818c36731146e994540a1896ad8f24) Importer(815301076,1909f56bfc062723c751e8b465ee728b)  -> (artifact id: 'dfca829a0aa87c87703876b1bd3a16a6') in 0.005472 seconds 
========================================================================
Received Import Request.
  Time since last request: 0.000048 seconds.
  path: Assets/Polytope Studio/Lowpoly_Demos/Environment_Free/Helpers/PT_Medieval_Village_Gate_01 1.prefab
  artifactKey: Guid(88d70a52e8e9f5346940dc50f77e7cd3) Importer(815301076,1909f56bfc062723c751e8b465ee728b)
Start importing Assets/Polytope Studio/Lowpoly_Demos/Environment_Free/Helpers/PT_Medieval_Village_Gate_01 1.prefab using Guid(88d70a52e8e9f5346940dc50f77e7cd3) Importer(815301076,1909f56bfc062723c751e8b465ee728b)  -> (artifact id: '509db0a97373eaf97fa819de35360322') in 0.002251 seconds 
========================================================================
Received Import Request.
  Time since last request: 0.000071 seconds.
  path: Assets/Samples/XR Interaction Toolkit/2.4.0/Starter Assets/Prefabs/Controllers/XR Controller Right.prefab
  artifactKey: Guid(9f3369e30fbd31f4bb596b1a99babe83) Importer(815301076,1909f56bfc062723c751e8b465ee728b)
Start importing Assets/Samples/XR Interaction Toolkit/2.4.0/Starter Assets/Prefabs/Controllers/XR Controller Right.prefab using Guid(9f3369e30fbd31f4bb596b1a99babe83) Importer(815301076,1909f56bfc062723c751e8b465ee728b)  -> (artifact id: '157bb1e6c2ccdee30f90cffadd1ad964') in 0.004767 seconds 
========================================================================
Received Import Request.
  Time since last request: 0.000154 seconds.
  path: Assets/Simple Garage/Prefabs/Sponge.prefab
  artifactKey: Guid(94025334cb888b44ba5d8864d5fe4ccf) Importer(815301076,1909f56bfc062723c751e8b465ee728b)
Start importing Assets/Simple Garage/Prefabs/Sponge.prefab using Guid(94025334cb888b44ba5d8864d5fe4ccf) Importer(815301076,1909f56bfc062723c751e8b465ee728b)  -> (artifact id: '0486e7dc67ece6c28c4dbf9c053934c7') in 0.004529 seconds 
========================================================================
Received Import Request.
  Time since last request: 0.000074 seconds.
  path: Assets/Samples/XR Interaction Toolkit/2.4.0/Starter Assets/Prefabs/Teleport/Snapping Teleport Anchor.prefab
  artifactKey: Guid(037ba65d346be2a48ad006b9a9a3873e) Importer(815301076,1909f56bfc062723c751e8b465ee728b)
Start importing Assets/Samples/XR Interaction Toolkit/2.4.0/Starter Assets/Prefabs/Teleport/Snapping Teleport Anchor.prefab using Guid(037ba65d346be2a48ad006b9a9a3873e) Importer(815301076,1909f56bfc062723c751e8b465ee728b)  -> (artifact id: '4a0a2519b7b1fa51d8e362543dacaa94') in 0.005400 seconds 
========================================================================
Received Import Request.
  Time since last request: 0.000060 seconds.
  path: Assets/Polytope Studio/Lowpoly_Environments/Prefabs/Trees/PT_Fruit_Tree_01_plums.prefab
  artifactKey: Guid(c80fbf850ad97a34694544deb65b7fa2) Importer(815301076,1909f56bfc062723c751e8b465ee728b)
Start importing Assets/Polytope Studio/Lowpoly_Environments/Prefabs/Trees/PT_Fruit_Tree_01_plums.prefab using Guid(c80fbf850ad97a34694544deb65b7fa2) Importer(815301076,1909f56bfc062723c751e8b465ee728b)  -> (artifact id: 'aae4485d40cd5862526ec87127bf6305') in 0.007652 seconds 
========================================================================
Received Import Request.
  Time since last request: 0.000045 seconds.
  path: Assets/Polytope Studio/Lowpoly_Environments/Prefabs/Rocks/PT_Generic_Rock_01.prefab
  artifactKey: Guid(16cfe0f76e1afc24ca16a7080d66f082) Importer(815301076,1909f56bfc062723c751e8b465ee728b)
Start importing Assets/Polytope Studio/Lowpoly_Environments/Prefabs/Rocks/PT_Generic_Rock_01.prefab using Guid(16cfe0f76e1afc24ca16a7080d66f082) Importer(815301076,1909f56bfc062723c751e8b465ee728b)  -> (artifact id: '3bcf51f2b182aefacb618fd6cdaa38ba') in 0.006772 seconds 
========================================================================
Received Import Request.
  Time since last request: 0.000038 seconds.
  path: Assets/Samples/XR Interaction Toolkit/2.4.0/Starter Assets/Prefabs/UI Sample.prefab
  artifactKey: Guid(fd28f23af44f73f4a95e33435872ad15) Importer(815301076,1909f56bfc062723c751e8b465ee728b)
Start importing Assets/Samples/XR Interaction Toolkit/2.4.0/Starter Assets/Prefabs/UI Sample.prefab using Guid(fd28f23af44f73f4a95e33435872ad15) Importer(815301076,1909f56bfc062723c751e8b465ee728b)  -> (artifact id: 'c38eee40e61bc542ca2f8af646a1b5a7') in 0.004617 seconds 
========================================================================
Received Import Request.
  Time since last request: 0.000104 seconds.
  path: Assets/Polytope Studio/Lowpoly_Environments/Prefabs/Trees/PT_Fruit_Tree_01_stump.prefab
  artifactKey: Guid(a917f6843cc222145828cefe2f799e67) Importer(815301076,1909f56bfc062723c751e8b465ee728b)
Start importing Assets/Polytope Studio/Lowpoly_Environments/Prefabs/Trees/PT_Fruit_Tree_01_stump.prefab using Guid(a917f6843cc222145828cefe2f799e67) Importer(815301076,1909f56bfc062723c751e8b465ee728b)  -> (artifact id: '6111252b6cbc618ec79c1682fe0640c1') in 0.006384 seconds 
========================================================================
Received Import Request.
  Time since last request: 0.000048 seconds.
  path: Assets/Polytope Studio/Lowpoly_Environments/Prefabs/Trees/PT_Pine_Tree_03_dead.prefab
  artifactKey: Guid(787d900468610e0488384494dc77d1b1) Importer(815301076,1909f56bfc062723c751e8b465ee728b)
Start importing Assets/Polytope Studio/Lowpoly_Environments/Prefabs/Trees/PT_Pine_Tree_03_dead.prefab using Guid(787d900468610e0488384494dc77d1b1) Importer(815301076,1909f56bfc062723c751e8b465ee728b)  -> (artifact id: 'b250cd4b998f9c4117b48757f76ae908') in 0.007795 seconds 
========================================================================
Received Import Request.
  Time since last request: 0.000037 seconds.
  path: Assets/Polytope Studio/Lowpoly_Environments/Prefabs/Rocks/PT_Menhir_Rock_02.prefab
  artifactKey: Guid(335946c4528dd1e4cb26cd4893d8ac70) Importer(815301076,1909f56bfc062723c751e8b465ee728b)
Start importing Assets/Polytope Studio/Lowpoly_Environments/Prefabs/Rocks/PT_Menhir_Rock_02.prefab using Guid(335946c4528dd1e4cb26cd4893d8ac70) Importer(815301076,1909f56bfc062723c751e8b465ee728b)  -> (artifact id: 'a461667843eb7bfa17935749c6d2fc72') in 0.006934 seconds 
========================================================================
Received Import Request.
  Time since last request: 0.000053 seconds.
  path: Assets/Simple Garage/Prefabs/White suitcase.prefab
  artifactKey: Guid(17358fdfd9608744dbaf3c39cc5833bf) Importer(815301076,1909f56bfc062723c751e8b465ee728b)
Start importing Assets/Simple Garage/Prefabs/White suitcase.prefab using Guid(17358fdfd9608744dbaf3c39cc5833bf) Importer(815301076,1909f56bfc062723c751e8b465ee728b)  -> (artifact id: 'c19e1b9d42ebd6172a62a55835c10292') in 0.007817 seconds 
========================================================================
Received Import Request.
  Time since last request: 0.000078 seconds.
  path: Assets/Polytope Studio/Lowpoly_Environments/Prefabs/Trees/PT_Fruit_Tree_01_dead_cut.prefab
  artifactKey: Guid(d9ec8d9e687cf0648b90ca1157463338) Importer(815301076,1909f56bfc062723c751e8b465ee728b)
Start importing Assets/Polytope Studio/Lowpoly_Environments/Prefabs/Trees/PT_Fruit_Tree_01_dead_cut.prefab using Guid(d9ec8d9e687cf0648b90ca1157463338) Importer(815301076,1909f56bfc062723c751e8b465ee728b)  -> (artifact id: 'f23ad53cc74e6ad627888d26a183e267') in 0.005786 seconds 
========================================================================
Received Import Request.
  Time since last request: 0.000042 seconds.
  path: Assets/Polytope Studio/Lowpoly_Environments/Prefabs/Trees/PT_Fruit_Tree_01_green.prefab
  artifactKey: Guid(d90c349721b4e694fad80a76d87b2578) Importer(815301076,1909f56bfc062723c751e8b465ee728b)
Start importing Assets/Polytope Studio/Lowpoly_Environments/Prefabs/Trees/PT_Fruit_Tree_01_green.prefab using Guid(d90c349721b4e694fad80a76d87b2578) Importer(815301076,1909f56bfc062723c751e8b465ee728b)  -> (artifact id: '5519247000f2780b920cef8ae76738bb') in 0.008511 seconds 
========================================================================
Received Import Request.
  Time since last request: 0.000041 seconds.
  path: Assets/Polytope Studio/Lowpoly_Environments/Prefabs/Rocks/PT_Ore_Rock_01.prefab
  artifactKey: Guid(675e0383b4293ad40b957d549c5db668) Importer(815301076,1909f56bfc062723c751e8b465ee728b)
Start importing Assets/Polytope Studio/Lowpoly_Environments/Prefabs/Rocks/PT_Ore_Rock_01.prefab using Guid(675e0383b4293ad40b957d549c5db668) Importer(815301076,1909f56bfc062723c751e8b465ee728b)  -> (artifact id: '452bf37f299ae64f8bdd4793d22a794d') in 0.007623 seconds 
========================================================================
Received Import Request.
  Time since last request: 0.000057 seconds.
  path: Packages/com.unity.xr.legacyinputhelpers/Prefabs/XRRig.prefab
  artifactKey: Guid(c116b7497ab8ca34c9188965d4295e27) Importer(815301076,1909f56bfc062723c751e8b465ee728b)
Start importing Packages/com.unity.xr.legacyinputhelpers/Prefabs/XRRig.prefab using Guid(c116b7497ab8ca34c9188965d4295e27) Importer(815301076,1909f56bfc062723c751e8b465ee728b)  -> (artifact id: '371f64f626853adafa02d3858613cc69') in 0.003505 seconds 
========================================================================
Received Import Request.
  Time since last request: 0.000055 seconds.
  path: Assets/Polytope Studio/Lowpoly_Environments/Prefabs/Trees/PT_Fruit_Tree_01_logs.prefab
  artifactKey: Guid(3148b0057757c5e49a1d7284d605de90) Importer(815301076,1909f56bfc062723c751e8b465ee728b)
Start importing Assets/Polytope Studio/Lowpoly_Environments/Prefabs/Trees/PT_Fruit_Tree_01_logs.prefab using Guid(3148b0057757c5e49a1d7284d605de90) Importer(815301076,1909f56bfc062723c751e8b465ee728b)  -> (artifact id: 'a99c93271e69e02f23a73165fef9e8b2') in 0.005943 seconds 
========================================================================
Received Import Request.
  Time since last request: 0.000049 seconds.
  path: Assets/Polytope Studio/Lowpoly_Environments/Prefabs/Trees/PT_Pine_Tree_03_logs.prefab
  artifactKey: Guid(a02abe99b557a624ca2316134bc4a270) Importer(815301076,1909f56bfc062723c751e8b465ee728b)
Start importing Assets/Polytope Studio/Lowpoly_Environments/Prefabs/Trees/PT_Pine_Tree_03_logs.prefab using Guid(a02abe99b557a624ca2316134bc4a270) Importer(815301076,1909f56bfc062723c751e8b465ee728b)  -> (artifact id: '4546651c36b623d9d545523577089566') in 0.005400 seconds 
========================================================================
Received Import Request.
  Time since last request: 0.489787 seconds.
  path: Assets/Easy FPS/_sceneSettings.lighting
  artifactKey: Guid(9daa2327dd1104341b2398962604b8e8) Importer(815301076,1909f56bfc062723c751e8b465ee728b)
Start importing Assets/Easy FPS/_sceneSettings.lighting using Guid(9daa2327dd1104341b2398962604b8e8) Importer(815301076,1909f56bfc062723c751e8b465ee728b) LightingSettings: switching bake backend from 2 to 0.
 -> (artifact id: '74bb8b2cc32d4ed23a4b2664d4ebf7e6') in 0.030727 seconds 
========================================================================
Received Import Request.
  Time since last request: 6.477015 seconds.
  path: Assets/ModularFirstPersonController/DemoScene
  artifactKey: Guid(7d2c7648db4398a488c3e3a2d79fab5f) Importer(815301076,1909f56bfc062723c751e8b465ee728b)
Start importing Assets/ModularFirstPersonController/DemoScene using Guid(7d2c7648db4398a488c3e3a2d79fab5f) Importer(815301076,1909f56bfc062723c751e8b465ee728b)  -> (artifact id: 'af97d920cf1d43c5692e3abdfa7cef06') in 0.001758 seconds 
========================================================================
Received Import Request.
  Time since last request: 1.052465 seconds.
  path: Assets/ModularFirstPersonController/DemoScene/Demo.unity
  artifactKey: Guid(17b9f8ca5b3aa45edbad138f27e53b94) Importer(815301076,1909f56bfc062723c751e8b465ee728b)
Start importing Assets/ModularFirstPersonController/DemoScene/Demo.unity using Guid(17b9f8ca5b3aa45edbad138f27e53b94) Importer(815301076,1909f56bfc062723c751e8b465ee728b)  -> (artifact id: '958f656435f75cb7cde395094fe393bf') in 0.000995 seconds 
========================================================================
Received Import Request.
  Time since last request: 0.679885 seconds.
  path: Assets/ModularFirstPersonController/DemoScene/Gridbox Prototype Materials
  artifactKey: Guid(2807a3fa4a5ba6442a3fd6dc9d42c05f) Importer(815301076,1909f56bfc062723c751e8b465ee728b)
Start importing Assets/ModularFirstPersonController/DemoScene/Gridbox Prototype Materials using Guid(2807a3fa4a5ba6442a3fd6dc9d42c05f) Importer(815301076,1909f56bfc062723c751e8b465ee728b)  -> (artifact id: '76cd24e6d6ad78438f2d86f601c2afb3') in 0.000989 seconds 
========================================================================
Received Import Request.
  Time since last request: 49.599694 seconds.
  path: Assets/Simple Garage/Models
  artifactKey: Guid(f8c5a65ef64cb5a48beedca26c8d6456) Importer(815301076,1909f56bfc062723c751e8b465ee728b)
Start importing Assets/Simple Garage/Models using Guid(f8c5a65ef64cb5a48beedca26c8d6456) Importer(815301076,1909f56bfc062723c751e8b465ee728b)  -> (artifact id: 'eb4317bfe1cfd4163093059d15086300') in 0.000559 seconds 
========================================================================
Received Import Request.
  Time since last request: 2.758675 seconds.
  path: Assets/Simple Garage/Scenes/Garage Scene.unity
  artifactKey: Guid(d57a89d41f0ec4573a9d202011195fa6) Importer(815301076,1909f56bfc062723c751e8b465ee728b)
Start importing Assets/Simple Garage/Scenes/Garage Scene.unity using Guid(d57a89d41f0ec4573a9d202011195fa6) Importer(815301076,1909f56bfc062723c751e8b465ee728b)  -> (artifact id: '9a04ea4fa00009255f3038accb41431e') in 0.001086 seconds 
========================================================================
Received Import Request.
  Time since last request: 15.203240 seconds.
  path: Assets/Simple Garage/Textures
  artifactKey: Guid(2bce5783ebbd9ad45b481a21c2121110) Importer(815301076,1909f56bfc062723c751e8b465ee728b)
Start importing Assets/Simple Garage/Textures using Guid(2bce5783ebbd9ad45b481a21c2121110) Importer(815301076,1909f56bfc062723c751e8b465ee728b)  -> (artifact id: '88e449fea3c0fc0158c22386429bfd61') in 0.001009 seconds 
========================================================================
Received Import Request.
  Time since last request: 0.135544 seconds.
  path: Assets/Simple Garage/Textures/2K-false_ceiling_basecolor.png
  artifactKey: Guid(d26d16a517dc10349929ce23e083dc66) Importer(815301076,1909f56bfc062723c751e8b465ee728b)
Start importing Assets/Simple Garage/Textures/2K-false_ceiling_basecolor.png using Guid(d26d16a517dc10349929ce23e083dc66) Importer(815301076,1909f56bfc062723c751e8b465ee728b)  -> (artifact id: '3e21c30d0c2a3d76bc2f17293487b98d') in 0.502084 seconds 
========================================================================
Received Import Request.
  Time since last request: 0.000110 seconds.
  path: Assets/Simple Garage/Textures/Terrazzo.png
  artifactKey: Guid(3b8dd48fdd398a141b8fe014292db441) Importer(815301076,1909f56bfc062723c751e8b465ee728b)
Start importing Assets/Simple Garage/Textures/Terrazzo.png using Guid(3b8dd48fdd398a141b8fe014292db441) Importer(815301076,1909f56bfc062723c751e8b465ee728b)  -> (artifact id: '156ad695f56c44a5f70f05e9b1933d8d') in 0.005589 seconds 
========================================================================
Received Import Request.
  Time since last request: 0.000043 seconds.
  path: Assets/Simple Garage/Textures/Exterior_Exterior_pbr_specular.png
  artifactKey: Guid(aeae90d8d76af8c4da8118058de49520) Importer(815301076,1909f56bfc062723c751e8b465ee728b)
Start importing Assets/Simple Garage/Textures/Exterior_Exterior_pbr_specular.png using Guid(aeae90d8d76af8c4da8118058de49520) Importer(815301076,1909f56bfc062723c751e8b465ee728b)  -> (artifact id: '417306b621e232252299ff60c6e67818') in 0.008908 seconds 
========================================================================
Received Import Request.
  Time since last request: 0.000046 seconds.
  path: Assets/Simple Garage/Textures/Exterior_Exterior_pbr_normal.png
  artifactKey: Guid(01c1d8ff4646eb24abb792885899622d) Importer(815301076,1909f56bfc062723c751e8b465ee728b)
Start importing Assets/Simple Garage/Textures/Exterior_Exterior_pbr_normal.png using Guid(01c1d8ff4646eb24abb792885899622d) Importer(815301076,1909f56bfc062723c751e8b465ee728b)  -> (artifact id: '699ee531ef424a68bfebc38b65206369') in 0.034405 seconds 
========================================================================
Received Import Request.
  Time since last request: 0.000055 seconds.
  path: Assets/Simple Garage/Textures/Wood062_2K_Normal.png
  artifactKey: Guid(7a3a1d641869b6b43966a3dcdde6ea4f) Importer(815301076,1909f56bfc062723c751e8b465ee728b)
Start importing Assets/Simple Garage/Textures/Wood062_2K_Normal.png using Guid(7a3a1d641869b6b43966a3dcdde6ea4f) Importer(815301076,1909f56bfc062723c751e8b465ee728b)  -> (artifact id: '7cf6516c9ac146e58fa36c8a8522339a') in 0.006029 seconds 
========================================================================
Received Import Request.
  Time since last request: 0.000069 seconds.
  path: Assets/Simple Garage/Textures/Exteriour normal.png
  artifactKey: Guid(0df21e7141892e748b8aa77d1b03e858) Importer(815301076,1909f56bfc062723c751e8b465ee728b)
Start importing Assets/Simple Garage/Textures/Exteriour normal.png using Guid(0df21e7141892e748b8aa77d1b03e858) Importer(815301076,1909f56bfc062723c751e8b465ee728b)  -> (artifact id: '9b0e01a42d43a9171e23e21cefea9209') in 0.005962 seconds 
========================================================================
Received Import Request.
  Time since last request: 0.000047 seconds.
  path: Assets/Simple Garage/Textures/Wood059_2K_Color_bake.png
  artifactKey: Guid(707ed106c9d49644db4a10bd5c260448) Importer(815301076,1909f56bfc062723c751e8b465ee728b)
Start importing Assets/Simple Garage/Textures/Wood059_2K_Color_bake.png using Guid(707ed106c9d49644db4a10bd5c260448) Importer(815301076,1909f56bfc062723c751e8b465ee728b)  -> (artifact id: '98e7723b1a12c9d77c4c3e6081277399') in 0.006971 seconds 
========================================================================
Received Import Request.
  Time since last request: 0.000046 seconds.
  path: Assets/Simple Garage/Textures/worn_metal4_albedo.png
  artifactKey: Guid(d1107d3f0e84d734d99c4e30a1e3b3b7) Importer(815301076,1909f56bfc062723c751e8b465ee728b)
Start importing Assets/Simple Garage/Textures/worn_metal4_albedo.png using Guid(d1107d3f0e84d734d99c4e30a1e3b3b7) Importer(815301076,1909f56bfc062723c751e8b465ee728b)  -> (artifact id: 'c47134b925199bacb5f0e3d9b9a4246b') in 0.006068 seconds 
========================================================================
Received Import Request.
  Time since last request: 0.000038 seconds.
  path: Assets/Simple Garage/Textures/2K-tiling_44_roughness.png
  artifactKey: Guid(f32f380e31cbc1f4bb18fe358f9d7315) Importer(815301076,1909f56bfc062723c751e8b465ee728b)
Start importing Assets/Simple Garage/Textures/2K-tiling_44_roughness.png using Guid(f32f380e31cbc1f4bb18fe358f9d7315) Importer(815301076,1909f56bfc062723c751e8b465ee728b)  -> (artifact id: 'd5730353881fa8876b6d34f971256543') in 0.008764 seconds 
========================================================================
Received Import Request.
  Time since last request: 0.000072 seconds.
  path: Assets/Simple Garage/Textures/Metal_Corrogated_Shiny.png
  artifactKey: Guid(7dea8600d4d6018499e903538e65943f) Importer(815301076,1909f56bfc062723c751e8b465ee728b)
Start importing Assets/Simple Garage/Textures/Metal_Corrogated_Shiny.png using Guid(7dea8600d4d6018499e903538e65943f) Importer(815301076,1909f56bfc062723c751e8b465ee728b)  -> (artifact id: '4a2584708fdbdda5f62d3f53428b6ecf') in 0.004428 seconds 
========================================================================
Received Import Request.
  Time since last request: 0.000053 seconds.
  path: Assets/Simple Garage/Textures/Garage-Door.png
  artifactKey: Guid(558a386a2d4f7444398d1a12f8ffa668) Importer(815301076,1909f56bfc062723c751e8b465ee728b)
Start importing Assets/Simple Garage/Textures/Garage-Door.png using Guid(558a386a2d4f7444398d1a12f8ffa668) Importer(815301076,1909f56bfc062723c751e8b465ee728b)  -> (artifact id: 'a94d3245e4a2611960f62984f64e89b6') in 0.005189 seconds 
========================================================================
Received Import Request.
  Time since last request: 0.000044 seconds.
  path: Assets/Simple Garage/Textures/Camouflage suitcase albedo.png
  artifactKey: Guid(00f64738e909cc340b96918c1d840cfd) Importer(815301076,1909f56bfc062723c751e8b465ee728b)
Start importing Assets/Simple Garage/Textures/Camouflage suitcase albedo.png using Guid(00f64738e909cc340b96918c1d840cfd) Importer(815301076,1909f56bfc062723c751e8b465ee728b)  -> (artifact id: '745fbe00bf3a84660879e3104057810b') in 0.005742 seconds 
========================================================================
Received Import Request.
  Time since last request: 0.000056 seconds.
  path: Assets/Simple Garage/Textures/Wood.003 normal.png
  artifactKey: Guid(89be2603ec479a847be9d1a7003518e9) Importer(815301076,1909f56bfc062723c751e8b465ee728b)
Start importing Assets/Simple Garage/Textures/Wood.003 normal.png using Guid(89be2603ec479a847be9d1a7003518e9) Importer(815301076,1909f56bfc062723c751e8b465ee728b)  -> (artifact id: 'b820d3da688d877dc43e1ee7c8aaf788') in 0.006095 seconds 
========================================================================
Received Import Request.
  Time since last request: 0.000077 seconds.
  path: Assets/Simple Garage/Textures/Exterior_Exterior_pbr_roughness.png
  artifactKey: Guid(49548c62973cfa748874c29585b0d0a7) Importer(815301076,1909f56bfc062723c751e8b465ee728b)
Start importing Assets/Simple Garage/Textures/Exterior_Exterior_pbr_roughness.png using Guid(49548c62973cfa748874c29585b0d0a7) Importer(815301076,1909f56bfc062723c751e8b465ee728b)  -> (artifact id: 'a3ff0baee5323c6b09787493de3b68c5') in 0.009027 seconds 
========================================================================
Received Import Request.
  Time since last request: 0.000051 seconds.
  path: Assets/Simple Garage/Textures/2K-tiling_44_basecolor.png
  artifactKey: Guid(a5c584959a4953447bb7631623619f4d) Importer(815301076,1909f56bfc062723c751e8b465ee728b)
Start importing Assets/Simple Garage/Textures/2K-tiling_44_basecolor.png using Guid(a5c584959a4953447bb7631623619f4d) Importer(815301076,1909f56bfc062723c751e8b465ee728b)  -> (artifact id: '9dfc47f08afde1e3ef232bbee097e7a4') in 0.005988 seconds 
========================================================================
Received Import Request.
  Time since last request: 0.000045 seconds.
  path: Assets/Simple Garage/Textures/ah_dx17_conc_clean.png
  artifactKey: Guid(0a025b97ccdb32b46b9dbeba0e20b88e) Importer(815301076,1909f56bfc062723c751e8b465ee728b)
Start importing Assets/Simple Garage/Textures/ah_dx17_conc_clean.png using Guid(0a025b97ccdb32b46b9dbeba0e20b88e) Importer(815301076,1909f56bfc062723c751e8b465ee728b)  -> (artifact id: '1bf6765db01eda1f78a1c11b1eafa9d2') in 0.006469 seconds 
========================================================================
Received Import Request.
  Time since last request: 0.000039 seconds.
  path: Assets/Simple Garage/Textures/Carpet albedo.png
  artifactKey: Guid(9f016cfac9eabb142933f7be87bc3d1e) Importer(815301076,1909f56bfc062723c751e8b465ee728b)
Start importing Assets/Simple Garage/Textures/Carpet albedo.png using Guid(9f016cfac9eabb142933f7be87bc3d1e) Importer(815301076,1909f56bfc062723c751e8b465ee728b)  -> (artifact id: 'd46ef8e03e228bcdaf2176caf4a8dd33') in 0.004446 seconds 
========================================================================
Received Import Request.
  Time since last request: 0.000047 seconds.
  path: Assets/Simple Garage/Textures/Wood.003 albedo.png
  artifactKey: Guid(cbf2a1c8852acb548b915cda33d5bdb5) Importer(815301076,1909f56bfc062723c751e8b465ee728b)
Start importing Assets/Simple Garage/Textures/Wood.003 albedo.png using Guid(cbf2a1c8852acb548b915cda33d5bdb5) Importer(815301076,1909f56bfc062723c751e8b465ee728b)  -> (artifact id: '3887f31a06e8043d05785cf4c903ad97') in 0.005596 seconds 
========================================================================
Received Import Request.
  Time since last request: 0.000037 seconds.
  path: Assets/Simple Garage/Textures/Wood062_2K_Color.png
  artifactKey: Guid(7ed853eb7e8a9c9499df5adbf81ca0bc) Importer(815301076,1909f56bfc062723c751e8b465ee728b)
Start importing Assets/Simple Garage/Textures/Wood062_2K_Color.png using Guid(7ed853eb7e8a9c9499df5adbf81ca0bc) Importer(815301076,1909f56bfc062723c751e8b465ee728b)  -> (artifact id: 'cc4420d9bbcefed03b2b91217b475c3c') in 0.007582 seconds 
========================================================================
Received Import Request.
  Time since last request: 0.000048 seconds.
  path: Assets/Simple Garage/Textures/radialspec.png
  artifactKey: Guid(d44d8b4576d5ff34f94d9f019ed95898) Importer(815301076,1909f56bfc062723c751e8b465ee728b)
Start importing Assets/Simple Garage/Textures/radialspec.png using Guid(d44d8b4576d5ff34f94d9f019ed95898) Importer(815301076,1909f56bfc062723c751e8b465ee728b)  -> (artifact id: 'e5ffed24c48cbcee63f65c27895133d3') in 0.006228 seconds 
========================================================================
Received Import Request.
  Time since last request: 0.000037 seconds.
  path: Assets/Simple Garage/Textures/Exterior_Exterior_pbr_diffuse.png
  artifactKey: Guid(fe29145816a7ddf43b20b846e2ee670b) Importer(815301076,1909f56bfc062723c751e8b465ee728b)
Start importing Assets/Simple Garage/Textures/Exterior_Exterior_pbr_diffuse.png using Guid(fe29145816a7ddf43b20b846e2ee670b) Importer(815301076,1909f56bfc062723c751e8b465ee728b)  -> (artifact id: '78abde5cca346785374cd1fbfae789f1') in 0.008718 seconds 
========================================================================
Received Import Request.
  Time since last request: 0.000044 seconds.
  path: Assets/Simple Garage/Textures/2K-false_ceiling_roughness.png
  artifactKey: Guid(a97c31b855888cf46b5ac18a602e4bf6) Importer(815301076,1909f56bfc062723c751e8b465ee728b)
Start importing Assets/Simple Garage/Textures/2K-false_ceiling_roughness.png using Guid(a97c31b855888cf46b5ac18a602e4bf6) Importer(815301076,1909f56bfc062723c751e8b465ee728b)  -> (artifact id: '98f02fb14541d64fe75af1b162f96c09') in 0.006881 seconds 
========================================================================
Received Import Request.
  Time since last request: 0.000045 seconds.
  path: Assets/Simple Garage/Textures/worn_metal4_Roughness.png
  artifactKey: Guid(a982b623844870943abb867e6ffa05d4) Importer(815301076,1909f56bfc062723c751e8b465ee728b)
Start importing Assets/Simple Garage/Textures/worn_metal4_Roughness.png using Guid(a982b623844870943abb867e6ffa05d4) Importer(815301076,1909f56bfc062723c751e8b465ee728b)  -> (artifact id: '2456415a8d6a8c4135fca5b3b9115b69') in 0.006140 seconds 
========================================================================
Received Import Request.
  Time since last request: 0.000077 seconds.
  path: Assets/Simple Garage/Textures/Small stool albedo.png
  artifactKey: Guid(c0a9ab617620b634ca9efd88cd0f8bb1) Importer(815301076,1909f56bfc062723c751e8b465ee728b)
Start importing Assets/Simple Garage/Textures/Small stool albedo.png using Guid(c0a9ab617620b634ca9efd88cd0f8bb1) Importer(815301076,1909f56bfc062723c751e8b465ee728b)  -> (artifact id: '7208b4d1788adf107a2b53040dda0fd7') in 0.004794 seconds 
========================================================================
Received Import Request.
  Time since last request: 1.925577 seconds.
  path: Assets/Simple Garage/Models/Small stool.fbx
  artifactKey: Guid(e78370bd94200a34792132460e850825) Importer(815301076,1909f56bfc062723c751e8b465ee728b)
Start importing Assets/Simple Garage/Models/Small stool.fbx using Guid(e78370bd94200a34792132460e850825) Importer(815301076,1909f56bfc062723c751e8b465ee728b)  -> (artifact id: '6d743f2530189ca9c09fd6acc1ac2d08') in 0.476489 seconds 
========================================================================
Received Prepare
Refreshing native plugins compatible for Editor in 4.93 ms, found 3 plugins.
Preloading 0 native plugins for Editor in 0.00 ms.
Unloading 24 Unused Serialized files (Serialized files now loaded: 0)
Unloading 29 unused Assets / (26.7 KB). Loaded Objects now: 5071.
Memory consumption went from 167.9 MB to 167.8 MB.
Total: 4.379125 ms (FindLiveObjects: 0.183541 ms CreateObjectMapping: 0.063083 ms MarkObjects: 4.099625 ms  DeleteObjects: 0.032708 ms)

AssetImportParameters requested are different than current active one (requested -> active):
  custom:video-decoder-ogg-theora: a1e56fd34408186e4bbccfd4996cb3dc -> 
  custom:container-muxer-webm: aa71ff27fc2769a1b78a27578f13a17b -> 
  custom:container-demuxer-webm: 4f35f7cbe854078d1ac9338744f61a02 -> 
  custom:video-encoder-webm-vp8: eb34c28f22e8b96e1ab97ce403110664 -> 
  custom:framework-osx-AVFoundation: e770b220cccbd017edd2c1fefb359320 -> 
  custom:CustomObjectIndexerAttribute: bc11b3a6c3213fcdd17b65e7da85e133 -> 
  custom:audio-encoder-webm-vorbis: bf7c407c2cedff20999df2af8eb42d56 -> 
  custom:container-demuxer-ogg: 62fdf1f143b41e24485cea50d1cbac27 -> 
  custom:video-decoder-webm-vp8: 9c59270c3fd7afecdb556c50c9e8de78 -> 
  custom:audio-decoder-ogg-vorbis: bf7c407c2cedff20999df2af8eb42d56 -> 
